[0.035s] Invoking command in '/home/marceli/tb3_ws/src/build/turtlebot3_node': AMENT_PREFIX_PATH=/home/marceli/tb3_ws/src/install/turtlebot3_msgs:/home/marceli/tb3_ws/src/install/dynamixel_sdk:${AMENT_PREFIX_PATH} CMAKE_PREFIX_PATH=/home/marceli/tb3_ws/src/install/turtlebot3_msgs:/home/marceli/tb3_ws/src/install/dynamixel_sdk:/opt/ros/humble LD_LIBRARY_PATH=/home/marceli/tb3_ws/src/install/turtlebot3_msgs/lib:/home/marceli/tb3_ws/src/install/dynamixel_sdk/lib:${LD_LIBRARY_PATH} PYTHONPATH=/home/marceli/tb3_ws/src/install/turtlebot3_msgs/local/lib/python3.10/dist-packages:${PYTHONPATH} /usr/bin/cmake --build /home/marceli/tb3_ws/src/build/turtlebot3_node -- -j4 -l4
[0.153s] [35m[1mConsolidate compiler generated dependencies of target turtlebot3_node_lib[0m
[0.215s] [ 85%] Built target turtlebot3_node_lib
[0.240s] [35m[1mConsolidate compiler generated dependencies of target turtlebot3_ros[0m
[0.268s] [100%] Built target turtlebot3_ros
[0.659s] Invoked command in '/home/marceli/tb3_ws/src/build/turtlebot3_node' returned '0': AMENT_PREFIX_PATH=/home/marceli/tb3_ws/src/install/turtlebot3_msgs:/home/marceli/tb3_ws/src/install/dynamixel_sdk:${AMENT_PREFIX_PATH} CMAKE_PREFIX_PATH=/home/marceli/tb3_ws/src/install/turtlebot3_msgs:/home/marceli/tb3_ws/src/install/dynamixel_sdk:/opt/ros/humble LD_LIBRARY_PATH=/home/marceli/tb3_ws/src/install/turtlebot3_msgs/lib:/home/marceli/tb3_ws/src/install/dynamixel_sdk/lib:${LD_LIBRARY_PATH} PYTHONPATH=/home/marceli/tb3_ws/src/install/turtlebot3_msgs/local/lib/python3.10/dist-packages:${PYTHONPATH} /usr/bin/cmake --build /home/marceli/tb3_ws/src/build/turtlebot3_node -- -j4 -l4
[0.747s] Invoking command in '/home/marceli/tb3_ws/src/build/turtlebot3_node': AMENT_PREFIX_PATH=/home/marceli/tb3_ws/src/install/turtlebot3_msgs:/home/marceli/tb3_ws/src/install/dynamixel_sdk:${AMENT_PREFIX_PATH} CMAKE_PREFIX_PATH=/home/marceli/tb3_ws/src/install/turtlebot3_msgs:/home/marceli/tb3_ws/src/install/dynamixel_sdk:/opt/ros/humble LD_LIBRARY_PATH=/home/marceli/tb3_ws/src/install/turtlebot3_msgs/lib:/home/marceli/tb3_ws/src/install/dynamixel_sdk/lib:${LD_LIBRARY_PATH} PYTHONPATH=/home/marceli/tb3_ws/src/install/turtlebot3_msgs/local/lib/python3.10/dist-packages:${PYTHONPATH} /usr/bin/cmake --install /home/marceli/tb3_ws/src/build/turtlebot3_node
[0.758s] -- Install configuration: ""
[0.759s] -- Execute custom install script
[0.759s] -- Up-to-date symlink: /home/marceli/tb3_ws/src/install/turtlebot3_node/share/turtlebot3_node/param/burger.yaml
[0.760s] -- Up-to-date symlink: /home/marceli/tb3_ws/src/install/turtlebot3_node/share/turtlebot3_node/param/waffle.yaml
[0.760s] -- Up-to-date symlink: /home/marceli/tb3_ws/src/install/turtlebot3_node/share/turtlebot3_node/param/waffle_pi.yaml
[0.760s] -- Up-to-date symlink: /home/marceli/tb3_ws/src/install/turtlebot3_node/lib/turtlebot3_node/turtlebot3_ros
[0.761s] -- Up-to-date symlink: /home/marceli/tb3_ws/src/install/turtlebot3_node/share/ament_index/resource_index/package_run_dependencies/turtlebot3_node
[0.761s] -- Up-to-date symlink: /home/marceli/tb3_ws/src/install/turtlebot3_node/share/ament_index/resource_index/parent_prefix_path/turtlebot3_node
[0.762s] -- Up-to-date symlink: /home/marceli/tb3_ws/src/install/turtlebot3_node/share/turtlebot3_node/environment/ament_prefix_path.sh
[0.762s] -- Up-to-date symlink: /home/marceli/tb3_ws/src/install/turtlebot3_node/share/turtlebot3_node/environment/ament_prefix_path.dsv
[0.762s] -- Up-to-date symlink: /home/marceli/tb3_ws/src/install/turtlebot3_node/share/turtlebot3_node/environment/path.sh
[0.763s] -- Up-to-date symlink: /home/marceli/tb3_ws/src/install/turtlebot3_node/share/turtlebot3_node/environment/path.dsv
[0.763s] -- Up-to-date symlink: /home/marceli/tb3_ws/src/install/turtlebot3_node/share/turtlebot3_node/local_setup.bash
[0.763s] -- Up-to-date symlink: /home/marceli/tb3_ws/src/install/turtlebot3_node/share/turtlebot3_node/local_setup.sh
[0.764s] -- Up-to-date symlink: /home/marceli/tb3_ws/src/install/turtlebot3_node/share/turtlebot3_node/local_setup.zsh
[0.764s] -- Up-to-date symlink: /home/marceli/tb3_ws/src/install/turtlebot3_node/share/turtlebot3_node/local_setup.dsv
[0.764s] -- Symlinking: /home/marceli/tb3_ws/src/install/turtlebot3_node/share/turtlebot3_node/package.dsv
[0.777s] -- Up-to-date symlink: /home/marceli/tb3_ws/src/install/turtlebot3_node/share/ament_index/resource_index/packages/turtlebot3_node
[0.777s] -- Up-to-date symlink: /home/marceli/tb3_ws/src/install/turtlebot3_node/share/turtlebot3_node/cmake/ament_cmake_export_include_directories-extras.cmake
[0.777s] -- Up-to-date symlink: /home/marceli/tb3_ws/src/install/turtlebot3_node/share/turtlebot3_node/cmake/turtlebot3_nodeConfig.cmake
[0.778s] -- Up-to-date symlink: /home/marceli/tb3_ws/src/install/turtlebot3_node/share/turtlebot3_node/cmake/turtlebot3_nodeConfig-version.cmake
[0.778s] -- Up-to-date symlink: /home/marceli/tb3_ws/src/install/turtlebot3_node/share/turtlebot3_node/package.xml
[0.781s] Invoked command in '/home/marceli/tb3_ws/src/build/turtlebot3_node' returned '0': AMENT_PREFIX_PATH=/home/marceli/tb3_ws/src/install/turtlebot3_msgs:/home/marceli/tb3_ws/src/install/dynamixel_sdk:${AMENT_PREFIX_PATH} CMAKE_PREFIX_PATH=/home/marceli/tb3_ws/src/install/turtlebot3_msgs:/home/marceli/tb3_ws/src/install/dynamixel_sdk:/opt/ros/humble LD_LIBRARY_PATH=/home/marceli/tb3_ws/src/install/turtlebot3_msgs/lib:/home/marceli/tb3_ws/src/install/dynamixel_sdk/lib:${LD_LIBRARY_PATH} PYTHONPATH=/home/marceli/tb3_ws/src/install/turtlebot3_msgs/local/lib/python3.10/dist-packages:${PYTHONPATH} /usr/bin/cmake --install /home/marceli/tb3_ws/src/build/turtlebot3_node
