[0.022s] Invoking command in '/home/marceli/tb3_ws/src/build/turtlebot3_gazebo': CMAKE_PREFIX_PATH=/opt/ros/humble /usr/bin/cmake --build /home/marceli/tb3_ws/src/build/turtlebot3_gazebo -- -j4 -l4
[0.099s] -- Found ament_cmake: 1.3.5 (/opt/ros/humble/share/ament_cmake/cmake)
[0.482s] -- Override CMake install command with custom implementation using symlinks instead of copying resources
[0.504s] [33mCMake Warning (dev) at /usr/share/cmake-3.22/Modules/FindPackageHandleStandardArgs.cmake:438 (message):
[0.504s]   The package name passed to `find_package_handle_standard_args` (PkgConfig)
[0.504s]   does not match the name of the calling package (gazebo).  This can lead to
[0.504s]   problems in calling code that expects `find_package` result variables
[0.504s]   (e.g., `_FOUND`) to follow a certain pattern.
[0.504s] Call Stack (most recent call first):
[0.504s]   /usr/share/cmake-3.22/Modules/FindPkgConfig.cmake:99 (find_package_handle_standard_args)
[0.504s]   /usr/lib/x86_64-linux-gnu/cmake/gazebo/gazebo-config.cmake:72 (include)
[0.505s]   CMakeLists.txt:23 (find_package)
[0.505s] This warning is for project developers.  Use -Wno-dev to suppress it.
[0.505s] [0m
[0.573s] -- Found DART: /usr/include (Required is at least version "6.6") found components: dart 
[0.624s] -- Found Protobuf: /usr/lib/x86_64-linux-gnu/libprotobuf.so (found version "3.12.4") 
[0.626s] -- Looking for ignition-math6 -- found version 6.12.0
[0.634s] -- Searching for dependencies of ignition-math6
[0.636s] -- Looking for OGRE...
[0.645s] -- Found Ogre Ghadamon (1.9.0)
[0.645s] -- Found OGRE: optimized;/usr/lib/x86_64-linux-gnu/libOgreMain.so;debug;/usr/lib/x86_64-linux-gnu/libOgreMain.so
[0.661s] -- Looking for OGRE_Paging...
[0.661s] -- Found OGRE_Paging: optimized;/usr/lib/x86_64-linux-gnu/libOgrePaging.so;debug;/usr/lib/x86_64-linux-gnu/libOgrePaging.so
[0.662s] -- Looking for OGRE_Terrain...
[0.662s] -- Found OGRE_Terrain: optimized;/usr/lib/x86_64-linux-gnu/libOgreTerrain.so;debug;/usr/lib/x86_64-linux-gnu/libOgreTerrain.so
[0.662s] -- Looking for OGRE_Property...
[0.662s] -- Found OGRE_Property: optimized;/usr/lib/x86_64-linux-gnu/libOgreProperty.so;debug;/usr/lib/x86_64-linux-gnu/libOgreProperty.so
[0.662s] -- Looking for OGRE_RTShaderSystem...
[0.663s] -- Found OGRE_RTShaderSystem: optimized;/usr/lib/x86_64-linux-gnu/libOgreRTShaderSystem.so;debug;/usr/lib/x86_64-linux-gnu/libOgreRTShaderSystem.so
[0.663s] -- Looking for OGRE_Volume...
[0.663s] -- Found OGRE_Volume: optimized;/usr/lib/x86_64-linux-gnu/libOgreVolume.so;debug;/usr/lib/x86_64-linux-gnu/libOgreVolume.so
[0.663s] -- Looking for OGRE_Overlay...
[0.663s] -- Found OGRE_Overlay: optimized;/usr/lib/x86_64-linux-gnu/libOgreOverlay.so;debug;/usr/lib/x86_64-linux-gnu/libOgreOverlay.so
[0.873s] -- Looking for ignition-math6 -- found version 6.12.0
[0.874s] -- Looking for ignition-transport8 -- found version 8.2.1
[0.875s] -- Searching for dependencies of ignition-transport8
[0.906s] -- Found Protobuf: /usr/lib/x86_64-linux-gnu/libprotobuf.so (found suitable version "3.12.4", minimum required is "3") 
[0.925s] -- Config-file not installed for ZeroMQ -- checking for pkg-config
[0.933s] -- Checking for module 'libzmq >= 4'
[0.952s] --   Found libzmq , version 4.3.4
[1.021s] -- Checking for module 'uuid'
[1.040s] --   Found uuid, version 2.37.2
[1.107s] -- Looking for ignition-msgs5 -- found version 5.8.1
[1.109s] -- Searching for dependencies of ignition-msgs5
[1.154s] -- Looking for ignition-math6 -- found version 6.12.0
[1.166s] -- Checking for module 'tinyxml2'
[1.200s] --   Found tinyxml2, version 9.0.0
[1.273s] -- Looking for ignition-msgs5 -- found version 5.8.1
[1.274s] -- Looking for ignition-common3 -- found version 3.14.0
[1.276s] -- Searching for dependencies of ignition-common3
[1.276s] -- Looking for dlfcn.h - found
[1.277s] -- Looking for libdl - found
[1.306s] -- Searching for <ignition-common3> component [graphics]
[1.307s] -- Looking for ignition-common3-graphics -- found version 3.14.0
[1.308s] -- Searching for dependencies of ignition-common3-graphics
[1.309s] -- Looking for ignition-math6 -- found version 6.12.0
[1.315s] -- Looking for ignition-fuel_tools4 -- found version 4.4.0
[1.316s] -- Searching for dependencies of ignition-fuel_tools4
[1.423s] -- Checking for module 'jsoncpp'
[1.444s] --   Found jsoncpp, version 1.9.5
[1.521s] -- Checking for module 'libzip'
[1.541s] --   Found libzip, version 1.7.3
[1.618s] -- Looking for ignition-common3 -- found version 3.14.0
[1.619s] -- Looking for ignition-math6 -- found version 6.12.0
[1.620s] -- Looking for ignition-msgs5 -- found version 5.8.1
[1.625s] -- Found gazebo_ros_pkgs: 3.7.0 (/opt/ros/humble/share/gazebo_ros_pkgs/cmake)
[1.626s] -- Found geometry_msgs: 4.2.3 (/opt/ros/humble/share/geometry_msgs/cmake)
[1.685s] -- Found rosidl_generator_c: 3.1.4 (/opt/ros/humble/share/rosidl_generator_c/cmake)
[1.699s] -- Found rosidl_adapter: 3.1.4 (/opt/ros/humble/share/rosidl_adapter/cmake)
[1.720s] -- Found rosidl_generator_cpp: 3.1.4 (/opt/ros/humble/share/rosidl_generator_cpp/cmake)
[1.741s] -- Using all available rosidl_typesupport_c: rosidl_typesupport_fastrtps_c;rosidl_typesupport_introspection_c
[1.769s] -- Using all available rosidl_typesupport_cpp: rosidl_typesupport_fastrtps_cpp;rosidl_typesupport_introspection_cpp
[2.031s] -- Found nav_msgs: 4.2.3 (/opt/ros/humble/share/nav_msgs/cmake)
[2.205s] -- Found rclcpp: 16.0.4 (/opt/ros/humble/share/rclcpp/cmake)
[2.319s] -- Found rmw_implementation_cmake: 6.1.1 (/opt/ros/humble/share/rmw_implementation_cmake/cmake)
[2.323s] -- Found rmw_cyclonedds_cpp: 1.3.4 (/opt/ros/humble/share/rmw_cyclonedds_cpp/cmake)
[2.393s] -- Using RMW implementation 'rmw_cyclonedds_cpp' as default
[2.658s] -- Found sensor_msgs: 4.2.3 (/opt/ros/humble/share/sensor_msgs/cmake)
[2.835s] -- Found tf2: 0.25.2 (/opt/ros/humble/share/tf2/cmake)
[3.045s] -- Configuring done
[3.108s] -- Generating done
[3.109s] -- Build files have been written to: /home/marceli/tb3_ws/src/build/turtlebot3_gazebo
[3.181s] [35m[1mConsolidate compiler generated dependencies of target obstacle1[0m
[3.181s] [35m[1mConsolidate compiler generated dependencies of target turtlebot3_drive[0m
[3.219s] [35m[1mConsolidate compiler generated dependencies of target obstacles[0m
[3.220s] [35m[1mConsolidate compiler generated dependencies of target obstacle2[0m
[3.241s] [ 25%] Built target turtlebot3_drive
[3.273s] [ 50%] Built target obstacle1
[3.295s] [ 75%] Built target obstacles
[3.327s] [100%] Built target obstacle2
[3.348s] Invoked command in '/home/marceli/tb3_ws/src/build/turtlebot3_gazebo' returned '0': CMAKE_PREFIX_PATH=/opt/ros/humble /usr/bin/cmake --build /home/marceli/tb3_ws/src/build/turtlebot3_gazebo -- -j4 -l4
[3.435s] Invoking command in '/home/marceli/tb3_ws/src/build/turtlebot3_gazebo': CMAKE_PREFIX_PATH=/opt/ros/humble /usr/bin/cmake --install /home/marceli/tb3_ws/src/build/turtlebot3_gazebo
[3.470s] -- Install configuration: ""
[3.470s] -- Execute custom install script
[3.473s] [33mCMake Warning (dev) at ament_cmake_symlink_install/ament_cmake_symlink_install.cmake:62 (file):
[3.474s]   Policy CMP0009 is not set: FILE GLOB_RECURSE calls should not follow
[3.474s]   symlinks by default.  Run "cmake --help-policy CMP0009" for policy details.
[3.474s]   Use the cmake_policy command to set the policy and suppress this warning.
[3.475s] Call Stack (most recent call first):
[3.475s]   ament_cmake_symlink_install/ament_cmake_symlink_install.cmake:317 (ament_cmake_symlink_install_directory)
[3.475s]   cmake_install.cmake:46 (include)
[3.475s] This warning is for project developers.  Use -Wno-dev to suppress it.
[3.475s] [0m
[3.475s] -- Up-to-date symlink: /home/marceli/tb3_ws/src/install/turtlebot3_gazebo/lib/turtlebot3_gazebo/turtlebot3_drive
[3.476s] -- Up-to-date symlink: /home/marceli/tb3_ws/src/install/turtlebot3_gazebo/share/turtlebot3_gazebo//launch/build/.built_by
[3.476s] -- Up-to-date symlink: /home/marceli/tb3_ws/src/install/turtlebot3_gazebo/share/turtlebot3_gazebo//launch/build/COLCON_IGNORE
[3.477s] -- Up-to-date symlink: /home/marceli/tb3_ws/src/install/turtlebot3_gazebo/share/turtlebot3_gazebo//launch/empty_world.launch.py
[3.477s] -- Up-to-date symlink: /home/marceli/tb3_ws/src/install/turtlebot3_gazebo/share/turtlebot3_gazebo//launch/install/.colcon_install_layout
[3.477s] -- Up-to-date symlink: /home/marceli/tb3_ws/src/install/turtlebot3_gazebo/share/turtlebot3_gazebo//launch/install/COLCON_IGNORE
[3.477s] -- Up-to-date symlink: /home/marceli/tb3_ws/src/install/turtlebot3_gazebo/share/turtlebot3_gazebo//launch/install/_local_setup_util_ps1.py
[3.478s] -- Up-to-date symlink: /home/marceli/tb3_ws/src/install/turtlebot3_gazebo/share/turtlebot3_gazebo//launch/install/_local_setup_util_sh.py
[3.478s] -- Up-to-date symlink: /home/marceli/tb3_ws/src/install/turtlebot3_gazebo/share/turtlebot3_gazebo//launch/install/local_setup.bash
[3.478s] -- Up-to-date symlink: /home/marceli/tb3_ws/src/install/turtlebot3_gazebo/share/turtlebot3_gazebo//launch/install/local_setup.ps1
[3.479s] -- Up-to-date symlink: /home/marceli/tb3_ws/src/install/turtlebot3_gazebo/share/turtlebot3_gazebo//launch/install/local_setup.sh
[3.480s] -- Up-to-date symlink: /home/marceli/tb3_ws/src/install/turtlebot3_gazebo/share/turtlebot3_gazebo//launch/install/local_setup.zsh
[3.481s] -- Up-to-date symlink: /home/marceli/tb3_ws/src/install/turtlebot3_gazebo/share/turtlebot3_gazebo//launch/install/setup.bash
[3.483s] -- Up-to-date symlink: /home/marceli/tb3_ws/src/install/turtlebot3_gazebo/share/turtlebot3_gazebo//launch/install/setup.ps1
[3.484s] -- Up-to-date symlink: /home/marceli/tb3_ws/src/install/turtlebot3_gazebo/share/turtlebot3_gazebo//launch/install/setup.sh
[3.485s] -- Up-to-date symlink: /home/marceli/tb3_ws/src/install/turtlebot3_gazebo/share/turtlebot3_gazebo//launch/install/setup.zsh
[3.485s] -- Up-to-date symlink: /home/marceli/tb3_ws/src/install/turtlebot3_gazebo/share/turtlebot3_gazebo//launch/log/COLCON_IGNORE
[3.487s] -- Up-to-date symlink: /home/marceli/tb3_ws/src/install/turtlebot3_gazebo/share/turtlebot3_gazebo//launch/log/build_2023-07-11_16-40-51/events.log
[3.488s] -- Up-to-date symlink: /home/marceli/tb3_ws/src/install/turtlebot3_gazebo/share/turtlebot3_gazebo//launch/log/build_2023-07-11_16-40-51/logger_all.log
[3.489s] -- Up-to-date symlink: /home/marceli/tb3_ws/src/install/turtlebot3_gazebo/share/turtlebot3_gazebo//launch/log/latest/events.log
[3.491s] -- Up-to-date symlink: /home/marceli/tb3_ws/src/install/turtlebot3_gazebo/share/turtlebot3_gazebo//launch/log/latest/logger_all.log
[3.491s] -- Up-to-date symlink: /home/marceli/tb3_ws/src/install/turtlebot3_gazebo/share/turtlebot3_gazebo//launch/log/latest_build/events.log
[3.492s] -- Up-to-date symlink: /home/marceli/tb3_ws/src/install/turtlebot3_gazebo/share/turtlebot3_gazebo//launch/log/latest_build/logger_all.log
[3.492s] -- Up-to-date symlink: /home/marceli/tb3_ws/src/install/turtlebot3_gazebo/share/turtlebot3_gazebo//launch/my_world.launch.py
[3.492s] -- Up-to-date symlink: /home/marceli/tb3_ws/src/install/turtlebot3_gazebo/share/turtlebot3_gazebo//launch/robot_state_publisher.launch.py
[3.494s] -- Up-to-date symlink: /home/marceli/tb3_ws/src/install/turtlebot3_gazebo/share/turtlebot3_gazebo//launch/spawn_turtlebot3.launch.py
[3.495s] -- Up-to-date symlink: /home/marceli/tb3_ws/src/install/turtlebot3_gazebo/share/turtlebot3_gazebo//launch/turtlebot3_dqn_stage1.launch.py
[3.496s] -- Up-to-date symlink: /home/marceli/tb3_ws/src/install/turtlebot3_gazebo/share/turtlebot3_gazebo//launch/turtlebot3_dqn_stage2.launch.py
[3.497s] -- Up-to-date symlink: /home/marceli/tb3_ws/src/install/turtlebot3_gazebo/share/turtlebot3_gazebo//launch/turtlebot3_dqn_stage3.launch.py
[3.498s] -- Up-to-date symlink: /home/marceli/tb3_ws/src/install/turtlebot3_gazebo/share/turtlebot3_gazebo//launch/turtlebot3_dqn_stage4.launch.py
[3.499s] -- Up-to-date symlink: /home/marceli/tb3_ws/src/install/turtlebot3_gazebo/share/turtlebot3_gazebo//launch/turtlebot3_house.launch.py
[3.502s] -- Up-to-date symlink: /home/marceli/tb3_ws/src/install/turtlebot3_gazebo/share/turtlebot3_gazebo//launch/turtlebot3_world.launch.py
[3.502s] -- Up-to-date symlink: /home/marceli/tb3_ws/src/install/turtlebot3_gazebo/share/turtlebot3_gazebo//models/my_world/model.config
[3.502s] -- Up-to-date symlink: /home/marceli/tb3_ws/src/install/turtlebot3_gazebo/share/turtlebot3_gazebo//models/my_world/model.sdf
[3.505s] -- Up-to-date symlink: /home/marceli/tb3_ws/src/install/turtlebot3_gazebo/share/turtlebot3_gazebo//models/turtlebot3_burger/model-1_4.sdf
[3.507s] -- Up-to-date symlink: /home/marceli/tb3_ws/src/install/turtlebot3_gazebo/share/turtlebot3_gazebo//models/turtlebot3_burger/model.config
[3.509s] -- Up-to-date symlink: /home/marceli/tb3_ws/src/install/turtlebot3_gazebo/share/turtlebot3_gazebo//models/turtlebot3_burger/model.sdf
[3.518s] -- Up-to-date symlink: /home/marceli/tb3_ws/src/install/turtlebot3_gazebo/share/turtlebot3_gazebo//models/turtlebot3_common/meshes/burger_base.dae
[3.518s] -- Up-to-date symlink: /home/marceli/tb3_ws/src/install/turtlebot3_gazebo/share/turtlebot3_gazebo//models/turtlebot3_common/meshes/lds.dae
[3.518s] -- Up-to-date symlink: /home/marceli/tb3_ws/src/install/turtlebot3_gazebo/share/turtlebot3_gazebo//models/turtlebot3_common/meshes/r200.dae
[3.518s] -- Up-to-date symlink: /home/marceli/tb3_ws/src/install/turtlebot3_gazebo/share/turtlebot3_gazebo//models/turtlebot3_common/meshes/tire.dae
[3.519s] -- Up-to-date symlink: /home/marceli/tb3_ws/src/install/turtlebot3_gazebo/share/turtlebot3_gazebo//models/turtlebot3_common/meshes/waffle_base.dae
[3.519s] -- Up-to-date symlink: /home/marceli/tb3_ws/src/install/turtlebot3_gazebo/share/turtlebot3_gazebo//models/turtlebot3_common/meshes/waffle_pi_base.dae
[3.519s] -- Up-to-date symlink: /home/marceli/tb3_ws/src/install/turtlebot3_gazebo/share/turtlebot3_gazebo//models/turtlebot3_common/model.config
[3.520s] -- Up-to-date symlink: /home/marceli/tb3_ws/src/install/turtlebot3_gazebo/share/turtlebot3_gazebo//models/turtlebot3_dqn_world/goal_box/model.config
[3.520s] -- Up-to-date symlink: /home/marceli/tb3_ws/src/install/turtlebot3_gazebo/share/turtlebot3_gazebo//models/turtlebot3_dqn_world/goal_box/model.sdf
[3.521s] -- Up-to-date symlink: /home/marceli/tb3_ws/src/install/turtlebot3_gazebo/share/turtlebot3_gazebo//models/turtlebot3_dqn_world/inner_walls/model.config
[3.521s] -- Up-to-date symlink: /home/marceli/tb3_ws/src/install/turtlebot3_gazebo/share/turtlebot3_gazebo//models/turtlebot3_dqn_world/inner_walls/model.sdf
[3.522s] -- Up-to-date symlink: /home/marceli/tb3_ws/src/install/turtlebot3_gazebo/share/turtlebot3_gazebo//models/turtlebot3_dqn_world/model.config
[3.522s] -- Up-to-date symlink: /home/marceli/tb3_ws/src/install/turtlebot3_gazebo/share/turtlebot3_gazebo//models/turtlebot3_dqn_world/model.sdf
[3.522s] -- Up-to-date symlink: /home/marceli/tb3_ws/src/install/turtlebot3_gazebo/share/turtlebot3_gazebo//models/turtlebot3_dqn_world/obstacle1/model.config
[3.522s] -- Up-to-date symlink: /home/marceli/tb3_ws/src/install/turtlebot3_gazebo/share/turtlebot3_gazebo//models/turtlebot3_dqn_world/obstacle1/model.sdf
[3.523s] -- Up-to-date symlink: /home/marceli/tb3_ws/src/install/turtlebot3_gazebo/share/turtlebot3_gazebo//models/turtlebot3_dqn_world/obstacle2/model.config
[3.523s] -- Up-to-date symlink: /home/marceli/tb3_ws/src/install/turtlebot3_gazebo/share/turtlebot3_gazebo//models/turtlebot3_dqn_world/obstacle2/model.sdf
[3.523s] -- Up-to-date symlink: /home/marceli/tb3_ws/src/install/turtlebot3_gazebo/share/turtlebot3_gazebo//models/turtlebot3_dqn_world/obstacle_plugin/CMakeLists.txt
[3.523s] -- Up-to-date symlink: /home/marceli/tb3_ws/src/install/turtlebot3_gazebo/share/turtlebot3_gazebo//models/turtlebot3_dqn_world/obstacle_plugin/obstacle1.cc
[3.523s] -- Up-to-date symlink: /home/marceli/tb3_ws/src/install/turtlebot3_gazebo/share/turtlebot3_gazebo//models/turtlebot3_dqn_world/obstacle_plugin/obstacle2.cc
[3.523s] -- Up-to-date symlink: /home/marceli/tb3_ws/src/install/turtlebot3_gazebo/share/turtlebot3_gazebo//models/turtlebot3_dqn_world/obstacle_plugin/obstacles.cc
[3.524s] -- Up-to-date symlink: /home/marceli/tb3_ws/src/install/turtlebot3_gazebo/share/turtlebot3_gazebo//models/turtlebot3_dqn_world/obstacles/model.config
[3.524s] -- Up-to-date symlink: /home/marceli/tb3_ws/src/install/turtlebot3_gazebo/share/turtlebot3_gazebo//models/turtlebot3_dqn_world/obstacles/model.sdf
[3.524s] -- Up-to-date symlink: /home/marceli/tb3_ws/src/install/turtlebot3_gazebo/share/turtlebot3_gazebo//models/turtlebot3_house/model.config
[3.524s] -- Up-to-date symlink: /home/marceli/tb3_ws/src/install/turtlebot3_gazebo/share/turtlebot3_gazebo//models/turtlebot3_house/model.sdf
[3.524s] -- Up-to-date symlink: /home/marceli/tb3_ws/src/install/turtlebot3_gazebo/share/turtlebot3_gazebo//models/turtlebot3_waffle/model-1_4.sdf
[3.533s] -- Up-to-date symlink: /home/marceli/tb3_ws/src/install/turtlebot3_gazebo/share/turtlebot3_gazebo//models/turtlebot3_waffle/model.config
[3.533s] -- Up-to-date symlink: /home/marceli/tb3_ws/src/install/turtlebot3_gazebo/share/turtlebot3_gazebo//models/turtlebot3_waffle/model.sdf
[3.533s] -- Up-to-date symlink: /home/marceli/tb3_ws/src/install/turtlebot3_gazebo/share/turtlebot3_gazebo//models/turtlebot3_waffle_pi/model-1_4_.sdf
[3.533s] -- Up-to-date symlink: /home/marceli/tb3_ws/src/install/turtlebot3_gazebo/share/turtlebot3_gazebo//models/turtlebot3_waffle_pi/model.config
[3.534s] -- Up-to-date symlink: /home/marceli/tb3_ws/src/install/turtlebot3_gazebo/share/turtlebot3_gazebo//models/turtlebot3_waffle_pi/model.sdf
[3.534s] -- Up-to-date symlink: /home/marceli/tb3_ws/src/install/turtlebot3_gazebo/share/turtlebot3_gazebo//models/turtlebot3_world/meshes/hexagon.dae
[3.534s] -- Up-to-date symlink: /home/marceli/tb3_ws/src/install/turtlebot3_gazebo/share/turtlebot3_gazebo//models/turtlebot3_world/meshes/wall.dae
[3.534s] -- Up-to-date symlink: /home/marceli/tb3_ws/src/install/turtlebot3_gazebo/share/turtlebot3_gazebo//models/turtlebot3_world/model-1_4.sdf
[3.535s] -- Up-to-date symlink: /home/marceli/tb3_ws/src/install/turtlebot3_gazebo/share/turtlebot3_gazebo//models/turtlebot3_world/model.config
[3.535s] -- Up-to-date symlink: /home/marceli/tb3_ws/src/install/turtlebot3_gazebo/share/turtlebot3_gazebo//models/turtlebot3_world/model.sdf
[3.535s] -- Up-to-date symlink: /home/marceli/tb3_ws/src/install/turtlebot3_gazebo/share/turtlebot3_gazebo//rviz/tb3_gazebo.rviz
[3.535s] -- Up-to-date symlink: /home/marceli/tb3_ws/src/install/turtlebot3_gazebo/share/turtlebot3_gazebo//urdf/common_properties.urdf
[3.536s] -- Up-to-date symlink: /home/marceli/tb3_ws/src/install/turtlebot3_gazebo/share/turtlebot3_gazebo//urdf/turtlebot3_burger.urdf
[3.536s] -- Up-to-date symlink: /home/marceli/tb3_ws/src/install/turtlebot3_gazebo/share/turtlebot3_gazebo//urdf/turtlebot3_waffle.urdf
[3.536s] -- Up-to-date symlink: /home/marceli/tb3_ws/src/install/turtlebot3_gazebo/share/turtlebot3_gazebo//urdf/turtlebot3_waffle_pi.urdf
[3.536s] -- Up-to-date symlink: /home/marceli/tb3_ws/src/install/turtlebot3_gazebo/share/turtlebot3_gazebo//worlds/empty_world.world
[3.536s] -- Up-to-date symlink: /home/marceli/tb3_ws/src/install/turtlebot3_gazebo/share/turtlebot3_gazebo//worlds/my_world.world
[3.537s] -- Up-to-date symlink: /home/marceli/tb3_ws/src/install/turtlebot3_gazebo/share/turtlebot3_gazebo//worlds/turtlebot3_dqn_stage1.world
[3.537s] -- Up-to-date symlink: /home/marceli/tb3_ws/src/install/turtlebot3_gazebo/share/turtlebot3_gazebo//worlds/turtlebot3_dqn_stage2.world
[3.537s] -- Up-to-date symlink: /home/marceli/tb3_ws/src/install/turtlebot3_gazebo/share/turtlebot3_gazebo//worlds/turtlebot3_dqn_stage3.world
[3.537s] -- Up-to-date symlink: /home/marceli/tb3_ws/src/install/turtlebot3_gazebo/share/turtlebot3_gazebo//worlds/turtlebot3_dqn_stage4.world
[3.537s] -- Up-to-date symlink: /home/marceli/tb3_ws/src/install/turtlebot3_gazebo/share/turtlebot3_gazebo//worlds/turtlebot3_house.world
[3.538s] -- Up-to-date symlink: /home/marceli/tb3_ws/src/install/turtlebot3_gazebo/share/turtlebot3_gazebo//worlds/turtlebot3_world.world
[3.538s] -- Up-to-date symlink: /home/marceli/tb3_ws/src/install/turtlebot3_gazebo/include//turtlebot3_gazebo/turtlebot3_drive.hpp
[3.540s] [33mCMake Warning (dev) at ament_cmake_symlink_install/ament_cmake_symlink_install.cmake:62 (file):
[3.540s]   Policy CMP0009 is not set: FILE GLOB_RECURSE calls should not follow
[3.541s]   symlinks by default.  Run "cmake --help-policy CMP0009" for policy details.
[3.541s]   Use the cmake_policy command to set the policy and suppress this warning.
[3.541s] Call Stack (most recent call first):
[3.541s]   ament_cmake_symlink_install/ament_cmake_symlink_install.cmake:323 (ament_cmake_symlink_install_directory)
[3.541s]   cmake_install.cmake:46 (include)
[3.542s] This warning is for project developers.  Use -Wno-dev to suppress it.
[3.542s] [0m
[3.547s] -- Up-to-date symlink: /home/marceli/tb3_ws/src/install/turtlebot3_gazebo/share/turtlebot3_gazebo//launch/build/.built_by
[3.547s] -- Up-to-date symlink: /home/marceli/tb3_ws/src/install/turtlebot3_gazebo/share/turtlebot3_gazebo//launch/build/COLCON_IGNORE
[3.548s] -- Up-to-date symlink: /home/marceli/tb3_ws/src/install/turtlebot3_gazebo/share/turtlebot3_gazebo//launch/empty_world.launch.py
[3.549s] -- Up-to-date symlink: /home/marceli/tb3_ws/src/install/turtlebot3_gazebo/share/turtlebot3_gazebo//launch/install/.colcon_install_layout
[3.550s] -- Up-to-date symlink: /home/marceli/tb3_ws/src/install/turtlebot3_gazebo/share/turtlebot3_gazebo//launch/install/COLCON_IGNORE
[3.551s] -- Up-to-date symlink: /home/marceli/tb3_ws/src/install/turtlebot3_gazebo/share/turtlebot3_gazebo//launch/install/_local_setup_util_ps1.py
[3.551s] -- Up-to-date symlink: /home/marceli/tb3_ws/src/install/turtlebot3_gazebo/share/turtlebot3_gazebo//launch/install/_local_setup_util_sh.py
[3.551s] -- Up-to-date symlink: /home/marceli/tb3_ws/src/install/turtlebot3_gazebo/share/turtlebot3_gazebo//launch/install/local_setup.bash
[3.552s] -- Up-to-date symlink: /home/marceli/tb3_ws/src/install/turtlebot3_gazebo/share/turtlebot3_gazebo//launch/install/local_setup.ps1
[3.552s] -- Up-to-date symlink: /home/marceli/tb3_ws/src/install/turtlebot3_gazebo/share/turtlebot3_gazebo//launch/install/local_setup.sh
[3.552s] -- Up-to-date symlink: /home/marceli/tb3_ws/src/install/turtlebot3_gazebo/share/turtlebot3_gazebo//launch/install/local_setup.zsh
[3.552s] -- Up-to-date symlink: /home/marceli/tb3_ws/src/install/turtlebot3_gazebo/share/turtlebot3_gazebo//launch/install/setup.bash
[3.553s] -- Up-to-date symlink: /home/marceli/tb3_ws/src/install/turtlebot3_gazebo/share/turtlebot3_gazebo//launch/install/setup.ps1
[3.553s] -- Up-to-date symlink: /home/marceli/tb3_ws/src/install/turtlebot3_gazebo/share/turtlebot3_gazebo//launch/install/setup.sh
[3.553s] -- Up-to-date symlink: /home/marceli/tb3_ws/src/install/turtlebot3_gazebo/share/turtlebot3_gazebo//launch/install/setup.zsh
[3.553s] -- Up-to-date symlink: /home/marceli/tb3_ws/src/install/turtlebot3_gazebo/share/turtlebot3_gazebo//launch/log/COLCON_IGNORE
[3.554s] -- Up-to-date symlink: /home/marceli/tb3_ws/src/install/turtlebot3_gazebo/share/turtlebot3_gazebo//launch/log/build_2023-07-11_16-40-51/events.log
[3.554s] -- Up-to-date symlink: /home/marceli/tb3_ws/src/install/turtlebot3_gazebo/share/turtlebot3_gazebo//launch/log/build_2023-07-11_16-40-51/logger_all.log
[3.554s] -- Up-to-date symlink: /home/marceli/tb3_ws/src/install/turtlebot3_gazebo/share/turtlebot3_gazebo//launch/log/latest/events.log
[3.555s] -- Up-to-date symlink: /home/marceli/tb3_ws/src/install/turtlebot3_gazebo/share/turtlebot3_gazebo//launch/log/latest/logger_all.log
[3.555s] -- Up-to-date symlink: /home/marceli/tb3_ws/src/install/turtlebot3_gazebo/share/turtlebot3_gazebo//launch/log/latest_build/events.log
[3.555s] -- Up-to-date symlink: /home/marceli/tb3_ws/src/install/turtlebot3_gazebo/share/turtlebot3_gazebo//launch/log/latest_build/logger_all.log
[3.555s] -- Up-to-date symlink: /home/marceli/tb3_ws/src/install/turtlebot3_gazebo/share/turtlebot3_gazebo//launch/my_world.launch.py
[3.556s] -- Up-to-date symlink: /home/marceli/tb3_ws/src/install/turtlebot3_gazebo/share/turtlebot3_gazebo//launch/robot_state_publisher.launch.py
[3.556s] -- Up-to-date symlink: /home/marceli/tb3_ws/src/install/turtlebot3_gazebo/share/turtlebot3_gazebo//launch/spawn_turtlebot3.launch.py
[3.556s] -- Up-to-date symlink: /home/marceli/tb3_ws/src/install/turtlebot3_gazebo/share/turtlebot3_gazebo//launch/turtlebot3_dqn_stage1.launch.py
[3.556s] -- Up-to-date symlink: /home/marceli/tb3_ws/src/install/turtlebot3_gazebo/share/turtlebot3_gazebo//launch/turtlebot3_dqn_stage2.launch.py
[3.557s] -- Up-to-date symlink: /home/marceli/tb3_ws/src/install/turtlebot3_gazebo/share/turtlebot3_gazebo//launch/turtlebot3_dqn_stage3.launch.py
[3.557s] -- Up-to-date symlink: /home/marceli/tb3_ws/src/install/turtlebot3_gazebo/share/turtlebot3_gazebo//launch/turtlebot3_dqn_stage4.launch.py
[3.557s] -- Up-to-date symlink: /home/marceli/tb3_ws/src/install/turtlebot3_gazebo/share/turtlebot3_gazebo//launch/turtlebot3_house.launch.py
[3.558s] -- Up-to-date symlink: /home/marceli/tb3_ws/src/install/turtlebot3_gazebo/share/turtlebot3_gazebo//launch/turtlebot3_world.launch.py
[3.559s] -- Up-to-date symlink: /home/marceli/tb3_ws/src/install/turtlebot3_gazebo/share/ament_index/resource_index/package_run_dependencies/turtlebot3_gazebo
[3.559s] -- Up-to-date symlink: /home/marceli/tb3_ws/src/install/turtlebot3_gazebo/share/ament_index/resource_index/parent_prefix_path/turtlebot3_gazebo
[3.560s] -- Up-to-date symlink: /home/marceli/tb3_ws/src/install/turtlebot3_gazebo/share/turtlebot3_gazebo/environment/ament_prefix_path.sh
[3.566s] -- Up-to-date symlink: /home/marceli/tb3_ws/src/install/turtlebot3_gazebo/share/turtlebot3_gazebo/environment/ament_prefix_path.dsv
[3.567s] -- Up-to-date symlink: /home/marceli/tb3_ws/src/install/turtlebot3_gazebo/share/turtlebot3_gazebo/environment/path.sh
[3.567s] -- Up-to-date symlink: /home/marceli/tb3_ws/src/install/turtlebot3_gazebo/share/turtlebot3_gazebo/environment/path.dsv
[3.567s] -- Up-to-date symlink: /home/marceli/tb3_ws/src/install/turtlebot3_gazebo/share/turtlebot3_gazebo/local_setup.bash
[3.567s] -- Up-to-date symlink: /home/marceli/tb3_ws/src/install/turtlebot3_gazebo/share/turtlebot3_gazebo/local_setup.sh
[3.573s] -- Up-to-date symlink: /home/marceli/tb3_ws/src/install/turtlebot3_gazebo/share/turtlebot3_gazebo/local_setup.zsh
[3.573s] -- Up-to-date symlink: /home/marceli/tb3_ws/src/install/turtlebot3_gazebo/share/turtlebot3_gazebo/local_setup.dsv
[3.573s] -- Symlinking: /home/marceli/tb3_ws/src/install/turtlebot3_gazebo/share/turtlebot3_gazebo/package.dsv
[3.608s] -- Up-to-date symlink: /home/marceli/tb3_ws/src/install/turtlebot3_gazebo/share/ament_index/resource_index/packages/turtlebot3_gazebo
[3.610s] -- Up-to-date symlink: /home/marceli/tb3_ws/src/install/turtlebot3_gazebo/share/turtlebot3_gazebo/cmake/ament_cmake_export_include_directories-extras.cmake
[3.610s] -- Up-to-date symlink: /home/marceli/tb3_ws/src/install/turtlebot3_gazebo/share/turtlebot3_gazebo/cmake/ament_cmake_export_dependencies-extras.cmake
[3.617s] -- Up-to-date symlink: /home/marceli/tb3_ws/src/install/turtlebot3_gazebo/share/turtlebot3_gazebo/cmake/turtlebot3_gazeboConfig.cmake
[3.617s] -- Up-to-date symlink: /home/marceli/tb3_ws/src/install/turtlebot3_gazebo/share/turtlebot3_gazebo/cmake/turtlebot3_gazeboConfig-version.cmake
[3.617s] -- Up-to-date symlink: /home/marceli/tb3_ws/src/install/turtlebot3_gazebo/share/turtlebot3_gazebo/package.xml
[3.618s] Invoked command in '/home/marceli/tb3_ws/src/build/turtlebot3_gazebo' returned '0': CMAKE_PREFIX_PATH=/opt/ros/humble /usr/bin/cmake --install /home/marceli/tb3_ws/src/build/turtlebot3_gazebo
