[4.296s] Invoking command in '/home/marceli/tb3_ws/build/turtlebot3_teleop': PYTHONPATH=/home/marceli/tb3_ws/build/turtlebot3_teleop/prefix_override:/home/marceli/tb3_ws/install/turtlebot3_teleop/lib/python3.10/site-packages:${PYTHONPATH} /usr/bin/python3 setup.py develop --editable --build-directory /home/marceli/tb3_ws/build/turtlebot3_teleop/build --no-deps install_data
[5.822s] running develop
[5.826s] /usr/lib/python3/dist-packages/setuptools/command/easy_install.py:158: EasyInstallDeprecationWarning: easy_install command is deprecated. Use build and pip and other standards-based tools.
[5.826s]   warnings.warn(
[5.842s] /usr/lib/python3/dist-packages/setuptools/command/install.py:34: SetuptoolsDeprecationWarning: setup.py install is deprecated. Use build and pip and other standards-based tools.
[5.843s]   warnings.warn(
[6.159s] /usr/lib/python3/dist-packages/pkg_resources/__init__.py:116: PkgResourcesDeprecationWarning: 1.16.0-unknown is an invalid version and will not be supported in a future release
[6.160s]   warnings.warn(
[6.163s] /usr/lib/python3/dist-packages/pkg_resources/__init__.py:116: PkgResourcesDeprecationWarning: 0.1.43ubuntu1 is an invalid version and will not be supported in a future release
[6.163s]   warnings.warn(
[6.165s] /usr/lib/python3/dist-packages/pkg_resources/__init__.py:116: PkgResourcesDeprecationWarning: 1.1build1 is an invalid version and will not be supported in a future release
[6.165s]   warnings.warn(
[6.657s] running egg_info
[6.657s] creating turtlebot3_teleop.egg-info
[6.658s] writing turtlebot3_teleop.egg-info/PKG-INFO
[6.659s] writing dependency_links to turtlebot3_teleop.egg-info/dependency_links.txt
[6.659s] writing entry points to turtlebot3_teleop.egg-info/entry_points.txt
[6.660s] writing requirements to turtlebot3_teleop.egg-info/requires.txt
[6.660s] writing top-level names to turtlebot3_teleop.egg-info/top_level.txt
[6.661s] writing manifest file 'turtlebot3_teleop.egg-info/SOURCES.txt'
[6.661s] reading manifest file 'turtlebot3_teleop.egg-info/SOURCES.txt'
[6.662s] writing manifest file 'turtlebot3_teleop.egg-info/SOURCES.txt'
[6.686s] running build_ext
[6.687s] Creating /home/marceli/tb3_ws/install/turtlebot3_teleop/lib/python3.10/site-packages/turtlebot3-teleop.egg-link (link to .)
[6.687s] Installing teleop_keyboard script to /home/marceli/tb3_ws/install/turtlebot3_teleop/lib/turtlebot3_teleop
[6.689s] 
[6.689s] Installed /home/marceli/tb3_ws/build/turtlebot3_teleop
[6.690s] running install_data
[6.691s] creating /home/marceli/tb3_ws/install/turtlebot3_teleop/share/ament_index
[6.691s] creating /home/marceli/tb3_ws/install/turtlebot3_teleop/share/ament_index/resource_index
[6.692s] creating /home/marceli/tb3_ws/install/turtlebot3_teleop/share/ament_index/resource_index/packages
[6.693s] copying resource/turtlebot3_teleop -> /home/marceli/tb3_ws/install/turtlebot3_teleop/share/ament_index/resource_index/packages
[6.693s] copying package.xml -> /home/marceli/tb3_ws/install/turtlebot3_teleop/share/turtlebot3_teleop
[6.855s] Invoked command in '/home/marceli/tb3_ws/build/turtlebot3_teleop' returned '0': PYTHONPATH=/home/marceli/tb3_ws/build/turtlebot3_teleop/prefix_override:/home/marceli/tb3_ws/install/turtlebot3_teleop/lib/python3.10/site-packages:${PYTHONPATH} /usr/bin/python3 setup.py develop --editable --build-directory /home/marceli/tb3_ws/build/turtlebot3_teleop/build --no-deps install_data
