[0.051s] Invoking command in '/home/marceli/tb3_ws/src/build/turtlebot3': AMENT_PREFIX_PATH=/home/marceli/tb3_ws/src/install/turtlebot3_bringup:/home/marceli/tb3_ws/src/install/turtlebot3_node:/home/marceli/tb3_ws/src/install/turtlebot3_example:/home/marceli/tb3_ws/src/install/turtlebot3_teleop:/home/marceli/tb3_ws/src/install/turtlebot3_navigation2:/home/marceli/tb3_ws/src/install/turtlebot3_msgs:/home/marceli/tb3_ws/src/install/turtlebot3_description:/home/marceli/tb3_ws/src/install/turtlebot3_cartographer:/home/marceli/tb3_ws/src/install/hls_lfcd_lds_driver:/home/marceli/tb3_ws/src/install/dynamixel_sdk:${AMENT_PREFIX_PATH} CMAKE_PREFIX_PATH=/home/marceli/tb3_ws/src/install/turtlebot3_bringup:/home/marceli/tb3_ws/src/install/turtlebot3_node:/home/marceli/tb3_ws/src/install/turtlebot3_navigation2:/home/marceli/tb3_ws/src/install/turtlebot3_msgs:/home/marceli/tb3_ws/src/install/turtlebot3_description:/home/marceli/tb3_ws/src/install/turtlebot3_cartographer:/home/marceli/tb3_ws/src/install/hls_lfcd_lds_driver:/home/marceli/tb3_ws/src/install/dynamixel_sdk:/opt/ros/humble LD_LIBRARY_PATH=/home/marceli/tb3_ws/src/install/turtlebot3_msgs/lib:/home/marceli/tb3_ws/src/install/dynamixel_sdk/lib:${LD_LIBRARY_PATH} PYTHONPATH=/home/marceli/tb3_ws/src/build/turtlebot3_example:/home/marceli/tb3_ws/src/install/turtlebot3_example/lib/python3.10/site-packages:/home/marceli/tb3_ws/src/build/turtlebot3_teleop:/home/marceli/tb3_ws/src/install/turtlebot3_teleop/lib/python3.10/site-packages:/home/marceli/tb3_ws/src/install/turtlebot3_msgs/local/lib/python3.10/dist-packages:${PYTHONPATH} /usr/bin/cmake --build /home/marceli/tb3_ws/src/build/turtlebot3 -- -j4 -l4
[0.126s] Invoked command in '/home/marceli/tb3_ws/src/build/turtlebot3' returned '0': AMENT_PREFIX_PATH=/home/marceli/tb3_ws/src/install/turtlebot3_bringup:/home/marceli/tb3_ws/src/install/turtlebot3_node:/home/marceli/tb3_ws/src/install/turtlebot3_example:/home/marceli/tb3_ws/src/install/turtlebot3_teleop:/home/marceli/tb3_ws/src/install/turtlebot3_navigation2:/home/marceli/tb3_ws/src/install/turtlebot3_msgs:/home/marceli/tb3_ws/src/install/turtlebot3_description:/home/marceli/tb3_ws/src/install/turtlebot3_cartographer:/home/marceli/tb3_ws/src/install/hls_lfcd_lds_driver:/home/marceli/tb3_ws/src/install/dynamixel_sdk:${AMENT_PREFIX_PATH} CMAKE_PREFIX_PATH=/home/marceli/tb3_ws/src/install/turtlebot3_bringup:/home/marceli/tb3_ws/src/install/turtlebot3_node:/home/marceli/tb3_ws/src/install/turtlebot3_navigation2:/home/marceli/tb3_ws/src/install/turtlebot3_msgs:/home/marceli/tb3_ws/src/install/turtlebot3_description:/home/marceli/tb3_ws/src/install/turtlebot3_cartographer:/home/marceli/tb3_ws/src/install/hls_lfcd_lds_driver:/home/marceli/tb3_ws/src/install/dynamixel_sdk:/opt/ros/humble LD_LIBRARY_PATH=/home/marceli/tb3_ws/src/install/turtlebot3_msgs/lib:/home/marceli/tb3_ws/src/install/dynamixel_sdk/lib:${LD_LIBRARY_PATH} PYTHONPATH=/home/marceli/tb3_ws/src/build/turtlebot3_example:/home/marceli/tb3_ws/src/install/turtlebot3_example/lib/python3.10/site-packages:/home/marceli/tb3_ws/src/build/turtlebot3_teleop:/home/marceli/tb3_ws/src/install/turtlebot3_teleop/lib/python3.10/site-packages:/home/marceli/tb3_ws/src/install/turtlebot3_msgs/local/lib/python3.10/dist-packages:${PYTHONPATH} /usr/bin/cmake --build /home/marceli/tb3_ws/src/build/turtlebot3 -- -j4 -l4
[0.170s] Invoking command in '/home/marceli/tb3_ws/src/build/turtlebot3': AMENT_PREFIX_PATH=/home/marceli/tb3_ws/src/install/turtlebot3_bringup:/home/marceli/tb3_ws/src/install/turtlebot3_node:/home/marceli/tb3_ws/src/install/turtlebot3_example:/home/marceli/tb3_ws/src/install/turtlebot3_teleop:/home/marceli/tb3_ws/src/install/turtlebot3_navigation2:/home/marceli/tb3_ws/src/install/turtlebot3_msgs:/home/marceli/tb3_ws/src/install/turtlebot3_description:/home/marceli/tb3_ws/src/install/turtlebot3_cartographer:/home/marceli/tb3_ws/src/install/hls_lfcd_lds_driver:/home/marceli/tb3_ws/src/install/dynamixel_sdk:${AMENT_PREFIX_PATH} CMAKE_PREFIX_PATH=/home/marceli/tb3_ws/src/install/turtlebot3_bringup:/home/marceli/tb3_ws/src/install/turtlebot3_node:/home/marceli/tb3_ws/src/install/turtlebot3_navigation2:/home/marceli/tb3_ws/src/install/turtlebot3_msgs:/home/marceli/tb3_ws/src/install/turtlebot3_description:/home/marceli/tb3_ws/src/install/turtlebot3_cartographer:/home/marceli/tb3_ws/src/install/hls_lfcd_lds_driver:/home/marceli/tb3_ws/src/install/dynamixel_sdk:/opt/ros/humble LD_LIBRARY_PATH=/home/marceli/tb3_ws/src/install/turtlebot3_msgs/lib:/home/marceli/tb3_ws/src/install/dynamixel_sdk/lib:${LD_LIBRARY_PATH} PYTHONPATH=/home/marceli/tb3_ws/src/build/turtlebot3_example:/home/marceli/tb3_ws/src/install/turtlebot3_example/lib/python3.10/site-packages:/home/marceli/tb3_ws/src/build/turtlebot3_teleop:/home/marceli/tb3_ws/src/install/turtlebot3_teleop/lib/python3.10/site-packages:/home/marceli/tb3_ws/src/install/turtlebot3_msgs/local/lib/python3.10/dist-packages:${PYTHONPATH} /usr/bin/cmake --install /home/marceli/tb3_ws/src/build/turtlebot3
[0.184s] -- Install configuration: ""
[0.185s] -- Execute custom install script
[0.186s] -- Up-to-date symlink: /home/marceli/tb3_ws/src/install/turtlebot3/share/ament_index/resource_index/package_run_dependencies/turtlebot3
[0.186s] -- Up-to-date symlink: /home/marceli/tb3_ws/src/install/turtlebot3/share/ament_index/resource_index/parent_prefix_path/turtlebot3
[0.187s] -- Up-to-date symlink: /home/marceli/tb3_ws/src/install/turtlebot3/share/turtlebot3/environment/ament_prefix_path.sh
[0.188s] -- Up-to-date symlink: /home/marceli/tb3_ws/src/install/turtlebot3/share/turtlebot3/environment/ament_prefix_path.dsv
[0.188s] -- Up-to-date symlink: /home/marceli/tb3_ws/src/install/turtlebot3/share/turtlebot3/environment/path.sh
[0.189s] -- Up-to-date symlink: /home/marceli/tb3_ws/src/install/turtlebot3/share/turtlebot3/environment/path.dsv
[0.189s] -- Up-to-date symlink: /home/marceli/tb3_ws/src/install/turtlebot3/share/turtlebot3/local_setup.bash
[0.190s] -- Up-to-date symlink: /home/marceli/tb3_ws/src/install/turtlebot3/share/turtlebot3/local_setup.sh
[0.190s] -- Up-to-date symlink: /home/marceli/tb3_ws/src/install/turtlebot3/share/turtlebot3/local_setup.zsh
[0.191s] -- Up-to-date symlink: /home/marceli/tb3_ws/src/install/turtlebot3/share/turtlebot3/local_setup.dsv
[0.192s] -- Symlinking: /home/marceli/tb3_ws/src/install/turtlebot3/share/turtlebot3/package.dsv
[0.208s] -- Up-to-date symlink: /home/marceli/tb3_ws/src/install/turtlebot3/share/ament_index/resource_index/packages/turtlebot3
[0.209s] -- Up-to-date symlink: /home/marceli/tb3_ws/src/install/turtlebot3/share/turtlebot3/cmake/turtlebot3Config.cmake
[0.210s] -- Up-to-date symlink: /home/marceli/tb3_ws/src/install/turtlebot3/share/turtlebot3/cmake/turtlebot3Config-version.cmake
[0.212s] -- Up-to-date symlink: /home/marceli/tb3_ws/src/install/turtlebot3/share/turtlebot3/package.xml
[0.213s] [33mCMake Warning (dev) at ament_cmake_symlink_install/ament_cmake_symlink_install.cmake:62 (file):
[0.214s]   Policy CMP0009 is not set: FILE GLOB_RECURSE calls should not follow
[0.214s]   symlinks by default.  Run "cmake --help-policy CMP0009" for policy details.
[0.214s]   Use the cmake_policy command to set the policy and suppress this warning.
[0.214s] Call Stack (most recent call first):
[0.215s]   ament_cmake_symlink_install/ament_cmake_symlink_install.cmake:356 (ament_cmake_symlink_install_directory)
[0.215s]   cmake_install.cmake:46 (include)
[0.215s] This warning is for project developers.  Use -Wno-dev to suppress it.
[0.215s] [0m
[0.216s] -- Up-to-date symlink: /home/marceli/tb3_ws/src/install/turtlebot3/share/turtlebot3_gazebo/launch/build/.built_by
[0.216s] -- Up-to-date symlink: /home/marceli/tb3_ws/src/install/turtlebot3/share/turtlebot3_gazebo/launch/build/COLCON_IGNORE
[0.216s] -- Up-to-date symlink: /home/marceli/tb3_ws/src/install/turtlebot3/share/turtlebot3_gazebo/launch/empty_world.launch.py
[0.217s] -- Up-to-date symlink: /home/marceli/tb3_ws/src/install/turtlebot3/share/turtlebot3_gazebo/launch/install/.colcon_install_layout
[0.217s] -- Up-to-date symlink: /home/marceli/tb3_ws/src/install/turtlebot3/share/turtlebot3_gazebo/launch/install/COLCON_IGNORE
[0.217s] -- Up-to-date symlink: /home/marceli/tb3_ws/src/install/turtlebot3/share/turtlebot3_gazebo/launch/install/_local_setup_util_ps1.py
[0.218s] -- Up-to-date symlink: /home/marceli/tb3_ws/src/install/turtlebot3/share/turtlebot3_gazebo/launch/install/_local_setup_util_sh.py
[0.218s] -- Up-to-date symlink: /home/marceli/tb3_ws/src/install/turtlebot3/share/turtlebot3_gazebo/launch/install/local_setup.bash
[0.218s] -- Up-to-date symlink: /home/marceli/tb3_ws/src/install/turtlebot3/share/turtlebot3_gazebo/launch/install/local_setup.ps1
[0.219s] -- Up-to-date symlink: /home/marceli/tb3_ws/src/install/turtlebot3/share/turtlebot3_gazebo/launch/install/local_setup.sh
[0.219s] -- Up-to-date symlink: /home/marceli/tb3_ws/src/install/turtlebot3/share/turtlebot3_gazebo/launch/install/local_setup.zsh
[0.219s] -- Up-to-date symlink: /home/marceli/tb3_ws/src/install/turtlebot3/share/turtlebot3_gazebo/launch/install/setup.bash
[0.220s] -- Up-to-date symlink: /home/marceli/tb3_ws/src/install/turtlebot3/share/turtlebot3_gazebo/launch/install/setup.ps1
[0.220s] -- Up-to-date symlink: /home/marceli/tb3_ws/src/install/turtlebot3/share/turtlebot3_gazebo/launch/install/setup.sh
[0.221s] -- Up-to-date symlink: /home/marceli/tb3_ws/src/install/turtlebot3/share/turtlebot3_gazebo/launch/install/setup.zsh
[0.221s] -- Up-to-date symlink: /home/marceli/tb3_ws/src/install/turtlebot3/share/turtlebot3_gazebo/launch/log/COLCON_IGNORE
[0.222s] -- Up-to-date symlink: /home/marceli/tb3_ws/src/install/turtlebot3/share/turtlebot3_gazebo/launch/log/build_2023-07-11_16-40-51/events.log
[0.222s] -- Up-to-date symlink: /home/marceli/tb3_ws/src/install/turtlebot3/share/turtlebot3_gazebo/launch/log/build_2023-07-11_16-40-51/logger_all.log
[0.222s] -- Up-to-date symlink: /home/marceli/tb3_ws/src/install/turtlebot3/share/turtlebot3_gazebo/launch/log/latest/events.log
[0.223s] -- Up-to-date symlink: /home/marceli/tb3_ws/src/install/turtlebot3/share/turtlebot3_gazebo/launch/log/latest/logger_all.log
[0.223s] -- Up-to-date symlink: /home/marceli/tb3_ws/src/install/turtlebot3/share/turtlebot3_gazebo/launch/log/latest_build/events.log
[0.224s] -- Up-to-date symlink: /home/marceli/tb3_ws/src/install/turtlebot3/share/turtlebot3_gazebo/launch/log/latest_build/logger_all.log
[0.224s] -- Up-to-date symlink: /home/marceli/tb3_ws/src/install/turtlebot3/share/turtlebot3_gazebo/launch/my_world.launch.py
[0.225s] -- Up-to-date symlink: /home/marceli/tb3_ws/src/install/turtlebot3/share/turtlebot3_gazebo/launch/robot_state_publisher.launch.py
[0.225s] -- Up-to-date symlink: /home/marceli/tb3_ws/src/install/turtlebot3/share/turtlebot3_gazebo/launch/spawn_turtlebot3.launch.py
[0.225s] -- Up-to-date symlink: /home/marceli/tb3_ws/src/install/turtlebot3/share/turtlebot3_gazebo/launch/turtlebot3_dqn_stage1.launch.py
[0.225s] -- Up-to-date symlink: /home/marceli/tb3_ws/src/install/turtlebot3/share/turtlebot3_gazebo/launch/turtlebot3_dqn_stage2.launch.py
[0.226s] -- Up-to-date symlink: /home/marceli/tb3_ws/src/install/turtlebot3/share/turtlebot3_gazebo/launch/turtlebot3_dqn_stage3.launch.py
[0.226s] -- Up-to-date symlink: /home/marceli/tb3_ws/src/install/turtlebot3/share/turtlebot3_gazebo/launch/turtlebot3_dqn_stage4.launch.py
[0.226s] -- Up-to-date symlink: /home/marceli/tb3_ws/src/install/turtlebot3/share/turtlebot3_gazebo/launch/turtlebot3_house.launch.py
[0.226s] -- Up-to-date symlink: /home/marceli/tb3_ws/src/install/turtlebot3/share/turtlebot3_gazebo/launch/turtlebot3_world.launch.py
[0.238s] Invoked command in '/home/marceli/tb3_ws/src/build/turtlebot3' returned '0': AMENT_PREFIX_PATH=/home/marceli/tb3_ws/src/install/turtlebot3_bringup:/home/marceli/tb3_ws/src/install/turtlebot3_node:/home/marceli/tb3_ws/src/install/turtlebot3_example:/home/marceli/tb3_ws/src/install/turtlebot3_teleop:/home/marceli/tb3_ws/src/install/turtlebot3_navigation2:/home/marceli/tb3_ws/src/install/turtlebot3_msgs:/home/marceli/tb3_ws/src/install/turtlebot3_description:/home/marceli/tb3_ws/src/install/turtlebot3_cartographer:/home/marceli/tb3_ws/src/install/hls_lfcd_lds_driver:/home/marceli/tb3_ws/src/install/dynamixel_sdk:${AMENT_PREFIX_PATH} CMAKE_PREFIX_PATH=/home/marceli/tb3_ws/src/install/turtlebot3_bringup:/home/marceli/tb3_ws/src/install/turtlebot3_node:/home/marceli/tb3_ws/src/install/turtlebot3_navigation2:/home/marceli/tb3_ws/src/install/turtlebot3_msgs:/home/marceli/tb3_ws/src/install/turtlebot3_description:/home/marceli/tb3_ws/src/install/turtlebot3_cartographer:/home/marceli/tb3_ws/src/install/hls_lfcd_lds_driver:/home/marceli/tb3_ws/src/install/dynamixel_sdk:/opt/ros/humble LD_LIBRARY_PATH=/home/marceli/tb3_ws/src/install/turtlebot3_msgs/lib:/home/marceli/tb3_ws/src/install/dynamixel_sdk/lib:${LD_LIBRARY_PATH} PYTHONPATH=/home/marceli/tb3_ws/src/build/turtlebot3_example:/home/marceli/tb3_ws/src/install/turtlebot3_example/lib/python3.10/site-packages:/home/marceli/tb3_ws/src/build/turtlebot3_teleop:/home/marceli/tb3_ws/src/install/turtlebot3_teleop/lib/python3.10/site-packages:/home/marceli/tb3_ws/src/install/turtlebot3_msgs/local/lib/python3.10/dist-packages:${PYTHONPATH} /usr/bin/cmake --install /home/marceli/tb3_ws/src/build/turtlebot3
