[0.035s] Invoking command in '/home/marceli/tb3_ws/src/build/dynamixel_sdk': CMAKE_PREFIX_PATH=/opt/ros/humble /usr/bin/cmake /home/marceli/tb3_ws/src/utils/DynamixelSDK/dynamixel_sdk -DAMENT_CMAKE_SYMLINK_INSTALL=1 -DCMAKE_INSTALL_PREFIX=/home/marceli/tb3_ws/src/install/dynamixel_sdk
[0.115s] -- The C compiler identification is GNU 11.3.0
[0.201s] -- The CXX compiler identification is GNU 11.3.0
[0.213s] -- Detecting C compiler ABI info
[0.340s] -- Detecting C compiler ABI info - done
[0.351s] -- Check for working C compiler: /usr/bin/cc - skipped
[0.351s] -- Detecting C compile features
[0.352s] -- Detecting C compile features - done
[0.355s] -- Detecting CXX compiler ABI info
[0.512s] -- Detecting CXX compiler ABI info - done
[0.523s] -- Check for working CXX compiler: /usr/bin/c++ - skipped
[0.523s] -- Detecting CXX compile features
[0.523s] -- Detecting CXX compile features - done
[0.526s] -- Found ament_cmake: 1.3.5 (/opt/ros/humble/share/ament_cmake/cmake)
[0.776s] -- Found Python3: /usr/bin/python3.10 (found version "3.10.6") found components: Interpreter 
[0.864s] -- Override CMake install command with custom implementation using symlinks instead of copying resources
[0.991s] -- Configuring done
[1.001s] -- Generating done
[1.003s] -- Build files have been written to: /home/marceli/tb3_ws/src/build/dynamixel_sdk
[1.013s] Invoked command in '/home/marceli/tb3_ws/src/build/dynamixel_sdk' returned '0': CMAKE_PREFIX_PATH=/opt/ros/humble /usr/bin/cmake /home/marceli/tb3_ws/src/utils/DynamixelSDK/dynamixel_sdk -DAMENT_CMAKE_SYMLINK_INSTALL=1 -DCMAKE_INSTALL_PREFIX=/home/marceli/tb3_ws/src/install/dynamixel_sdk
[1.014s] Invoking command in '/home/marceli/tb3_ws/src/build/dynamixel_sdk': CMAKE_PREFIX_PATH=/opt/ros/humble /usr/bin/cmake --build /home/marceli/tb3_ws/src/build/dynamixel_sdk -- -j4 -l4
[1.081s] [ 10%] [32mBuilding CXX object CMakeFiles/dynamixel_sdk.dir/src/dynamixel_sdk/protocol1_packet_handler.cpp.o[0m
[1.089s] [ 20%] [32mBuilding CXX object CMakeFiles/dynamixel_sdk.dir/src/dynamixel_sdk/protocol2_packet_handler.cpp.o[0m
[1.090s] [ 30%] [32mBuilding CXX object CMakeFiles/dynamixel_sdk.dir/src/dynamixel_sdk/packet_handler.cpp.o[0m
[1.092s] [ 40%] [32mBuilding CXX object CMakeFiles/dynamixel_sdk.dir/src/dynamixel_sdk/group_sync_read.cpp.o[0m
[1.355s] [ 50%] [32mBuilding CXX object CMakeFiles/dynamixel_sdk.dir/src/dynamixel_sdk/group_sync_write.cpp.o[0m
[1.400s] [ 60%] [32mBuilding CXX object CMakeFiles/dynamixel_sdk.dir/src/dynamixel_sdk/group_bulk_read.cpp.o[0m
[1.490s] [ 70%] [32mBuilding CXX object CMakeFiles/dynamixel_sdk.dir/src/dynamixel_sdk/group_bulk_write.cpp.o[0m
[1.925s] [ 80%] [32mBuilding CXX object CMakeFiles/dynamixel_sdk.dir/src/dynamixel_sdk/port_handler.cpp.o[0m
[2.011s] [ 90%] [32mBuilding CXX object CMakeFiles/dynamixel_sdk.dir/src/dynamixel_sdk/port_handler_linux.cpp.o[0m
[2.414s] [100%] [32m[1mLinking CXX shared library libdynamixel_sdk.so[0m
[2.534s] [100%] Built target dynamixel_sdk
[2.554s] Invoked command in '/home/marceli/tb3_ws/src/build/dynamixel_sdk' returned '0': CMAKE_PREFIX_PATH=/opt/ros/humble /usr/bin/cmake --build /home/marceli/tb3_ws/src/build/dynamixel_sdk -- -j4 -l4
[2.609s] Invoking command in '/home/marceli/tb3_ws/src/build/dynamixel_sdk': CMAKE_PREFIX_PATH=/opt/ros/humble /usr/bin/cmake --install /home/marceli/tb3_ws/src/build/dynamixel_sdk
[2.617s] -- Install configuration: ""
[2.617s] -- Execute custom install script
[2.618s] -- Symlinking: /home/marceli/tb3_ws/src/install/dynamixel_sdk/include//dynamixel_sdk/dynamixel_sdk.h
[2.626s] -- Symlinking: /home/marceli/tb3_ws/src/install/dynamixel_sdk/include//dynamixel_sdk/group_bulk_read.h
[2.634s] -- Symlinking: /home/marceli/tb3_ws/src/install/dynamixel_sdk/include//dynamixel_sdk/group_bulk_write.h
[2.647s] -- Symlinking: /home/marceli/tb3_ws/src/install/dynamixel_sdk/include//dynamixel_sdk/group_sync_read.h
[2.657s] -- Symlinking: /home/marceli/tb3_ws/src/install/dynamixel_sdk/include//dynamixel_sdk/group_sync_write.h
[2.679s] -- Symlinking: /home/marceli/tb3_ws/src/install/dynamixel_sdk/include//dynamixel_sdk/packet_handler.h
[2.693s] -- Symlinking: /home/marceli/tb3_ws/src/install/dynamixel_sdk/include//dynamixel_sdk/port_handler.h
[2.702s] -- Symlinking: /home/marceli/tb3_ws/src/install/dynamixel_sdk/include//dynamixel_sdk/port_handler_arduino.h
[2.711s] -- Symlinking: /home/marceli/tb3_ws/src/install/dynamixel_sdk/include//dynamixel_sdk/port_handler_linux.h
[2.719s] -- Symlinking: /home/marceli/tb3_ws/src/install/dynamixel_sdk/include//dynamixel_sdk/port_handler_mac.h
[2.730s] -- Symlinking: /home/marceli/tb3_ws/src/install/dynamixel_sdk/include//dynamixel_sdk/port_handler_windows.h
[2.746s] -- Symlinking: /home/marceli/tb3_ws/src/install/dynamixel_sdk/include//dynamixel_sdk/protocol1_packet_handler.h
[2.757s] -- Symlinking: /home/marceli/tb3_ws/src/install/dynamixel_sdk/include//dynamixel_sdk/protocol2_packet_handler.h
[2.767s] -- Symlinking: /home/marceli/tb3_ws/src/install/dynamixel_sdk/lib/libdynamixel_sdk.so
[2.777s] -- Symlinking: /home/marceli/tb3_ws/src/install/dynamixel_sdk/share/dynamixel_sdk/environment/library_path.sh
[2.786s] -- Symlinking: /home/marceli/tb3_ws/src/install/dynamixel_sdk/share/dynamixel_sdk/environment/library_path.dsv
[2.798s] -- Symlinking: /home/marceli/tb3_ws/src/install/dynamixel_sdk/share/ament_index/resource_index/package_run_dependencies/dynamixel_sdk
[2.804s] -- Symlinking: /home/marceli/tb3_ws/src/install/dynamixel_sdk/share/ament_index/resource_index/parent_prefix_path/dynamixel_sdk
[2.816s] -- Symlinking: /home/marceli/tb3_ws/src/install/dynamixel_sdk/share/dynamixel_sdk/environment/ament_prefix_path.sh
[2.826s] -- Symlinking: /home/marceli/tb3_ws/src/install/dynamixel_sdk/share/dynamixel_sdk/environment/ament_prefix_path.dsv
[2.839s] -- Symlinking: /home/marceli/tb3_ws/src/install/dynamixel_sdk/share/dynamixel_sdk/environment/path.sh
[2.853s] -- Symlinking: /home/marceli/tb3_ws/src/install/dynamixel_sdk/share/dynamixel_sdk/environment/path.dsv
[2.867s] -- Symlinking: /home/marceli/tb3_ws/src/install/dynamixel_sdk/share/dynamixel_sdk/local_setup.bash
[2.876s] -- Symlinking: /home/marceli/tb3_ws/src/install/dynamixel_sdk/share/dynamixel_sdk/local_setup.sh
[2.888s] -- Symlinking: /home/marceli/tb3_ws/src/install/dynamixel_sdk/share/dynamixel_sdk/local_setup.zsh
[2.898s] -- Symlinking: /home/marceli/tb3_ws/src/install/dynamixel_sdk/share/dynamixel_sdk/local_setup.dsv
[2.916s] -- Symlinking: /home/marceli/tb3_ws/src/install/dynamixel_sdk/share/dynamixel_sdk/package.dsv
[2.917s] -- Symlinking: /home/marceli/tb3_ws/src/install/dynamixel_sdk/share/ament_index/resource_index/packages/dynamixel_sdk
[2.928s] -- Symlinking: /home/marceli/tb3_ws/src/install/dynamixel_sdk/share/dynamixel_sdk/cmake/ament_cmake_export_include_directories-extras.cmake
[2.946s] -- Symlinking: /home/marceli/tb3_ws/src/install/dynamixel_sdk/share/dynamixel_sdk/cmake/ament_cmake_export_libraries-extras.cmake
[2.956s] -- Symlinking: /home/marceli/tb3_ws/src/install/dynamixel_sdk/share/dynamixel_sdk/cmake/dynamixel_sdkConfig.cmake
[2.971s] -- Symlinking: /home/marceli/tb3_ws/src/install/dynamixel_sdk/share/dynamixel_sdk/cmake/dynamixel_sdkConfig-version.cmake
[2.981s] -- Symlinking: /home/marceli/tb3_ws/src/install/dynamixel_sdk/share/dynamixel_sdk/package.xml
[3.000s] Invoked command in '/home/marceli/tb3_ws/src/build/dynamixel_sdk' returned '0': CMAKE_PREFIX_PATH=/opt/ros/humble /usr/bin/cmake --install /home/marceli/tb3_ws/src/build/dynamixel_sdk
