[0.036s] Invoking command in '/home/marceli/tb3_ws/src/build/turtlebot3_navigation2': CMAKE_PREFIX_PATH=/opt/ros/humble /usr/bin/cmake --build /home/marceli/tb3_ws/src/build/turtlebot3_navigation2 -- -j4 -l4
[0.148s] Invoked command in '/home/marceli/tb3_ws/src/build/turtlebot3_navigation2' returned '0': CMAKE_PREFIX_PATH=/opt/ros/humble /usr/bin/cmake --build /home/marceli/tb3_ws/src/build/turtlebot3_navigation2 -- -j4 -l4
[0.185s] Invoking command in '/home/marceli/tb3_ws/src/build/turtlebot3_navigation2': CMAKE_PREFIX_PATH=/opt/ros/humble /usr/bin/cmake --install /home/marceli/tb3_ws/src/build/turtlebot3_navigation2
[0.197s] -- Install configuration: ""
[0.198s] -- Execute custom install script
[0.198s] -- Up-to-date symlink: /home/marceli/tb3_ws/src/install/turtlebot3_navigation2/share/turtlebot3_navigation2/launch/navigation2.launch.py
[0.199s] -- Up-to-date symlink: /home/marceli/tb3_ws/src/install/turtlebot3_navigation2/share/turtlebot3_navigation2/map/map.pgm
[0.199s] -- Up-to-date symlink: /home/marceli/tb3_ws/src/install/turtlebot3_navigation2/share/turtlebot3_navigation2/map/map.yaml
[0.200s] -- Up-to-date symlink: /home/marceli/tb3_ws/src/install/turtlebot3_navigation2/share/turtlebot3_navigation2/param/burger.yaml
[0.200s] -- Up-to-date symlink: /home/marceli/tb3_ws/src/install/turtlebot3_navigation2/share/turtlebot3_navigation2/param/waffle.yaml
[0.201s] -- Up-to-date symlink: /home/marceli/tb3_ws/src/install/turtlebot3_navigation2/share/turtlebot3_navigation2/param/waffle_pi.yaml
[0.201s] -- Up-to-date symlink: /home/marceli/tb3_ws/src/install/turtlebot3_navigation2/share/turtlebot3_navigation2/rviz/tb3_navigation2.rviz
[0.201s] -- Up-to-date symlink: /home/marceli/tb3_ws/src/install/turtlebot3_navigation2/share/ament_index/resource_index/package_run_dependencies/turtlebot3_navigation2
[0.202s] -- Up-to-date symlink: /home/marceli/tb3_ws/src/install/turtlebot3_navigation2/share/ament_index/resource_index/parent_prefix_path/turtlebot3_navigation2
[0.202s] -- Up-to-date symlink: /home/marceli/tb3_ws/src/install/turtlebot3_navigation2/share/turtlebot3_navigation2/environment/ament_prefix_path.sh
[0.203s] -- Up-to-date symlink: /home/marceli/tb3_ws/src/install/turtlebot3_navigation2/share/turtlebot3_navigation2/environment/ament_prefix_path.dsv
[0.203s] -- Up-to-date symlink: /home/marceli/tb3_ws/src/install/turtlebot3_navigation2/share/turtlebot3_navigation2/environment/path.sh
[0.203s] -- Up-to-date symlink: /home/marceli/tb3_ws/src/install/turtlebot3_navigation2/share/turtlebot3_navigation2/environment/path.dsv
[0.204s] -- Up-to-date symlink: /home/marceli/tb3_ws/src/install/turtlebot3_navigation2/share/turtlebot3_navigation2/local_setup.bash
[0.204s] -- Up-to-date symlink: /home/marceli/tb3_ws/src/install/turtlebot3_navigation2/share/turtlebot3_navigation2/local_setup.sh
[0.205s] -- Up-to-date symlink: /home/marceli/tb3_ws/src/install/turtlebot3_navigation2/share/turtlebot3_navigation2/local_setup.zsh
[0.205s] -- Up-to-date symlink: /home/marceli/tb3_ws/src/install/turtlebot3_navigation2/share/turtlebot3_navigation2/local_setup.dsv
[0.205s] -- Symlinking: /home/marceli/tb3_ws/src/install/turtlebot3_navigation2/share/turtlebot3_navigation2/package.dsv
[0.223s] -- Up-to-date symlink: /home/marceli/tb3_ws/src/install/turtlebot3_navigation2/share/ament_index/resource_index/packages/turtlebot3_navigation2
[0.224s] -- Up-to-date symlink: /home/marceli/tb3_ws/src/install/turtlebot3_navigation2/share/turtlebot3_navigation2/cmake/turtlebot3_navigation2Config.cmake
[0.224s] -- Up-to-date symlink: /home/marceli/tb3_ws/src/install/turtlebot3_navigation2/share/turtlebot3_navigation2/cmake/turtlebot3_navigation2Config-version.cmake
[0.224s] -- Up-to-date symlink: /home/marceli/tb3_ws/src/install/turtlebot3_navigation2/share/turtlebot3_navigation2/package.xml
[0.233s] Invoked command in '/home/marceli/tb3_ws/src/build/turtlebot3_navigation2' returned '0': CMAKE_PREFIX_PATH=/opt/ros/humble /usr/bin/cmake --install /home/marceli/tb3_ws/src/build/turtlebot3_navigation2
