[0.047s] Invoking command in '/home/marceli/tb3_ws/build/turtlebot3_bringup': AMENT_PREFIX_PATH=/home/marceli/tb3_ws/install/turtlebot3_node:/home/marceli/tb3_ws/install/turtlebot3_msgs:/home/marceli/tb3_ws/install/turtlebot3_description:/home/marceli/tb3_ws/install/hls_lfcd_lds_driver:/home/marceli/tb3_ws/install/dynamixel_sdk:${AMENT_PREFIX_PATH} CMAKE_PREFIX_PATH=/home/marceli/tb3_ws/install/turtlebot3_node:/home/marceli/tb3_ws/install/turtlebot3_msgs:/home/marceli/tb3_ws/install/turtlebot3_description:/home/marceli/tb3_ws/install/hls_lfcd_lds_driver:/home/marceli/tb3_ws/install/dynamixel_sdk:/opt/ros/humble LD_LIBRARY_PATH=/home/marceli/tb3_ws/install/turtlebot3_msgs/lib:/home/marceli/tb3_ws/install/dynamixel_sdk/lib:${LD_LIBRARY_PATH} PYTHONPATH=/home/marceli/tb3_ws/install/turtlebot3_msgs/local/lib/python3.10/dist-packages:${PYTHONPATH} /usr/bin/cmake /home/marceli/tb3_ws/src/turtlebot3/turtlebot3/turtlebot3_bringup -DAMENT_CMAKE_SYMLINK_INSTALL=1 -DCMAKE_INSTALL_PREFIX=/home/marceli/tb3_ws/install/turtlebot3_bringup
[0.253s] -- The C compiler identification is GNU 11.3.0
[0.545s] -- The CXX compiler identification is GNU 11.3.0
[0.579s] -- Detecting C compiler ABI info
[0.906s] -- Detecting C compiler ABI info - done
[0.942s] -- Check for working C compiler: /usr/bin/cc - skipped
[0.948s] -- Detecting C compile features
[0.949s] -- Detecting C compile features - done
[0.961s] -- Detecting CXX compiler ABI info
[1.354s] -- Detecting CXX compiler ABI info - done
[1.396s] -- Check for working CXX compiler: /usr/bin/c++ - skipped
[1.400s] -- Detecting CXX compile features
[1.401s] -- Detecting CXX compile features - done
[1.426s] -- Found ament_cmake: 1.3.5 (/opt/ros/humble/share/ament_cmake/cmake)
[2.355s] -- Found Python3: /usr/bin/python3.10 (found version "3.10.6") found components: Interpreter 
[2.539s] -- Override CMake install command with custom implementation using symlinks instead of copying resources
[2.802s] -- Configuring done
[2.810s] -- Generating done
[2.814s] -- Build files have been written to: /home/marceli/tb3_ws/build/turtlebot3_bringup
[2.827s] Invoked command in '/home/marceli/tb3_ws/build/turtlebot3_bringup' returned '0': AMENT_PREFIX_PATH=/home/marceli/tb3_ws/install/turtlebot3_node:/home/marceli/tb3_ws/install/turtlebot3_msgs:/home/marceli/tb3_ws/install/turtlebot3_description:/home/marceli/tb3_ws/install/hls_lfcd_lds_driver:/home/marceli/tb3_ws/install/dynamixel_sdk:${AMENT_PREFIX_PATH} CMAKE_PREFIX_PATH=/home/marceli/tb3_ws/install/turtlebot3_node:/home/marceli/tb3_ws/install/turtlebot3_msgs:/home/marceli/tb3_ws/install/turtlebot3_description:/home/marceli/tb3_ws/install/hls_lfcd_lds_driver:/home/marceli/tb3_ws/install/dynamixel_sdk:/opt/ros/humble LD_LIBRARY_PATH=/home/marceli/tb3_ws/install/turtlebot3_msgs/lib:/home/marceli/tb3_ws/install/dynamixel_sdk/lib:${LD_LIBRARY_PATH} PYTHONPATH=/home/marceli/tb3_ws/install/turtlebot3_msgs/local/lib/python3.10/dist-packages:${PYTHONPATH} /usr/bin/cmake /home/marceli/tb3_ws/src/turtlebot3/turtlebot3/turtlebot3_bringup -DAMENT_CMAKE_SYMLINK_INSTALL=1 -DCMAKE_INSTALL_PREFIX=/home/marceli/tb3_ws/install/turtlebot3_bringup
[2.831s] Invoking command in '/home/marceli/tb3_ws/build/turtlebot3_bringup': AMENT_PREFIX_PATH=/home/marceli/tb3_ws/install/turtlebot3_node:/home/marceli/tb3_ws/install/turtlebot3_msgs:/home/marceli/tb3_ws/install/turtlebot3_description:/home/marceli/tb3_ws/install/hls_lfcd_lds_driver:/home/marceli/tb3_ws/install/dynamixel_sdk:${AMENT_PREFIX_PATH} CMAKE_PREFIX_PATH=/home/marceli/tb3_ws/install/turtlebot3_node:/home/marceli/tb3_ws/install/turtlebot3_msgs:/home/marceli/tb3_ws/install/turtlebot3_description:/home/marceli/tb3_ws/install/hls_lfcd_lds_driver:/home/marceli/tb3_ws/install/dynamixel_sdk:/opt/ros/humble LD_LIBRARY_PATH=/home/marceli/tb3_ws/install/turtlebot3_msgs/lib:/home/marceli/tb3_ws/install/dynamixel_sdk/lib:${LD_LIBRARY_PATH} PYTHONPATH=/home/marceli/tb3_ws/install/turtlebot3_msgs/local/lib/python3.10/dist-packages:${PYTHONPATH} /usr/bin/cmake --build /home/marceli/tb3_ws/build/turtlebot3_bringup -- -j4 -l4
[2.943s] Invoked command in '/home/marceli/tb3_ws/build/turtlebot3_bringup' returned '0': AMENT_PREFIX_PATH=/home/marceli/tb3_ws/install/turtlebot3_node:/home/marceli/tb3_ws/install/turtlebot3_msgs:/home/marceli/tb3_ws/install/turtlebot3_description:/home/marceli/tb3_ws/install/hls_lfcd_lds_driver:/home/marceli/tb3_ws/install/dynamixel_sdk:${AMENT_PREFIX_PATH} CMAKE_PREFIX_PATH=/home/marceli/tb3_ws/install/turtlebot3_node:/home/marceli/tb3_ws/install/turtlebot3_msgs:/home/marceli/tb3_ws/install/turtlebot3_description:/home/marceli/tb3_ws/install/hls_lfcd_lds_driver:/home/marceli/tb3_ws/install/dynamixel_sdk:/opt/ros/humble LD_LIBRARY_PATH=/home/marceli/tb3_ws/install/turtlebot3_msgs/lib:/home/marceli/tb3_ws/install/dynamixel_sdk/lib:${LD_LIBRARY_PATH} PYTHONPATH=/home/marceli/tb3_ws/install/turtlebot3_msgs/local/lib/python3.10/dist-packages:${PYTHONPATH} /usr/bin/cmake --build /home/marceli/tb3_ws/build/turtlebot3_bringup -- -j4 -l4
[3.011s] Invoking command in '/home/marceli/tb3_ws/build/turtlebot3_bringup': AMENT_PREFIX_PATH=/home/marceli/tb3_ws/install/turtlebot3_node:/home/marceli/tb3_ws/install/turtlebot3_msgs:/home/marceli/tb3_ws/install/turtlebot3_description:/home/marceli/tb3_ws/install/hls_lfcd_lds_driver:/home/marceli/tb3_ws/install/dynamixel_sdk:${AMENT_PREFIX_PATH} CMAKE_PREFIX_PATH=/home/marceli/tb3_ws/install/turtlebot3_node:/home/marceli/tb3_ws/install/turtlebot3_msgs:/home/marceli/tb3_ws/install/turtlebot3_description:/home/marceli/tb3_ws/install/hls_lfcd_lds_driver:/home/marceli/tb3_ws/install/dynamixel_sdk:/opt/ros/humble LD_LIBRARY_PATH=/home/marceli/tb3_ws/install/turtlebot3_msgs/lib:/home/marceli/tb3_ws/install/dynamixel_sdk/lib:${LD_LIBRARY_PATH} PYTHONPATH=/home/marceli/tb3_ws/install/turtlebot3_msgs/local/lib/python3.10/dist-packages:${PYTHONPATH} /usr/bin/cmake --install /home/marceli/tb3_ws/build/turtlebot3_bringup
[3.038s] -- Install configuration: ""
[3.040s] -- Execute custom install script
[3.048s] -- Symlinking: /home/marceli/tb3_ws/install/turtlebot3_bringup/share/turtlebot3_bringup/launch/robot.launch.py
[3.085s] -- Symlinking: /home/marceli/tb3_ws/install/turtlebot3_bringup/share/turtlebot3_bringup/launch/rviz2.launch.py
[3.108s] -- Symlinking: /home/marceli/tb3_ws/install/turtlebot3_bringup/share/turtlebot3_bringup/launch/turtlebot3_state_publisher.launch.py
[3.141s] -- Symlinking: /home/marceli/tb3_ws/install/turtlebot3_bringup/share/turtlebot3_bringup/param/burger.yaml
[3.166s] -- Symlinking: /home/marceli/tb3_ws/install/turtlebot3_bringup/share/turtlebot3_bringup/param/waffle.yaml
[3.189s] -- Symlinking: /home/marceli/tb3_ws/install/turtlebot3_bringup/share/turtlebot3_bringup/param/waffle_pi.yaml
[3.212s] -- Symlinking: /home/marceli/tb3_ws/install/turtlebot3_bringup/share/turtlebot3_bringup/script/99-turtlebot3-cdc.rules
[3.235s] -- Symlinking: /home/marceli/tb3_ws/install/turtlebot3_bringup/share/turtlebot3_bringup/script/create_udev_rules
[3.263s] -- Symlinking: /home/marceli/tb3_ws/install/turtlebot3_bringup/share/ament_index/resource_index/package_run_dependencies/turtlebot3_bringup
[3.298s] -- Symlinking: /home/marceli/tb3_ws/install/turtlebot3_bringup/share/ament_index/resource_index/parent_prefix_path/turtlebot3_bringup
[3.340s] -- Symlinking: /home/marceli/tb3_ws/install/turtlebot3_bringup/share/turtlebot3_bringup/environment/ament_prefix_path.sh
[3.379s] -- Symlinking: /home/marceli/tb3_ws/install/turtlebot3_bringup/share/turtlebot3_bringup/environment/ament_prefix_path.dsv
[3.418s] -- Symlinking: /home/marceli/tb3_ws/install/turtlebot3_bringup/share/turtlebot3_bringup/environment/path.sh
[3.460s] -- Symlinking: /home/marceli/tb3_ws/install/turtlebot3_bringup/share/turtlebot3_bringup/environment/path.dsv
[3.502s] -- Symlinking: /home/marceli/tb3_ws/install/turtlebot3_bringup/share/turtlebot3_bringup/local_setup.bash
[3.543s] -- Symlinking: /home/marceli/tb3_ws/install/turtlebot3_bringup/share/turtlebot3_bringup/local_setup.sh
[3.597s] -- Symlinking: /home/marceli/tb3_ws/install/turtlebot3_bringup/share/turtlebot3_bringup/local_setup.zsh
[3.642s] -- Symlinking: /home/marceli/tb3_ws/install/turtlebot3_bringup/share/turtlebot3_bringup/local_setup.dsv
[3.688s] -- Symlinking: /home/marceli/tb3_ws/install/turtlebot3_bringup/share/turtlebot3_bringup/package.dsv
[3.719s] -- Symlinking: /home/marceli/tb3_ws/install/turtlebot3_bringup/share/ament_index/resource_index/packages/turtlebot3_bringup
[3.745s] -- Symlinking: /home/marceli/tb3_ws/install/turtlebot3_bringup/share/turtlebot3_bringup/cmake/turtlebot3_bringupConfig.cmake
[3.771s] -- Symlinking: /home/marceli/tb3_ws/install/turtlebot3_bringup/share/turtlebot3_bringup/cmake/turtlebot3_bringupConfig-version.cmake
[3.796s] -- Symlinking: /home/marceli/tb3_ws/install/turtlebot3_bringup/share/turtlebot3_bringup/package.xml
[3.831s] Invoked command in '/home/marceli/tb3_ws/build/turtlebot3_bringup' returned '0': AMENT_PREFIX_PATH=/home/marceli/tb3_ws/install/turtlebot3_node:/home/marceli/tb3_ws/install/turtlebot3_msgs:/home/marceli/tb3_ws/install/turtlebot3_description:/home/marceli/tb3_ws/install/hls_lfcd_lds_driver:/home/marceli/tb3_ws/install/dynamixel_sdk:${AMENT_PREFIX_PATH} CMAKE_PREFIX_PATH=/home/marceli/tb3_ws/install/turtlebot3_node:/home/marceli/tb3_ws/install/turtlebot3_msgs:/home/marceli/tb3_ws/install/turtlebot3_description:/home/marceli/tb3_ws/install/hls_lfcd_lds_driver:/home/marceli/tb3_ws/install/dynamixel_sdk:/opt/ros/humble LD_LIBRARY_PATH=/home/marceli/tb3_ws/install/turtlebot3_msgs/lib:/home/marceli/tb3_ws/install/dynamixel_sdk/lib:${LD_LIBRARY_PATH} PYTHONPATH=/home/marceli/tb3_ws/install/turtlebot3_msgs/local/lib/python3.10/dist-packages:${PYTHONPATH} /usr/bin/cmake --install /home/marceli/tb3_ws/build/turtlebot3_bringup
