[0.041s] Invoking command in '/home/marceli/tb3_ws/src/build/dynamixel_sdk_examples': AMENT_PREFIX_PATH=/home/marceli/tb3_ws/src/install/dynamixel_sdk_custom_interfaces:/home/marceli/tb3_ws/src/install/dynamixel_sdk:${AMENT_PREFIX_PATH} CMAKE_PREFIX_PATH=/home/marceli/tb3_ws/src/install/dynamixel_sdk_custom_interfaces:/home/marceli/tb3_ws/src/install/dynamixel_sdk:/opt/ros/humble LD_LIBRARY_PATH=/home/marceli/tb3_ws/src/install/dynamixel_sdk_custom_interfaces/lib:/home/marceli/tb3_ws/src/install/dynamixel_sdk/lib:${LD_LIBRARY_PATH} PYTHONPATH=/home/marceli/tb3_ws/src/install/dynamixel_sdk_custom_interfaces/local/lib/python3.10/dist-packages:${PYTHONPATH} /usr/bin/cmake --build /home/marceli/tb3_ws/src/build/dynamixel_sdk_examples -- -j4 -l4
[0.145s] [35m[1mConsolidate compiler generated dependencies of target read_write_node[0m
[0.204s] [100%] Built target read_write_node
[0.234s] Invoked command in '/home/marceli/tb3_ws/src/build/dynamixel_sdk_examples' returned '0': AMENT_PREFIX_PATH=/home/marceli/tb3_ws/src/install/dynamixel_sdk_custom_interfaces:/home/marceli/tb3_ws/src/install/dynamixel_sdk:${AMENT_PREFIX_PATH} CMAKE_PREFIX_PATH=/home/marceli/tb3_ws/src/install/dynamixel_sdk_custom_interfaces:/home/marceli/tb3_ws/src/install/dynamixel_sdk:/opt/ros/humble LD_LIBRARY_PATH=/home/marceli/tb3_ws/src/install/dynamixel_sdk_custom_interfaces/lib:/home/marceli/tb3_ws/src/install/dynamixel_sdk/lib:${LD_LIBRARY_PATH} PYTHONPATH=/home/marceli/tb3_ws/src/install/dynamixel_sdk_custom_interfaces/local/lib/python3.10/dist-packages:${PYTHONPATH} /usr/bin/cmake --build /home/marceli/tb3_ws/src/build/dynamixel_sdk_examples -- -j4 -l4
[0.298s] Invoking command in '/home/marceli/tb3_ws/src/build/dynamixel_sdk_examples': AMENT_PREFIX_PATH=/home/marceli/tb3_ws/src/install/dynamixel_sdk_custom_interfaces:/home/marceli/tb3_ws/src/install/dynamixel_sdk:${AMENT_PREFIX_PATH} CMAKE_PREFIX_PATH=/home/marceli/tb3_ws/src/install/dynamixel_sdk_custom_interfaces:/home/marceli/tb3_ws/src/install/dynamixel_sdk:/opt/ros/humble LD_LIBRARY_PATH=/home/marceli/tb3_ws/src/install/dynamixel_sdk_custom_interfaces/lib:/home/marceli/tb3_ws/src/install/dynamixel_sdk/lib:${LD_LIBRARY_PATH} PYTHONPATH=/home/marceli/tb3_ws/src/install/dynamixel_sdk_custom_interfaces/local/lib/python3.10/dist-packages:${PYTHONPATH} /usr/bin/cmake --install /home/marceli/tb3_ws/src/build/dynamixel_sdk_examples
[0.312s] -- Install configuration: ""
[0.313s] -- Execute custom install script
[0.315s] -- Up-to-date symlink: /home/marceli/tb3_ws/src/install/dynamixel_sdk_examples/lib/dynamixel_sdk_examples/read_write_node
[0.317s] -- Up-to-date symlink: /home/marceli/tb3_ws/src/install/dynamixel_sdk_examples/share/ament_index/resource_index/package_run_dependencies/dynamixel_sdk_examples
[0.317s] -- Up-to-date symlink: /home/marceli/tb3_ws/src/install/dynamixel_sdk_examples/share/ament_index/resource_index/parent_prefix_path/dynamixel_sdk_examples
[0.318s] -- Up-to-date symlink: /home/marceli/tb3_ws/src/install/dynamixel_sdk_examples/share/dynamixel_sdk_examples/environment/ament_prefix_path.sh
[0.318s] -- Up-to-date symlink: /home/marceli/tb3_ws/src/install/dynamixel_sdk_examples/share/dynamixel_sdk_examples/environment/ament_prefix_path.dsv
[0.318s] -- Up-to-date symlink: /home/marceli/tb3_ws/src/install/dynamixel_sdk_examples/share/dynamixel_sdk_examples/environment/path.sh
[0.319s] -- Up-to-date symlink: /home/marceli/tb3_ws/src/install/dynamixel_sdk_examples/share/dynamixel_sdk_examples/environment/path.dsv
[0.319s] -- Up-to-date symlink: /home/marceli/tb3_ws/src/install/dynamixel_sdk_examples/share/dynamixel_sdk_examples/local_setup.bash
[0.319s] -- Up-to-date symlink: /home/marceli/tb3_ws/src/install/dynamixel_sdk_examples/share/dynamixel_sdk_examples/local_setup.sh
[0.319s] -- Up-to-date symlink: /home/marceli/tb3_ws/src/install/dynamixel_sdk_examples/share/dynamixel_sdk_examples/local_setup.zsh
[0.319s] -- Up-to-date symlink: /home/marceli/tb3_ws/src/install/dynamixel_sdk_examples/share/dynamixel_sdk_examples/local_setup.dsv
[0.319s] -- Symlinking: /home/marceli/tb3_ws/src/install/dynamixel_sdk_examples/share/dynamixel_sdk_examples/package.dsv
[0.332s] -- Up-to-date symlink: /home/marceli/tb3_ws/src/install/dynamixel_sdk_examples/share/ament_index/resource_index/packages/dynamixel_sdk_examples
[0.333s] -- Up-to-date symlink: /home/marceli/tb3_ws/src/install/dynamixel_sdk_examples/share/dynamixel_sdk_examples/cmake/dynamixel_sdk_examplesConfig.cmake
[0.333s] -- Up-to-date symlink: /home/marceli/tb3_ws/src/install/dynamixel_sdk_examples/share/dynamixel_sdk_examples/cmake/dynamixel_sdk_examplesConfig-version.cmake
[0.333s] -- Up-to-date symlink: /home/marceli/tb3_ws/src/install/dynamixel_sdk_examples/share/dynamixel_sdk_examples/package.xml
[0.340s] Invoked command in '/home/marceli/tb3_ws/src/build/dynamixel_sdk_examples' returned '0': AMENT_PREFIX_PATH=/home/marceli/tb3_ws/src/install/dynamixel_sdk_custom_interfaces:/home/marceli/tb3_ws/src/install/dynamixel_sdk:${AMENT_PREFIX_PATH} CMAKE_PREFIX_PATH=/home/marceli/tb3_ws/src/install/dynamixel_sdk_custom_interfaces:/home/marceli/tb3_ws/src/install/dynamixel_sdk:/opt/ros/humble LD_LIBRARY_PATH=/home/marceli/tb3_ws/src/install/dynamixel_sdk_custom_interfaces/lib:/home/marceli/tb3_ws/src/install/dynamixel_sdk/lib:${LD_LIBRARY_PATH} PYTHONPATH=/home/marceli/tb3_ws/src/install/dynamixel_sdk_custom_interfaces/local/lib/python3.10/dist-packages:${PYTHONPATH} /usr/bin/cmake --install /home/marceli/tb3_ws/src/build/dynamixel_sdk_examples
