[0.132s] Invoking command in '/home/marceli/tb3_ws/build/dynamixel_sdk': CMAKE_PREFIX_PATH=/opt/ros/humble /usr/bin/cmake /home/marceli/tb3_ws/src/utils/DynamixelSDK/dynamixel_sdk -DAMENT_CMAKE_SYMLINK_INSTALL=1 -DCMAKE_INSTALL_PREFIX=/home/marceli/tb3_ws/install/dynamixel_sdk
[0.551s] -- The C compiler identification is GNU 11.3.0
[0.993s] -- The CXX compiler identification is GNU 11.3.0
[1.024s] -- Detecting C compiler ABI info
[1.215s] -- Detecting C compiler ABI info - done
[1.235s] -- Check for working C compiler: /usr/bin/cc - skipped
[1.237s] -- Detecting C compile features
[1.238s] -- Detecting C compile features - done
[1.249s] -- Detecting CXX compiler ABI info
[1.453s] -- Detecting CXX compiler ABI info - done
[1.466s] -- Check for working CXX compiler: /usr/bin/c++ - skipped
[1.467s] -- Detecting CXX compile features
[1.470s] -- Detecting CXX compile features - done
[1.495s] -- Found ament_cmake: 1.3.5 (/opt/ros/humble/share/ament_cmake/cmake)
[2.089s] -- Found Python3: /usr/bin/python3.10 (found version "3.10.6") found components: Interpreter 
[2.367s] -- Override CMake install command with custom implementation using symlinks instead of copying resources
[2.701s] -- Configuring done
[2.733s] -- Generating done
[2.733s] -- Build files have been written to: /home/marceli/tb3_ws/build/dynamixel_sdk
[2.742s] Invoked command in '/home/marceli/tb3_ws/build/dynamixel_sdk' returned '0': CMAKE_PREFIX_PATH=/opt/ros/humble /usr/bin/cmake /home/marceli/tb3_ws/src/utils/DynamixelSDK/dynamixel_sdk -DAMENT_CMAKE_SYMLINK_INSTALL=1 -DCMAKE_INSTALL_PREFIX=/home/marceli/tb3_ws/install/dynamixel_sdk
[2.743s] Invoking command in '/home/marceli/tb3_ws/build/dynamixel_sdk': CMAKE_PREFIX_PATH=/opt/ros/humble /usr/bin/cmake --build /home/marceli/tb3_ws/build/dynamixel_sdk -- -j4 -l4
[2.907s] [ 10%] [32mBuilding CXX object CMakeFiles/dynamixel_sdk.dir/src/dynamixel_sdk/group_sync_read.cpp.o[0m
[2.918s] [ 20%] [32mBuilding CXX object CMakeFiles/dynamixel_sdk.dir/src/dynamixel_sdk/packet_handler.cpp.o[0m
[2.926s] [ 30%] [32mBuilding CXX object CMakeFiles/dynamixel_sdk.dir/src/dynamixel_sdk/protocol2_packet_handler.cpp.o[0m
[2.934s] [ 40%] [32mBuilding CXX object CMakeFiles/dynamixel_sdk.dir/src/dynamixel_sdk/protocol1_packet_handler.cpp.o[0m
[3.529s] [ 50%] [32mBuilding CXX object CMakeFiles/dynamixel_sdk.dir/src/dynamixel_sdk/group_sync_write.cpp.o[0m
[3.942s] [ 60%] [32mBuilding CXX object CMakeFiles/dynamixel_sdk.dir/src/dynamixel_sdk/group_bulk_read.cpp.o[0m
[3.977s] [ 70%] [32mBuilding CXX object CMakeFiles/dynamixel_sdk.dir/src/dynamixel_sdk/group_bulk_write.cpp.o[0m
[5.388s] [ 80%] [32mBuilding CXX object CMakeFiles/dynamixel_sdk.dir/src/dynamixel_sdk/port_handler.cpp.o[0m
[5.415s] [ 90%] [32mBuilding CXX object CMakeFiles/dynamixel_sdk.dir/src/dynamixel_sdk/port_handler_linux.cpp.o[0m
[5.957s] [100%] [32m[1mLinking CXX shared library libdynamixel_sdk.so[0m
[6.222s] [100%] Built target dynamixel_sdk
[6.265s] Invoked command in '/home/marceli/tb3_ws/build/dynamixel_sdk' returned '0': CMAKE_PREFIX_PATH=/opt/ros/humble /usr/bin/cmake --build /home/marceli/tb3_ws/build/dynamixel_sdk -- -j4 -l4
[6.380s] Invoking command in '/home/marceli/tb3_ws/build/dynamixel_sdk': CMAKE_PREFIX_PATH=/opt/ros/humble /usr/bin/cmake --install /home/marceli/tb3_ws/build/dynamixel_sdk
[6.400s] -- Install configuration: ""
[6.402s] -- Execute custom install script
[6.404s] -- Symlinking: /home/marceli/tb3_ws/install/dynamixel_sdk/include//dynamixel_sdk/dynamixel_sdk.h
[6.420s] -- Symlinking: /home/marceli/tb3_ws/install/dynamixel_sdk/include//dynamixel_sdk/group_bulk_read.h
[6.446s] -- Symlinking: /home/marceli/tb3_ws/install/dynamixel_sdk/include//dynamixel_sdk/group_bulk_write.h
[6.467s] -- Symlinking: /home/marceli/tb3_ws/install/dynamixel_sdk/include//dynamixel_sdk/group_sync_read.h
[6.488s] -- Symlinking: /home/marceli/tb3_ws/install/dynamixel_sdk/include//dynamixel_sdk/group_sync_write.h
[6.504s] -- Symlinking: /home/marceli/tb3_ws/install/dynamixel_sdk/include//dynamixel_sdk/packet_handler.h
[6.524s] -- Symlinking: /home/marceli/tb3_ws/install/dynamixel_sdk/include//dynamixel_sdk/port_handler.h
[6.547s] -- Symlinking: /home/marceli/tb3_ws/install/dynamixel_sdk/include//dynamixel_sdk/port_handler_arduino.h
[6.565s] -- Symlinking: /home/marceli/tb3_ws/install/dynamixel_sdk/include//dynamixel_sdk/port_handler_linux.h
[6.585s] -- Symlinking: /home/marceli/tb3_ws/install/dynamixel_sdk/include//dynamixel_sdk/port_handler_mac.h
[6.602s] -- Symlinking: /home/marceli/tb3_ws/install/dynamixel_sdk/include//dynamixel_sdk/port_handler_windows.h
[6.618s] -- Symlinking: /home/marceli/tb3_ws/install/dynamixel_sdk/include//dynamixel_sdk/protocol1_packet_handler.h
[6.645s] -- Symlinking: /home/marceli/tb3_ws/install/dynamixel_sdk/include//dynamixel_sdk/protocol2_packet_handler.h
[6.667s] -- Symlinking: /home/marceli/tb3_ws/install/dynamixel_sdk/lib/libdynamixel_sdk.so
[6.706s] -- Symlinking: /home/marceli/tb3_ws/install/dynamixel_sdk/share/dynamixel_sdk/environment/library_path.sh
[6.742s] -- Symlinking: /home/marceli/tb3_ws/install/dynamixel_sdk/share/dynamixel_sdk/environment/library_path.dsv
[6.763s] -- Symlinking: /home/marceli/tb3_ws/install/dynamixel_sdk/share/ament_index/resource_index/package_run_dependencies/dynamixel_sdk
[6.783s] -- Symlinking: /home/marceli/tb3_ws/install/dynamixel_sdk/share/ament_index/resource_index/parent_prefix_path/dynamixel_sdk
[6.800s] -- Symlinking: /home/marceli/tb3_ws/install/dynamixel_sdk/share/dynamixel_sdk/environment/ament_prefix_path.sh
[6.815s] -- Symlinking: /home/marceli/tb3_ws/install/dynamixel_sdk/share/dynamixel_sdk/environment/ament_prefix_path.dsv
[6.843s] -- Symlinking: /home/marceli/tb3_ws/install/dynamixel_sdk/share/dynamixel_sdk/environment/path.sh
[6.866s] -- Symlinking: /home/marceli/tb3_ws/install/dynamixel_sdk/share/dynamixel_sdk/environment/path.dsv
[6.889s] -- Symlinking: /home/marceli/tb3_ws/install/dynamixel_sdk/share/dynamixel_sdk/local_setup.bash
[6.908s] -- Symlinking: /home/marceli/tb3_ws/install/dynamixel_sdk/share/dynamixel_sdk/local_setup.sh
[6.925s] -- Symlinking: /home/marceli/tb3_ws/install/dynamixel_sdk/share/dynamixel_sdk/local_setup.zsh
[6.944s] -- Symlinking: /home/marceli/tb3_ws/install/dynamixel_sdk/share/dynamixel_sdk/local_setup.dsv
[6.967s] -- Symlinking: /home/marceli/tb3_ws/install/dynamixel_sdk/share/dynamixel_sdk/package.dsv
[6.989s] -- Symlinking: /home/marceli/tb3_ws/install/dynamixel_sdk/share/ament_index/resource_index/packages/dynamixel_sdk
[7.011s] -- Symlinking: /home/marceli/tb3_ws/install/dynamixel_sdk/share/dynamixel_sdk/cmake/ament_cmake_export_include_directories-extras.cmake
[7.037s] -- Symlinking: /home/marceli/tb3_ws/install/dynamixel_sdk/share/dynamixel_sdk/cmake/ament_cmake_export_libraries-extras.cmake
[7.058s] -- Symlinking: /home/marceli/tb3_ws/install/dynamixel_sdk/share/dynamixel_sdk/cmake/dynamixel_sdkConfig.cmake
[7.080s] -- Symlinking: /home/marceli/tb3_ws/install/dynamixel_sdk/share/dynamixel_sdk/cmake/dynamixel_sdkConfig-version.cmake
[7.109s] -- Symlinking: /home/marceli/tb3_ws/install/dynamixel_sdk/share/dynamixel_sdk/package.xml
[7.131s] Invoked command in '/home/marceli/tb3_ws/build/dynamixel_sdk' returned '0': CMAKE_PREFIX_PATH=/opt/ros/humble /usr/bin/cmake --install /home/marceli/tb3_ws/build/dynamixel_sdk
