[0.031s] Invoking command in '/home/marceli/tb3_ws/src/build/turtlebot3_description': CMAKE_PREFIX_PATH=/opt/ros/humble /usr/bin/cmake /home/marceli/tb3_ws/src/turtlebot3/turtlebot3/turtlebot3_description -DAMENT_CMAKE_SYMLINK_INSTALL=1 -DCMAKE_INSTALL_PREFIX=/home/marceli/tb3_ws/src/install/turtlebot3_description
[0.115s] -- The C compiler identification is GNU 11.3.0
[0.214s] -- The CXX compiler identification is GNU 11.3.0
[0.224s] -- Detecting C compiler ABI info
[0.314s] -- Detecting C compiler ABI info - done
[0.321s] -- Check for working C compiler: /usr/bin/cc - skipped
[0.321s] -- Detecting C compile features
[0.321s] -- Detecting C compile features - done
[0.326s] -- Detecting CXX compiler ABI info
[0.425s] -- Detecting CXX compiler ABI info - done
[0.442s] -- Check for working CXX compiler: /usr/bin/c++ - skipped
[0.442s] -- Detecting CXX compile features
[0.443s] -- Detecting CXX compile features - done
[0.446s] -- Found ament_cmake: 1.3.5 (/opt/ros/humble/share/ament_cmake/cmake)
[0.698s] -- Found Python3: /usr/bin/python3.10 (found version "3.10.6") found components: Interpreter 
[0.781s] -- Override CMake install command with custom implementation using symlinks instead of copying resources
[0.825s] -- Found urdf: 2.6.0 (/opt/ros/humble/share/urdf/cmake)
[0.993s] -- Configuring done
[1.000s] -- Generating done
[1.001s] -- Build files have been written to: /home/marceli/tb3_ws/src/build/turtlebot3_description
[1.011s] Invoked command in '/home/marceli/tb3_ws/src/build/turtlebot3_description' returned '0': CMAKE_PREFIX_PATH=/opt/ros/humble /usr/bin/cmake /home/marceli/tb3_ws/src/turtlebot3/turtlebot3/turtlebot3_description -DAMENT_CMAKE_SYMLINK_INSTALL=1 -DCMAKE_INSTALL_PREFIX=/home/marceli/tb3_ws/src/install/turtlebot3_description
[1.013s] Invoking command in '/home/marceli/tb3_ws/src/build/turtlebot3_description': CMAKE_PREFIX_PATH=/opt/ros/humble /usr/bin/cmake --build /home/marceli/tb3_ws/src/build/turtlebot3_description -- -j4 -l4
[1.051s] Invoked command in '/home/marceli/tb3_ws/src/build/turtlebot3_description' returned '0': CMAKE_PREFIX_PATH=/opt/ros/humble /usr/bin/cmake --build /home/marceli/tb3_ws/src/build/turtlebot3_description -- -j4 -l4
[1.180s] Invoking command in '/home/marceli/tb3_ws/src/build/turtlebot3_description': CMAKE_PREFIX_PATH=/opt/ros/humble /usr/bin/cmake --install /home/marceli/tb3_ws/src/build/turtlebot3_description
[1.193s] -- Install configuration: ""
[1.193s] -- Execute custom install script
[1.206s] -- Symlinking: /home/marceli/tb3_ws/src/install/turtlebot3_description/share/turtlebot3_description/meshes/bases/burger_base.stl
[1.225s] -- Symlinking: /home/marceli/tb3_ws/src/install/turtlebot3_description/share/turtlebot3_description/meshes/bases/waffle_base.stl
[1.250s] -- Symlinking: /home/marceli/tb3_ws/src/install/turtlebot3_description/share/turtlebot3_description/meshes/bases/waffle_pi_base.stl
[1.271s] -- Symlinking: /home/marceli/tb3_ws/src/install/turtlebot3_description/share/turtlebot3_description/meshes/sensors/astra.dae
[1.298s] -- Symlinking: /home/marceli/tb3_ws/src/install/turtlebot3_description/share/turtlebot3_description/meshes/sensors/astra.jpg
[1.326s] -- Symlinking: /home/marceli/tb3_ws/src/install/turtlebot3_description/share/turtlebot3_description/meshes/sensors/lds.stl
[1.339s] -- Symlinking: /home/marceli/tb3_ws/src/install/turtlebot3_description/share/turtlebot3_description/meshes/sensors/r200.dae
[1.354s] -- Symlinking: /home/marceli/tb3_ws/src/install/turtlebot3_description/share/turtlebot3_description/meshes/sensors/r200.jpg
[1.367s] -- Symlinking: /home/marceli/tb3_ws/src/install/turtlebot3_description/share/turtlebot3_description/meshes/wheels/left_tire.stl
[1.381s] -- Symlinking: /home/marceli/tb3_ws/src/install/turtlebot3_description/share/turtlebot3_description/meshes/wheels/right_tire.stl
[1.409s] -- Symlinking: /home/marceli/tb3_ws/src/install/turtlebot3_description/share/turtlebot3_description/rviz/model.rviz
[1.464s] -- Symlinking: /home/marceli/tb3_ws/src/install/turtlebot3_description/share/turtlebot3_description/urdf/common_properties.urdf
[1.494s] -- Symlinking: /home/marceli/tb3_ws/src/install/turtlebot3_description/share/turtlebot3_description/urdf/turtlebot3_burger.urdf
[1.539s] -- Symlinking: /home/marceli/tb3_ws/src/install/turtlebot3_description/share/turtlebot3_description/urdf/turtlebot3_waffle.urdf
[1.575s] -- Symlinking: /home/marceli/tb3_ws/src/install/turtlebot3_description/share/turtlebot3_description/urdf/turtlebot3_waffle_pi.urdf
[1.604s] -- Symlinking: /home/marceli/tb3_ws/src/install/turtlebot3_description/share/ament_index/resource_index/package_run_dependencies/turtlebot3_description
[1.652s] -- Symlinking: /home/marceli/tb3_ws/src/install/turtlebot3_description/share/ament_index/resource_index/parent_prefix_path/turtlebot3_description
[1.677s] -- Symlinking: /home/marceli/tb3_ws/src/install/turtlebot3_description/share/turtlebot3_description/environment/ament_prefix_path.sh
[1.717s] -- Symlinking: /home/marceli/tb3_ws/src/install/turtlebot3_description/share/turtlebot3_description/environment/ament_prefix_path.dsv
[1.745s] -- Symlinking: /home/marceli/tb3_ws/src/install/turtlebot3_description/share/turtlebot3_description/environment/path.sh
[1.777s] -- Symlinking: /home/marceli/tb3_ws/src/install/turtlebot3_description/share/turtlebot3_description/environment/path.dsv
[1.804s] -- Symlinking: /home/marceli/tb3_ws/src/install/turtlebot3_description/share/turtlebot3_description/local_setup.bash
[1.835s] -- Symlinking: /home/marceli/tb3_ws/src/install/turtlebot3_description/share/turtlebot3_description/local_setup.sh
[1.867s] -- Symlinking: /home/marceli/tb3_ws/src/install/turtlebot3_description/share/turtlebot3_description/local_setup.zsh
[1.890s] -- Symlinking: /home/marceli/tb3_ws/src/install/turtlebot3_description/share/turtlebot3_description/local_setup.dsv
[1.921s] -- Symlinking: /home/marceli/tb3_ws/src/install/turtlebot3_description/share/turtlebot3_description/package.dsv
[1.935s] -- Symlinking: /home/marceli/tb3_ws/src/install/turtlebot3_description/share/ament_index/resource_index/packages/turtlebot3_description
[1.961s] -- Symlinking: /home/marceli/tb3_ws/src/install/turtlebot3_description/share/turtlebot3_description/cmake/turtlebot3_descriptionConfig.cmake
[1.992s] -- Symlinking: /home/marceli/tb3_ws/src/install/turtlebot3_description/share/turtlebot3_description/cmake/turtlebot3_descriptionConfig-version.cmake
[2.021s] -- Symlinking: /home/marceli/tb3_ws/src/install/turtlebot3_description/share/turtlebot3_description/package.xml
[2.038s] Invoked command in '/home/marceli/tb3_ws/src/build/turtlebot3_description' returned '0': CMAKE_PREFIX_PATH=/opt/ros/humble /usr/bin/cmake --install /home/marceli/tb3_ws/src/build/turtlebot3_description
