[0.090s] Invoking command in '/home/marceli/tb3_ws/build/dynamixel_sdk_examples': AMENT_PREFIX_PATH=/home/marceli/tb3_ws/install/dynamixel_sdk_custom_interfaces:/home/marceli/tb3_ws/install/dynamixel_sdk:${AMENT_PREFIX_PATH} CMAKE_PREFIX_PATH=/home/marceli/tb3_ws/install/dynamixel_sdk_custom_interfaces:/home/marceli/tb3_ws/install/dynamixel_sdk:/opt/ros/humble LD_LIBRARY_PATH=/home/marceli/tb3_ws/install/dynamixel_sdk_custom_interfaces/lib:/home/marceli/tb3_ws/install/dynamixel_sdk/lib:${LD_LIBRARY_PATH} PYTHONPATH=/home/marceli/tb3_ws/install/dynamixel_sdk_custom_interfaces/local/lib/python3.10/dist-packages:${PYTHONPATH} /usr/bin/cmake /home/marceli/tb3_ws/src/utils/DynamixelSDK/dynamixel_sdk_examples -DAMENT_CMAKE_SYMLINK_INSTALL=1 -DCMAKE_INSTALL_PREFIX=/home/marceli/tb3_ws/install/dynamixel_sdk_examples
[0.344s] -- The C compiler identification is GNU 11.3.0
[0.560s] -- The CXX compiler identification is GNU 11.3.0
[0.590s] -- Detecting C compiler ABI info
[0.815s] -- Detecting C compiler ABI info - done
[0.854s] -- Check for working C compiler: /usr/bin/cc - skipped
[0.856s] -- Detecting C compile features
[0.857s] -- Detecting C compile features - done
[0.867s] -- Detecting CXX compiler ABI info
[1.137s] -- Detecting CXX compiler ABI info - done
[1.173s] -- Check for working CXX compiler: /usr/bin/c++ - skipped
[1.175s] -- Detecting CXX compile features
[1.177s] -- Detecting CXX compile features - done
[1.185s] -- Found ament_cmake: 1.3.5 (/opt/ros/humble/share/ament_cmake/cmake)
[1.752s] -- Found Python3: /usr/bin/python3.10 (found version "3.10.6") found components: Interpreter 
[1.957s] -- Override CMake install command with custom implementation using symlinks instead of copying resources
[2.032s] -- Found dynamixel_sdk: 3.7.60 (/home/marceli/tb3_ws/install/dynamixel_sdk/share/dynamixel_sdk/cmake)
[2.038s] -- Found dynamixel_sdk_custom_interfaces: 3.7.60 (/home/marceli/tb3_ws/install/dynamixel_sdk_custom_interfaces/share/dynamixel_sdk_custom_interfaces/cmake)
[2.148s] -- Found rosidl_generator_c: 3.1.4 (/opt/ros/humble/share/rosidl_generator_c/cmake)
[2.170s] -- Found rosidl_adapter: 3.1.4 (/opt/ros/humble/share/rosidl_adapter/cmake)
[2.199s] -- Found rosidl_generator_cpp: 3.1.4 (/opt/ros/humble/share/rosidl_generator_cpp/cmake)
[2.237s] -- Using all available rosidl_typesupport_c: rosidl_typesupport_fastrtps_c;rosidl_typesupport_introspection_c
[2.294s] -- Using all available rosidl_typesupport_cpp: rosidl_typesupport_fastrtps_cpp;rosidl_typesupport_introspection_cpp
[2.513s] -- Found rclcpp: 16.0.4 (/opt/ros/humble/share/rclcpp/cmake)
[2.704s] -- Found rmw_implementation_cmake: 6.1.1 (/opt/ros/humble/share/rmw_implementation_cmake/cmake)
[2.712s] -- Found rmw_cyclonedds_cpp: 1.3.4 (/opt/ros/humble/share/rmw_cyclonedds_cpp/cmake)
[2.833s] -- Using RMW implementation 'rmw_cyclonedds_cpp' as default
[2.867s] -- Looking for pthread.h
[3.073s] -- Looking for pthread.h - found
[3.076s] -- Performing Test CMAKE_HAVE_LIBC_PTHREAD
[3.297s] -- Performing Test CMAKE_HAVE_LIBC_PTHREAD - Success
[3.298s] -- Found Threads: TRUE  
[3.904s] -- Found ament_lint_auto: 0.12.6 (/opt/ros/humble/share/ament_lint_auto/cmake)
[4.211s] -- Added test 'copyright' to check source files copyright and LICENSE
[4.216s] -- Added test 'cppcheck' to perform static code analysis on C / C++ code
[4.216s] -- Configured cppcheck include dirs: /home/marceli/tb3_ws/src/utils/DynamixelSDK/dynamixel_sdk_examples/include
[4.217s] -- Configured cppcheck exclude dirs and/or files: 
[4.220s] -- Added test 'cpplint' to check C / C++ code against the Google style
[4.224s] -- Configured cpplint exclude dirs and/or files: 
[4.229s] -- Added test 'lint_cmake' to check CMake code style
[4.234s] -- Added test 'uncrustify' to check C / C++ code style
[4.235s] -- Configured uncrustify additional arguments: 
[4.238s] -- Added test 'xmllint' to check XML markup files
[4.244s] -- Configuring done
[4.267s] -- Generating done
[4.272s] -- Build files have been written to: /home/marceli/tb3_ws/build/dynamixel_sdk_examples
[4.298s] Invoked command in '/home/marceli/tb3_ws/build/dynamixel_sdk_examples' returned '0': AMENT_PREFIX_PATH=/home/marceli/tb3_ws/install/dynamixel_sdk_custom_interfaces:/home/marceli/tb3_ws/install/dynamixel_sdk:${AMENT_PREFIX_PATH} CMAKE_PREFIX_PATH=/home/marceli/tb3_ws/install/dynamixel_sdk_custom_interfaces:/home/marceli/tb3_ws/install/dynamixel_sdk:/opt/ros/humble LD_LIBRARY_PATH=/home/marceli/tb3_ws/install/dynamixel_sdk_custom_interfaces/lib:/home/marceli/tb3_ws/install/dynamixel_sdk/lib:${LD_LIBRARY_PATH} PYTHONPATH=/home/marceli/tb3_ws/install/dynamixel_sdk_custom_interfaces/local/lib/python3.10/dist-packages:${PYTHONPATH} /usr/bin/cmake /home/marceli/tb3_ws/src/utils/DynamixelSDK/dynamixel_sdk_examples -DAMENT_CMAKE_SYMLINK_INSTALL=1 -DCMAKE_INSTALL_PREFIX=/home/marceli/tb3_ws/install/dynamixel_sdk_examples
[4.305s] Invoking command in '/home/marceli/tb3_ws/build/dynamixel_sdk_examples': AMENT_PREFIX_PATH=/home/marceli/tb3_ws/install/dynamixel_sdk_custom_interfaces:/home/marceli/tb3_ws/install/dynamixel_sdk:${AMENT_PREFIX_PATH} CMAKE_PREFIX_PATH=/home/marceli/tb3_ws/install/dynamixel_sdk_custom_interfaces:/home/marceli/tb3_ws/install/dynamixel_sdk:/opt/ros/humble LD_LIBRARY_PATH=/home/marceli/tb3_ws/install/dynamixel_sdk_custom_interfaces/lib:/home/marceli/tb3_ws/install/dynamixel_sdk/lib:${LD_LIBRARY_PATH} PYTHONPATH=/home/marceli/tb3_ws/install/dynamixel_sdk_custom_interfaces/local/lib/python3.10/dist-packages:${PYTHONPATH} /usr/bin/cmake --build /home/marceli/tb3_ws/build/dynamixel_sdk_examples -- -j4 -l4
[4.445s] [ 50%] [32mBuilding CXX object CMakeFiles/read_write_node.dir/src/read_write_node.cpp.o[0m
[39.859s] [100%] [32m[1mLinking CXX executable read_write_node[0m
[41.754s] [100%] Built target read_write_node
[41.792s] Invoked command in '/home/marceli/tb3_ws/build/dynamixel_sdk_examples' returned '0': AMENT_PREFIX_PATH=/home/marceli/tb3_ws/install/dynamixel_sdk_custom_interfaces:/home/marceli/tb3_ws/install/dynamixel_sdk:${AMENT_PREFIX_PATH} CMAKE_PREFIX_PATH=/home/marceli/tb3_ws/install/dynamixel_sdk_custom_interfaces:/home/marceli/tb3_ws/install/dynamixel_sdk:/opt/ros/humble LD_LIBRARY_PATH=/home/marceli/tb3_ws/install/dynamixel_sdk_custom_interfaces/lib:/home/marceli/tb3_ws/install/dynamixel_sdk/lib:${LD_LIBRARY_PATH} PYTHONPATH=/home/marceli/tb3_ws/install/dynamixel_sdk_custom_interfaces/local/lib/python3.10/dist-packages:${PYTHONPATH} /usr/bin/cmake --build /home/marceli/tb3_ws/build/dynamixel_sdk_examples -- -j4 -l4
[41.878s] Invoking command in '/home/marceli/tb3_ws/build/dynamixel_sdk_examples': AMENT_PREFIX_PATH=/home/marceli/tb3_ws/install/dynamixel_sdk_custom_interfaces:/home/marceli/tb3_ws/install/dynamixel_sdk:${AMENT_PREFIX_PATH} CMAKE_PREFIX_PATH=/home/marceli/tb3_ws/install/dynamixel_sdk_custom_interfaces:/home/marceli/tb3_ws/install/dynamixel_sdk:/opt/ros/humble LD_LIBRARY_PATH=/home/marceli/tb3_ws/install/dynamixel_sdk_custom_interfaces/lib:/home/marceli/tb3_ws/install/dynamixel_sdk/lib:${LD_LIBRARY_PATH} PYTHONPATH=/home/marceli/tb3_ws/install/dynamixel_sdk_custom_interfaces/local/lib/python3.10/dist-packages:${PYTHONPATH} /usr/bin/cmake --install /home/marceli/tb3_ws/build/dynamixel_sdk_examples
[41.897s] -- Install configuration: ""
[41.898s] -- Execute custom install script
[41.899s] -- Symlinking: /home/marceli/tb3_ws/install/dynamixel_sdk_examples/lib/dynamixel_sdk_examples/read_write_node
[41.930s] -- Symlinking: /home/marceli/tb3_ws/install/dynamixel_sdk_examples/share/ament_index/resource_index/package_run_dependencies/dynamixel_sdk_examples
[41.953s] -- Symlinking: /home/marceli/tb3_ws/install/dynamixel_sdk_examples/share/ament_index/resource_index/parent_prefix_path/dynamixel_sdk_examples
[41.977s] -- Symlinking: /home/marceli/tb3_ws/install/dynamixel_sdk_examples/share/dynamixel_sdk_examples/environment/ament_prefix_path.sh
[42.007s] -- Symlinking: /home/marceli/tb3_ws/install/dynamixel_sdk_examples/share/dynamixel_sdk_examples/environment/ament_prefix_path.dsv
[42.043s] -- Symlinking: /home/marceli/tb3_ws/install/dynamixel_sdk_examples/share/dynamixel_sdk_examples/environment/path.sh
[42.073s] -- Symlinking: /home/marceli/tb3_ws/install/dynamixel_sdk_examples/share/dynamixel_sdk_examples/environment/path.dsv
[42.099s] -- Symlinking: /home/marceli/tb3_ws/install/dynamixel_sdk_examples/share/dynamixel_sdk_examples/local_setup.bash
[42.130s] -- Symlinking: /home/marceli/tb3_ws/install/dynamixel_sdk_examples/share/dynamixel_sdk_examples/local_setup.sh
[42.152s] -- Symlinking: /home/marceli/tb3_ws/install/dynamixel_sdk_examples/share/dynamixel_sdk_examples/local_setup.zsh
[42.176s] -- Symlinking: /home/marceli/tb3_ws/install/dynamixel_sdk_examples/share/dynamixel_sdk_examples/local_setup.dsv
[42.201s] -- Symlinking: /home/marceli/tb3_ws/install/dynamixel_sdk_examples/share/dynamixel_sdk_examples/package.dsv
[42.235s] -- Symlinking: /home/marceli/tb3_ws/install/dynamixel_sdk_examples/share/ament_index/resource_index/packages/dynamixel_sdk_examples
[42.256s] -- Symlinking: /home/marceli/tb3_ws/install/dynamixel_sdk_examples/share/dynamixel_sdk_examples/cmake/dynamixel_sdk_examplesConfig.cmake
[42.279s] -- Symlinking: /home/marceli/tb3_ws/install/dynamixel_sdk_examples/share/dynamixel_sdk_examples/cmake/dynamixel_sdk_examplesConfig-version.cmake
[42.307s] -- Symlinking: /home/marceli/tb3_ws/install/dynamixel_sdk_examples/share/dynamixel_sdk_examples/package.xml
[42.353s] Invoked command in '/home/marceli/tb3_ws/build/dynamixel_sdk_examples' returned '0': AMENT_PREFIX_PATH=/home/marceli/tb3_ws/install/dynamixel_sdk_custom_interfaces:/home/marceli/tb3_ws/install/dynamixel_sdk:${AMENT_PREFIX_PATH} CMAKE_PREFIX_PATH=/home/marceli/tb3_ws/install/dynamixel_sdk_custom_interfaces:/home/marceli/tb3_ws/install/dynamixel_sdk:/opt/ros/humble LD_LIBRARY_PATH=/home/marceli/tb3_ws/install/dynamixel_sdk_custom_interfaces/lib:/home/marceli/tb3_ws/install/dynamixel_sdk/lib:${LD_LIBRARY_PATH} PYTHONPATH=/home/marceli/tb3_ws/install/dynamixel_sdk_custom_interfaces/local/lib/python3.10/dist-packages:${PYTHONPATH} /usr/bin/cmake --install /home/marceli/tb3_ws/build/dynamixel_sdk_examples
