[0.065s] Invoking command in '/home/marceli/tb3_ws/src/build/turtlebot3_simulations': AMENT_PREFIX_PATH=/home/marceli/tb3_ws/src/install/turtlebot3_fake_node:/home/marceli/tb3_ws/src/install/turtlebot3_msgs:/home/marceli/tb3_ws/src/install/turtlebot3_gazebo:${AMENT_PREFIX_PATH} CMAKE_PREFIX_PATH=/home/marceli/tb3_ws/src/install/turtlebot3_fake_node:/home/marceli/tb3_ws/src/install/turtlebot3_msgs:/home/marceli/tb3_ws/src/install/turtlebot3_gazebo:/opt/ros/humble LD_LIBRARY_PATH=/home/marceli/tb3_ws/src/install/turtlebot3_msgs/lib:${LD_LIBRARY_PATH} PYTHONPATH=/home/marceli/tb3_ws/src/install/turtlebot3_msgs/local/lib/python3.10/dist-packages:${PYTHONPATH} /usr/bin/cmake --build /home/marceli/tb3_ws/src/build/turtlebot3_simulations -- -j4 -l4
[0.173s] Invoked command in '/home/marceli/tb3_ws/src/build/turtlebot3_simulations' returned '0': AMENT_PREFIX_PATH=/home/marceli/tb3_ws/src/install/turtlebot3_fake_node:/home/marceli/tb3_ws/src/install/turtlebot3_msgs:/home/marceli/tb3_ws/src/install/turtlebot3_gazebo:${AMENT_PREFIX_PATH} CMAKE_PREFIX_PATH=/home/marceli/tb3_ws/src/install/turtlebot3_fake_node:/home/marceli/tb3_ws/src/install/turtlebot3_msgs:/home/marceli/tb3_ws/src/install/turtlebot3_gazebo:/opt/ros/humble LD_LIBRARY_PATH=/home/marceli/tb3_ws/src/install/turtlebot3_msgs/lib:${LD_LIBRARY_PATH} PYTHONPATH=/home/marceli/tb3_ws/src/install/turtlebot3_msgs/local/lib/python3.10/dist-packages:${PYTHONPATH} /usr/bin/cmake --build /home/marceli/tb3_ws/src/build/turtlebot3_simulations -- -j4 -l4
[0.218s] Invoking command in '/home/marceli/tb3_ws/src/build/turtlebot3_simulations': AMENT_PREFIX_PATH=/home/marceli/tb3_ws/src/install/turtlebot3_fake_node:/home/marceli/tb3_ws/src/install/turtlebot3_msgs:/home/marceli/tb3_ws/src/install/turtlebot3_gazebo:${AMENT_PREFIX_PATH} CMAKE_PREFIX_PATH=/home/marceli/tb3_ws/src/install/turtlebot3_fake_node:/home/marceli/tb3_ws/src/install/turtlebot3_msgs:/home/marceli/tb3_ws/src/install/turtlebot3_gazebo:/opt/ros/humble LD_LIBRARY_PATH=/home/marceli/tb3_ws/src/install/turtlebot3_msgs/lib:${LD_LIBRARY_PATH} PYTHONPATH=/home/marceli/tb3_ws/src/install/turtlebot3_msgs/local/lib/python3.10/dist-packages:${PYTHONPATH} /usr/bin/cmake --install /home/marceli/tb3_ws/src/build/turtlebot3_simulations
[0.232s] -- Install configuration: ""
[0.233s] -- Execute custom install script
[0.234s] -- Up-to-date symlink: /home/marceli/tb3_ws/src/install/turtlebot3_simulations/share/ament_index/resource_index/package_run_dependencies/turtlebot3_simulations
[0.236s] -- Up-to-date symlink: /home/marceli/tb3_ws/src/install/turtlebot3_simulations/share/ament_index/resource_index/parent_prefix_path/turtlebot3_simulations
[0.237s] -- Up-to-date symlink: /home/marceli/tb3_ws/src/install/turtlebot3_simulations/share/turtlebot3_simulations/environment/ament_prefix_path.sh
[0.243s] -- Up-to-date symlink: /home/marceli/tb3_ws/src/install/turtlebot3_simulations/share/turtlebot3_simulations/environment/ament_prefix_path.dsv
[0.243s] -- Up-to-date symlink: /home/marceli/tb3_ws/src/install/turtlebot3_simulations/share/turtlebot3_simulations/environment/path.sh
[0.244s] -- Up-to-date symlink: /home/marceli/tb3_ws/src/install/turtlebot3_simulations/share/turtlebot3_simulations/environment/path.dsv
[0.244s] -- Up-to-date symlink: /home/marceli/tb3_ws/src/install/turtlebot3_simulations/share/turtlebot3_simulations/local_setup.bash
[0.244s] -- Up-to-date symlink: /home/marceli/tb3_ws/src/install/turtlebot3_simulations/share/turtlebot3_simulations/local_setup.sh
[0.244s] -- Up-to-date symlink: /home/marceli/tb3_ws/src/install/turtlebot3_simulations/share/turtlebot3_simulations/local_setup.zsh
[0.245s] -- Up-to-date symlink: /home/marceli/tb3_ws/src/install/turtlebot3_simulations/share/turtlebot3_simulations/local_setup.dsv
[0.245s] -- Symlinking: /home/marceli/tb3_ws/src/install/turtlebot3_simulations/share/turtlebot3_simulations/package.dsv
[0.275s] -- Up-to-date symlink: /home/marceli/tb3_ws/src/install/turtlebot3_simulations/share/ament_index/resource_index/packages/turtlebot3_simulations
[0.276s] -- Up-to-date symlink: /home/marceli/tb3_ws/src/install/turtlebot3_simulations/share/turtlebot3_simulations/cmake/turtlebot3_simulationsConfig.cmake
[0.276s] -- Up-to-date symlink: /home/marceli/tb3_ws/src/install/turtlebot3_simulations/share/turtlebot3_simulations/cmake/turtlebot3_simulationsConfig-version.cmake
[0.277s] -- Up-to-date symlink: /home/marceli/tb3_ws/src/install/turtlebot3_simulations/share/turtlebot3_simulations/package.xml
[0.278s] [33mCMake Warning (dev) at ament_cmake_symlink_install/ament_cmake_symlink_install.cmake:62 (file):
[0.278s]   Policy CMP0009 is not set: FILE GLOB_RECURSE calls should not follow
[0.279s]   symlinks by default.  Run "cmake --help-policy CMP0009" for policy details.
[0.279s]   Use the cmake_policy command to set the policy and suppress this warning.
[0.279s] Call Stack (most recent call first):
[0.279s]   ament_cmake_symlink_install/ament_cmake_symlink_install.cmake:356 (ament_cmake_symlink_install_directory)
[0.279s]   cmake_install.cmake:46 (include)
[0.280s] This warning is for project developers.  Use -Wno-dev to suppress it.
[0.280s] [0m
[0.281s] -- Up-to-date symlink: /home/marceli/tb3_ws/src/install/turtlebot3_simulations/share/turtlebot3_gazebo/launch/build/.built_by
[0.281s] -- Up-to-date symlink: /home/marceli/tb3_ws/src/install/turtlebot3_simulations/share/turtlebot3_gazebo/launch/build/COLCON_IGNORE
[0.282s] -- Up-to-date symlink: /home/marceli/tb3_ws/src/install/turtlebot3_simulations/share/turtlebot3_gazebo/launch/empty_world.launch.py
[0.282s] -- Up-to-date symlink: /home/marceli/tb3_ws/src/install/turtlebot3_simulations/share/turtlebot3_gazebo/launch/install/.colcon_install_layout
[0.283s] -- Up-to-date symlink: /home/marceli/tb3_ws/src/install/turtlebot3_simulations/share/turtlebot3_gazebo/launch/install/COLCON_IGNORE
[0.284s] -- Up-to-date symlink: /home/marceli/tb3_ws/src/install/turtlebot3_simulations/share/turtlebot3_gazebo/launch/install/_local_setup_util_ps1.py
[0.284s] -- Up-to-date symlink: /home/marceli/tb3_ws/src/install/turtlebot3_simulations/share/turtlebot3_gazebo/launch/install/_local_setup_util_sh.py
[0.286s] -- Up-to-date symlink: /home/marceli/tb3_ws/src/install/turtlebot3_simulations/share/turtlebot3_gazebo/launch/install/local_setup.bash
[0.287s] -- Up-to-date symlink: /home/marceli/tb3_ws/src/install/turtlebot3_simulations/share/turtlebot3_gazebo/launch/install/local_setup.ps1
[0.288s] -- Up-to-date symlink: /home/marceli/tb3_ws/src/install/turtlebot3_simulations/share/turtlebot3_gazebo/launch/install/local_setup.sh
[0.288s] -- Up-to-date symlink: /home/marceli/tb3_ws/src/install/turtlebot3_simulations/share/turtlebot3_gazebo/launch/install/local_setup.zsh
[0.289s] -- Up-to-date symlink: /home/marceli/tb3_ws/src/install/turtlebot3_simulations/share/turtlebot3_gazebo/launch/install/setup.bash
[0.290s] -- Up-to-date symlink: /home/marceli/tb3_ws/src/install/turtlebot3_simulations/share/turtlebot3_gazebo/launch/install/setup.ps1
[0.297s] -- Up-to-date symlink: /home/marceli/tb3_ws/src/install/turtlebot3_simulations/share/turtlebot3_gazebo/launch/install/setup.sh
[0.298s] -- Up-to-date symlink: /home/marceli/tb3_ws/src/install/turtlebot3_simulations/share/turtlebot3_gazebo/launch/install/setup.zsh
[0.298s] -- Up-to-date symlink: /home/marceli/tb3_ws/src/install/turtlebot3_simulations/share/turtlebot3_gazebo/launch/log/COLCON_IGNORE
[0.299s] -- Up-to-date symlink: /home/marceli/tb3_ws/src/install/turtlebot3_simulations/share/turtlebot3_gazebo/launch/log/build_2023-07-11_16-40-51/events.log
[0.300s] -- Up-to-date symlink: /home/marceli/tb3_ws/src/install/turtlebot3_simulations/share/turtlebot3_gazebo/launch/log/build_2023-07-11_16-40-51/logger_all.log
[0.300s] -- Up-to-date symlink: /home/marceli/tb3_ws/src/install/turtlebot3_simulations/share/turtlebot3_gazebo/launch/log/latest/events.log
[0.301s] -- Up-to-date symlink: /home/marceli/tb3_ws/src/install/turtlebot3_simulations/share/turtlebot3_gazebo/launch/log/latest/logger_all.log
[0.302s] -- Up-to-date symlink: /home/marceli/tb3_ws/src/install/turtlebot3_simulations/share/turtlebot3_gazebo/launch/log/latest_build/events.log
[0.302s] -- Up-to-date symlink: /home/marceli/tb3_ws/src/install/turtlebot3_simulations/share/turtlebot3_gazebo/launch/log/latest_build/logger_all.log
[0.303s] -- Up-to-date symlink: /home/marceli/tb3_ws/src/install/turtlebot3_simulations/share/turtlebot3_gazebo/launch/my_world.launch.py
[0.303s] -- Up-to-date symlink: /home/marceli/tb3_ws/src/install/turtlebot3_simulations/share/turtlebot3_gazebo/launch/robot_state_publisher.launch.py
[0.304s] -- Up-to-date symlink: /home/marceli/tb3_ws/src/install/turtlebot3_simulations/share/turtlebot3_gazebo/launch/spawn_turtlebot3.launch.py
[0.304s] -- Up-to-date symlink: /home/marceli/tb3_ws/src/install/turtlebot3_simulations/share/turtlebot3_gazebo/launch/turtlebot3_dqn_stage1.launch.py
[0.305s] -- Up-to-date symlink: /home/marceli/tb3_ws/src/install/turtlebot3_simulations/share/turtlebot3_gazebo/launch/turtlebot3_dqn_stage2.launch.py
[0.306s] -- Up-to-date symlink: /home/marceli/tb3_ws/src/install/turtlebot3_simulations/share/turtlebot3_gazebo/launch/turtlebot3_dqn_stage3.launch.py
[0.306s] -- Up-to-date symlink: /home/marceli/tb3_ws/src/install/turtlebot3_simulations/share/turtlebot3_gazebo/launch/turtlebot3_dqn_stage4.launch.py
[0.307s] -- Up-to-date symlink: /home/marceli/tb3_ws/src/install/turtlebot3_simulations/share/turtlebot3_gazebo/launch/turtlebot3_house.launch.py
[0.307s] -- Up-to-date symlink: /home/marceli/tb3_ws/src/install/turtlebot3_simulations/share/turtlebot3_gazebo/launch/turtlebot3_world.launch.py
[0.316s] Invoked command in '/home/marceli/tb3_ws/src/build/turtlebot3_simulations' returned '0': AMENT_PREFIX_PATH=/home/marceli/tb3_ws/src/install/turtlebot3_fake_node:/home/marceli/tb3_ws/src/install/turtlebot3_msgs:/home/marceli/tb3_ws/src/install/turtlebot3_gazebo:${AMENT_PREFIX_PATH} CMAKE_PREFIX_PATH=/home/marceli/tb3_ws/src/install/turtlebot3_fake_node:/home/marceli/tb3_ws/src/install/turtlebot3_msgs:/home/marceli/tb3_ws/src/install/turtlebot3_gazebo:/opt/ros/humble LD_LIBRARY_PATH=/home/marceli/tb3_ws/src/install/turtlebot3_msgs/lib:${LD_LIBRARY_PATH} PYTHONPATH=/home/marceli/tb3_ws/src/install/turtlebot3_msgs/local/lib/python3.10/dist-packages:${PYTHONPATH} /usr/bin/cmake --install /home/marceli/tb3_ws/src/build/turtlebot3_simulations
