[0.740s] Invoking command in '/home/marceli/tb3_ws/src/build/dynamixel_sdk_examples': AMENT_PREFIX_PATH=/home/marceli/tb3_ws/src/install/dynamixel_sdk_custom_interfaces:/home/marceli/tb3_ws/src/install/dynamixel_sdk:${AMENT_PREFIX_PATH} CMAKE_PREFIX_PATH=/home/marceli/tb3_ws/src/install/dynamixel_sdk_custom_interfaces:/home/marceli/tb3_ws/src/install/dynamixel_sdk:/opt/ros/humble LD_LIBRARY_PATH=/home/marceli/tb3_ws/src/install/dynamixel_sdk_custom_interfaces/lib:/home/marceli/tb3_ws/src/install/dynamixel_sdk/lib:${LD_LIBRARY_PATH} PYTHONPATH=/home/marceli/tb3_ws/src/install/dynamixel_sdk_custom_interfaces/local/lib/python3.10/dist-packages:${PYTHONPATH} /usr/bin/cmake /home/marceli/tb3_ws/src/utils/DynamixelSDK/dynamixel_sdk_examples -DAMENT_CMAKE_SYMLINK_INSTALL=1 -DCMAKE_INSTALL_PREFIX=/home/marceli/tb3_ws/src/install/dynamixel_sdk_examples
[0.962s] -- The C compiler identification is GNU 11.3.0
[1.168s] -- The CXX compiler identification is GNU 11.3.0
[1.188s] -- Detecting C compiler ABI info
[1.524s] -- Detecting C compiler ABI info - done
[1.529s] -- Check for working C compiler: /usr/bin/cc - skipped
[1.545s] -- Detecting C compile features
[1.545s] -- Detecting C compile features - done
[1.551s] -- Detecting CXX compiler ABI info
[1.929s] -- Detecting CXX compiler ABI info - done
[1.947s] -- Check for working CXX compiler: /usr/bin/c++ - skipped
[1.954s] -- Detecting CXX compile features
[1.955s] -- Detecting CXX compile features - done
[1.964s] -- Found ament_cmake: 1.3.5 (/opt/ros/humble/share/ament_cmake/cmake)
[2.507s] -- Found Python3: /usr/bin/python3.10 (found version "3.10.6") found components: Interpreter 
[2.793s] -- Override CMake install command with custom implementation using symlinks instead of copying resources
[2.906s] -- Found dynamixel_sdk: 3.7.60 (/home/marceli/tb3_ws/src/install/dynamixel_sdk/share/dynamixel_sdk/cmake)
[2.908s] -- Found dynamixel_sdk_custom_interfaces: 3.7.60 (/home/marceli/tb3_ws/src/install/dynamixel_sdk_custom_interfaces/share/dynamixel_sdk_custom_interfaces/cmake)
[3.083s] -- Found rosidl_generator_c: 3.1.4 (/opt/ros/humble/share/rosidl_generator_c/cmake)
[3.101s] -- Found rosidl_adapter: 3.1.4 (/opt/ros/humble/share/rosidl_adapter/cmake)
[3.149s] -- Found rosidl_generator_cpp: 3.1.4 (/opt/ros/humble/share/rosidl_generator_cpp/cmake)
[3.219s] -- Using all available rosidl_typesupport_c: rosidl_typesupport_fastrtps_c;rosidl_typesupport_introspection_c
[3.303s] -- Using all available rosidl_typesupport_cpp: rosidl_typesupport_fastrtps_cpp;rosidl_typesupport_introspection_cpp
[3.500s] -- Found rclcpp: 16.0.4 (/opt/ros/humble/share/rclcpp/cmake)
[3.664s] -- Found rmw_implementation_cmake: 6.1.1 (/opt/ros/humble/share/rmw_implementation_cmake/cmake)
[3.673s] -- Found rmw_cyclonedds_cpp: 1.3.4 (/opt/ros/humble/share/rmw_cyclonedds_cpp/cmake)
[3.786s] -- Using RMW implementation 'rmw_cyclonedds_cpp' as default
[3.818s] -- Looking for pthread.h
[4.333s] -- Looking for pthread.h - found
[4.333s] -- Performing Test CMAKE_HAVE_LIBC_PTHREAD
[4.832s] -- Performing Test CMAKE_HAVE_LIBC_PTHREAD - Success
[4.832s] -- Found Threads: TRUE  
[5.527s] -- Found ament_lint_auto: 0.12.6 (/opt/ros/humble/share/ament_lint_auto/cmake)
[5.896s] -- Added test 'copyright' to check source files copyright and LICENSE
[5.902s] -- Added test 'cppcheck' to perform static code analysis on C / C++ code
[5.902s] -- Configured cppcheck include dirs: /home/marceli/tb3_ws/src/utils/DynamixelSDK/dynamixel_sdk_examples/include
[5.902s] -- Configured cppcheck exclude dirs and/or files: 
[5.905s] -- Added test 'cpplint' to check C / C++ code against the Google style
[5.905s] -- Configured cpplint exclude dirs and/or files: 
[5.908s] -- Added test 'lint_cmake' to check CMake code style
[5.911s] -- Added test 'uncrustify' to check C / C++ code style
[5.911s] -- Configured uncrustify additional arguments: 
[5.912s] -- Added test 'xmllint' to check XML markup files
[5.915s] -- Configuring done
[5.930s] -- Generating done
[5.933s] -- Build files have been written to: /home/marceli/tb3_ws/src/build/dynamixel_sdk_examples
[5.949s] Invoked command in '/home/marceli/tb3_ws/src/build/dynamixel_sdk_examples' returned '0': AMENT_PREFIX_PATH=/home/marceli/tb3_ws/src/install/dynamixel_sdk_custom_interfaces:/home/marceli/tb3_ws/src/install/dynamixel_sdk:${AMENT_PREFIX_PATH} CMAKE_PREFIX_PATH=/home/marceli/tb3_ws/src/install/dynamixel_sdk_custom_interfaces:/home/marceli/tb3_ws/src/install/dynamixel_sdk:/opt/ros/humble LD_LIBRARY_PATH=/home/marceli/tb3_ws/src/install/dynamixel_sdk_custom_interfaces/lib:/home/marceli/tb3_ws/src/install/dynamixel_sdk/lib:${LD_LIBRARY_PATH} PYTHONPATH=/home/marceli/tb3_ws/src/install/dynamixel_sdk_custom_interfaces/local/lib/python3.10/dist-packages:${PYTHONPATH} /usr/bin/cmake /home/marceli/tb3_ws/src/utils/DynamixelSDK/dynamixel_sdk_examples -DAMENT_CMAKE_SYMLINK_INSTALL=1 -DCMAKE_INSTALL_PREFIX=/home/marceli/tb3_ws/src/install/dynamixel_sdk_examples
[5.953s] Invoking command in '/home/marceli/tb3_ws/src/build/dynamixel_sdk_examples': AMENT_PREFIX_PATH=/home/marceli/tb3_ws/src/install/dynamixel_sdk_custom_interfaces:/home/marceli/tb3_ws/src/install/dynamixel_sdk:${AMENT_PREFIX_PATH} CMAKE_PREFIX_PATH=/home/marceli/tb3_ws/src/install/dynamixel_sdk_custom_interfaces:/home/marceli/tb3_ws/src/install/dynamixel_sdk:/opt/ros/humble LD_LIBRARY_PATH=/home/marceli/tb3_ws/src/install/dynamixel_sdk_custom_interfaces/lib:/home/marceli/tb3_ws/src/install/dynamixel_sdk/lib:${LD_LIBRARY_PATH} PYTHONPATH=/home/marceli/tb3_ws/src/install/dynamixel_sdk_custom_interfaces/local/lib/python3.10/dist-packages:${PYTHONPATH} /usr/bin/cmake --build /home/marceli/tb3_ws/src/build/dynamixel_sdk_examples -- -j4 -l4
[6.154s] [ 50%] [32mBuilding CXX object CMakeFiles/read_write_node.dir/src/read_write_node.cpp.o[0m
[33.690s] [100%] [32m[1mLinking CXX executable read_write_node[0m
[34.560s] [100%] Built target read_write_node
[34.584s] Invoked command in '/home/marceli/tb3_ws/src/build/dynamixel_sdk_examples' returned '0': AMENT_PREFIX_PATH=/home/marceli/tb3_ws/src/install/dynamixel_sdk_custom_interfaces:/home/marceli/tb3_ws/src/install/dynamixel_sdk:${AMENT_PREFIX_PATH} CMAKE_PREFIX_PATH=/home/marceli/tb3_ws/src/install/dynamixel_sdk_custom_interfaces:/home/marceli/tb3_ws/src/install/dynamixel_sdk:/opt/ros/humble LD_LIBRARY_PATH=/home/marceli/tb3_ws/src/install/dynamixel_sdk_custom_interfaces/lib:/home/marceli/tb3_ws/src/install/dynamixel_sdk/lib:${LD_LIBRARY_PATH} PYTHONPATH=/home/marceli/tb3_ws/src/install/dynamixel_sdk_custom_interfaces/local/lib/python3.10/dist-packages:${PYTHONPATH} /usr/bin/cmake --build /home/marceli/tb3_ws/src/build/dynamixel_sdk_examples -- -j4 -l4
[34.779s] Invoking command in '/home/marceli/tb3_ws/src/build/dynamixel_sdk_examples': AMENT_PREFIX_PATH=/home/marceli/tb3_ws/src/install/dynamixel_sdk_custom_interfaces:/home/marceli/tb3_ws/src/install/dynamixel_sdk:${AMENT_PREFIX_PATH} CMAKE_PREFIX_PATH=/home/marceli/tb3_ws/src/install/dynamixel_sdk_custom_interfaces:/home/marceli/tb3_ws/src/install/dynamixel_sdk:/opt/ros/humble LD_LIBRARY_PATH=/home/marceli/tb3_ws/src/install/dynamixel_sdk_custom_interfaces/lib:/home/marceli/tb3_ws/src/install/dynamixel_sdk/lib:${LD_LIBRARY_PATH} PYTHONPATH=/home/marceli/tb3_ws/src/install/dynamixel_sdk_custom_interfaces/local/lib/python3.10/dist-packages:${PYTHONPATH} /usr/bin/cmake --install /home/marceli/tb3_ws/src/build/dynamixel_sdk_examples
[34.831s] -- Install configuration: ""
[34.832s] -- Execute custom install script
[34.848s] -- Symlinking: /home/marceli/tb3_ws/src/install/dynamixel_sdk_examples/lib/dynamixel_sdk_examples/read_write_node
[34.886s] -- Symlinking: /home/marceli/tb3_ws/src/install/dynamixel_sdk_examples/share/ament_index/resource_index/package_run_dependencies/dynamixel_sdk_examples
[34.923s] -- Symlinking: /home/marceli/tb3_ws/src/install/dynamixel_sdk_examples/share/ament_index/resource_index/parent_prefix_path/dynamixel_sdk_examples
[34.950s] -- Symlinking: /home/marceli/tb3_ws/src/install/dynamixel_sdk_examples/share/dynamixel_sdk_examples/environment/ament_prefix_path.sh
[34.979s] -- Symlinking: /home/marceli/tb3_ws/src/install/dynamixel_sdk_examples/share/dynamixel_sdk_examples/environment/ament_prefix_path.dsv
[35.000s] -- Symlinking: /home/marceli/tb3_ws/src/install/dynamixel_sdk_examples/share/dynamixel_sdk_examples/environment/path.sh
[35.021s] -- Symlinking: /home/marceli/tb3_ws/src/install/dynamixel_sdk_examples/share/dynamixel_sdk_examples/environment/path.dsv
[35.041s] -- Symlinking: /home/marceli/tb3_ws/src/install/dynamixel_sdk_examples/share/dynamixel_sdk_examples/local_setup.bash
[35.061s] -- Symlinking: /home/marceli/tb3_ws/src/install/dynamixel_sdk_examples/share/dynamixel_sdk_examples/local_setup.sh
[35.078s] -- Symlinking: /home/marceli/tb3_ws/src/install/dynamixel_sdk_examples/share/dynamixel_sdk_examples/local_setup.zsh
[35.097s] -- Symlinking: /home/marceli/tb3_ws/src/install/dynamixel_sdk_examples/share/dynamixel_sdk_examples/local_setup.dsv
[35.114s] -- Symlinking: /home/marceli/tb3_ws/src/install/dynamixel_sdk_examples/share/dynamixel_sdk_examples/package.dsv
[35.134s] -- Symlinking: /home/marceli/tb3_ws/src/install/dynamixel_sdk_examples/share/ament_index/resource_index/packages/dynamixel_sdk_examples
[35.148s] -- Symlinking: /home/marceli/tb3_ws/src/install/dynamixel_sdk_examples/share/dynamixel_sdk_examples/cmake/dynamixel_sdk_examplesConfig.cmake
[35.166s] -- Symlinking: /home/marceli/tb3_ws/src/install/dynamixel_sdk_examples/share/dynamixel_sdk_examples/cmake/dynamixel_sdk_examplesConfig-version.cmake
[35.186s] -- Symlinking: /home/marceli/tb3_ws/src/install/dynamixel_sdk_examples/share/dynamixel_sdk_examples/package.xml
[35.221s] Invoked command in '/home/marceli/tb3_ws/src/build/dynamixel_sdk_examples' returned '0': AMENT_PREFIX_PATH=/home/marceli/tb3_ws/src/install/dynamixel_sdk_custom_interfaces:/home/marceli/tb3_ws/src/install/dynamixel_sdk:${AMENT_PREFIX_PATH} CMAKE_PREFIX_PATH=/home/marceli/tb3_ws/src/install/dynamixel_sdk_custom_interfaces:/home/marceli/tb3_ws/src/install/dynamixel_sdk:/opt/ros/humble LD_LIBRARY_PATH=/home/marceli/tb3_ws/src/install/dynamixel_sdk_custom_interfaces/lib:/home/marceli/tb3_ws/src/install/dynamixel_sdk/lib:${LD_LIBRARY_PATH} PYTHONPATH=/home/marceli/tb3_ws/src/install/dynamixel_sdk_custom_interfaces/local/lib/python3.10/dist-packages:${PYTHONPATH} /usr/bin/cmake --install /home/marceli/tb3_ws/src/build/dynamixel_sdk_examples
