[0.112s] Invoking command in '/home/marceli/tb3_ws/build/turtlebot3_fake_node': AMENT_PREFIX_PATH=/home/marceli/tb3_ws/install/turtlebot3_msgs:${AMENT_PREFIX_PATH} CMAKE_PREFIX_PATH=/home/marceli/tb3_ws/install/turtlebot3_msgs:/opt/ros/humble LD_LIBRARY_PATH=/home/marceli/tb3_ws/install/turtlebot3_msgs/lib:${LD_LIBRARY_PATH} PYTHONPATH=/home/marceli/tb3_ws/install/turtlebot3_msgs/local/lib/python3.10/dist-packages:${PYTHONPATH} /usr/bin/cmake /home/marceli/tb3_ws/src/turtlebot3/turtlebot3_simulations/turtlebot3_fake_node -DAMENT_CMAKE_SYMLINK_INSTALL=1 -DCMAKE_INSTALL_PREFIX=/home/marceli/tb3_ws/install/turtlebot3_fake_node
[0.393s] -- The C compiler identification is GNU 11.3.0
[0.560s] -- The CXX compiler identification is GNU 11.3.0
[0.582s] -- Detecting C compiler ABI info
[0.868s] -- Detecting C compiler ABI info - done
[0.888s] -- Check for working C compiler: /usr/bin/cc - skipped
[0.888s] -- Detecting C compile features
[0.899s] -- Detecting C compile features - done
[0.911s] -- Detecting CXX compiler ABI info
[1.278s] -- Detecting CXX compiler ABI info - done
[1.322s] -- Check for working CXX compiler: /usr/bin/c++ - skipped
[1.323s] -- Detecting CXX compile features
[1.323s] -- Detecting CXX compile features - done
[1.329s] -- Found ament_cmake: 1.3.5 (/opt/ros/humble/share/ament_cmake/cmake)
[2.001s] -- Found Python3: /usr/bin/python3.10 (found version "3.10.6") found components: Interpreter 
[2.206s] -- Override CMake install command with custom implementation using symlinks instead of copying resources
[2.292s] -- Found geometry_msgs: 4.2.3 (/opt/ros/humble/share/geometry_msgs/cmake)
[2.474s] -- Found rosidl_generator_c: 3.1.4 (/opt/ros/humble/share/rosidl_generator_c/cmake)
[2.488s] -- Found rosidl_adapter: 3.1.4 (/opt/ros/humble/share/rosidl_adapter/cmake)
[2.509s] -- Found rosidl_generator_cpp: 3.1.4 (/opt/ros/humble/share/rosidl_generator_cpp/cmake)
[2.547s] -- Using all available rosidl_typesupport_c: rosidl_typesupport_fastrtps_c;rosidl_typesupport_introspection_c
[2.598s] -- Using all available rosidl_typesupport_cpp: rosidl_typesupport_fastrtps_cpp;rosidl_typesupport_introspection_cpp
[2.999s] -- Found nav_msgs: 4.2.3 (/opt/ros/humble/share/nav_msgs/cmake)
[3.298s] -- Found rclcpp: 16.0.4 (/opt/ros/humble/share/rclcpp/cmake)
[3.580s] -- Found rmw_implementation_cmake: 6.1.1 (/opt/ros/humble/share/rmw_implementation_cmake/cmake)
[3.587s] -- Found rmw_cyclonedds_cpp: 1.3.4 (/opt/ros/humble/share/rmw_cyclonedds_cpp/cmake)
[3.707s] -- Using RMW implementation 'rmw_cyclonedds_cpp' as default
[3.746s] -- Looking for pthread.h
[4.047s] -- Looking for pthread.h - found
[4.048s] -- Performing Test CMAKE_HAVE_LIBC_PTHREAD
[4.281s] -- Performing Test CMAKE_HAVE_LIBC_PTHREAD - Success
[4.284s] -- Found Threads: TRUE  
[5.058s] -- Found sensor_msgs: 4.2.3 (/opt/ros/humble/share/sensor_msgs/cmake)
[5.395s] -- Found tf2: 0.25.2 (/opt/ros/humble/share/tf2/cmake)
[5.447s] -- Found tf2_msgs: 0.25.2 (/opt/ros/humble/share/tf2_msgs/cmake)
[6.122s] -- Found turtlebot3_msgs: 2.2.3 (/home/marceli/tb3_ws/install/turtlebot3_msgs/share/turtlebot3_msgs/cmake)
[6.728s] -- Configuring done
[6.816s] -- Generating done
[6.817s] -- Build files have been written to: /home/marceli/tb3_ws/build/turtlebot3_fake_node
[6.862s] Invoked command in '/home/marceli/tb3_ws/build/turtlebot3_fake_node' returned '0': AMENT_PREFIX_PATH=/home/marceli/tb3_ws/install/turtlebot3_msgs:${AMENT_PREFIX_PATH} CMAKE_PREFIX_PATH=/home/marceli/tb3_ws/install/turtlebot3_msgs:/opt/ros/humble LD_LIBRARY_PATH=/home/marceli/tb3_ws/install/turtlebot3_msgs/lib:${LD_LIBRARY_PATH} PYTHONPATH=/home/marceli/tb3_ws/install/turtlebot3_msgs/local/lib/python3.10/dist-packages:${PYTHONPATH} /usr/bin/cmake /home/marceli/tb3_ws/src/turtlebot3/turtlebot3_simulations/turtlebot3_fake_node -DAMENT_CMAKE_SYMLINK_INSTALL=1 -DCMAKE_INSTALL_PREFIX=/home/marceli/tb3_ws/install/turtlebot3_fake_node
[6.885s] Invoking command in '/home/marceli/tb3_ws/build/turtlebot3_fake_node': AMENT_PREFIX_PATH=/home/marceli/tb3_ws/install/turtlebot3_msgs:${AMENT_PREFIX_PATH} CMAKE_PREFIX_PATH=/home/marceli/tb3_ws/install/turtlebot3_msgs:/opt/ros/humble LD_LIBRARY_PATH=/home/marceli/tb3_ws/install/turtlebot3_msgs/lib:${LD_LIBRARY_PATH} PYTHONPATH=/home/marceli/tb3_ws/install/turtlebot3_msgs/local/lib/python3.10/dist-packages:${PYTHONPATH} /usr/bin/cmake --build /home/marceli/tb3_ws/build/turtlebot3_fake_node -- -j4 -l4
[7.104s] [ 50%] [32mBuilding CXX object CMakeFiles/turtlebot3_fake_node.dir/src/turtlebot3_fake_node.cpp.o[0m
[43.101s] [100%] [32m[1mLinking CXX executable turtlebot3_fake_node[0m
[44.604s] [100%] Built target turtlebot3_fake_node
[44.626s] Invoked command in '/home/marceli/tb3_ws/build/turtlebot3_fake_node' returned '0': AMENT_PREFIX_PATH=/home/marceli/tb3_ws/install/turtlebot3_msgs:${AMENT_PREFIX_PATH} CMAKE_PREFIX_PATH=/home/marceli/tb3_ws/install/turtlebot3_msgs:/opt/ros/humble LD_LIBRARY_PATH=/home/marceli/tb3_ws/install/turtlebot3_msgs/lib:${LD_LIBRARY_PATH} PYTHONPATH=/home/marceli/tb3_ws/install/turtlebot3_msgs/local/lib/python3.10/dist-packages:${PYTHONPATH} /usr/bin/cmake --build /home/marceli/tb3_ws/build/turtlebot3_fake_node -- -j4 -l4
[44.691s] Invoking command in '/home/marceli/tb3_ws/build/turtlebot3_fake_node': AMENT_PREFIX_PATH=/home/marceli/tb3_ws/install/turtlebot3_msgs:${AMENT_PREFIX_PATH} CMAKE_PREFIX_PATH=/home/marceli/tb3_ws/install/turtlebot3_msgs:/opt/ros/humble LD_LIBRARY_PATH=/home/marceli/tb3_ws/install/turtlebot3_msgs/lib:${LD_LIBRARY_PATH} PYTHONPATH=/home/marceli/tb3_ws/install/turtlebot3_msgs/local/lib/python3.10/dist-packages:${PYTHONPATH} /usr/bin/cmake --install /home/marceli/tb3_ws/build/turtlebot3_fake_node
[44.709s] -- Install configuration: ""
[44.710s] -- Execute custom install script
[44.710s] -- Symlinking: /home/marceli/tb3_ws/install/turtlebot3_fake_node/lib/turtlebot3_fake_node/turtlebot3_fake_node
[44.734s] -- Symlinking: /home/marceli/tb3_ws/install/turtlebot3_fake_node/share/turtlebot3_fake_node/launch/rviz2.launch.py
[44.760s] -- Symlinking: /home/marceli/tb3_ws/install/turtlebot3_fake_node/share/turtlebot3_fake_node/launch/turtlebot3_fake_node.launch.py
[44.779s] -- Symlinking: /home/marceli/tb3_ws/install/turtlebot3_fake_node/share/turtlebot3_fake_node/param/burger.yaml
[44.800s] -- Symlinking: /home/marceli/tb3_ws/install/turtlebot3_fake_node/share/turtlebot3_fake_node/param/waffle.yaml
[44.822s] -- Symlinking: /home/marceli/tb3_ws/install/turtlebot3_fake_node/share/turtlebot3_fake_node/param/waffle_pi.yaml
[44.850s] -- Symlinking: /home/marceli/tb3_ws/install/turtlebot3_fake_node/include//turtlebot3_fake_node/turtlebot3_fake_node.hpp
[44.869s] -- Symlinking: /home/marceli/tb3_ws/install/turtlebot3_fake_node/share/ament_index/resource_index/package_run_dependencies/turtlebot3_fake_node
[44.890s] -- Symlinking: /home/marceli/tb3_ws/install/turtlebot3_fake_node/share/ament_index/resource_index/parent_prefix_path/turtlebot3_fake_node
[44.908s] -- Symlinking: /home/marceli/tb3_ws/install/turtlebot3_fake_node/share/turtlebot3_fake_node/environment/ament_prefix_path.sh
[44.927s] -- Symlinking: /home/marceli/tb3_ws/install/turtlebot3_fake_node/share/turtlebot3_fake_node/environment/ament_prefix_path.dsv
[44.954s] -- Symlinking: /home/marceli/tb3_ws/install/turtlebot3_fake_node/share/turtlebot3_fake_node/environment/path.sh
[44.972s] -- Symlinking: /home/marceli/tb3_ws/install/turtlebot3_fake_node/share/turtlebot3_fake_node/environment/path.dsv
[44.992s] -- Symlinking: /home/marceli/tb3_ws/install/turtlebot3_fake_node/share/turtlebot3_fake_node/local_setup.bash
[45.010s] -- Symlinking: /home/marceli/tb3_ws/install/turtlebot3_fake_node/share/turtlebot3_fake_node/local_setup.sh
[45.027s] -- Symlinking: /home/marceli/tb3_ws/install/turtlebot3_fake_node/share/turtlebot3_fake_node/local_setup.zsh
[45.044s] -- Symlinking: /home/marceli/tb3_ws/install/turtlebot3_fake_node/share/turtlebot3_fake_node/local_setup.dsv
[45.070s] -- Symlinking: /home/marceli/tb3_ws/install/turtlebot3_fake_node/share/turtlebot3_fake_node/package.dsv
[45.090s] -- Symlinking: /home/marceli/tb3_ws/install/turtlebot3_fake_node/share/ament_index/resource_index/packages/turtlebot3_fake_node
[45.108s] -- Symlinking: /home/marceli/tb3_ws/install/turtlebot3_fake_node/share/turtlebot3_fake_node/cmake/ament_cmake_export_include_directories-extras.cmake
[45.125s] -- Symlinking: /home/marceli/tb3_ws/install/turtlebot3_fake_node/share/turtlebot3_fake_node/cmake/ament_cmake_export_dependencies-extras.cmake
[45.151s] -- Symlinking: /home/marceli/tb3_ws/install/turtlebot3_fake_node/share/turtlebot3_fake_node/cmake/turtlebot3_fake_nodeConfig.cmake
[45.168s] -- Symlinking: /home/marceli/tb3_ws/install/turtlebot3_fake_node/share/turtlebot3_fake_node/cmake/turtlebot3_fake_nodeConfig-version.cmake
[45.186s] -- Symlinking: /home/marceli/tb3_ws/install/turtlebot3_fake_node/share/turtlebot3_fake_node/package.xml
[45.211s] Invoked command in '/home/marceli/tb3_ws/build/turtlebot3_fake_node' returned '0': AMENT_PREFIX_PATH=/home/marceli/tb3_ws/install/turtlebot3_msgs:${AMENT_PREFIX_PATH} CMAKE_PREFIX_PATH=/home/marceli/tb3_ws/install/turtlebot3_msgs:/opt/ros/humble LD_LIBRARY_PATH=/home/marceli/tb3_ws/install/turtlebot3_msgs/lib:${LD_LIBRARY_PATH} PYTHONPATH=/home/marceli/tb3_ws/install/turtlebot3_msgs/local/lib/python3.10/dist-packages:${PYTHONPATH} /usr/bin/cmake --install /home/marceli/tb3_ws/build/turtlebot3_fake_node
