[0.107s] Invoking command in '/home/marceli/tb3_ws/build/turtlebot3_description': CMAKE_PREFIX_PATH=/opt/ros/humble /usr/bin/cmake /home/marceli/tb3_ws/src/turtlebot3/turtlebot3/turtlebot3_description -DAMENT_CMAKE_SYMLINK_INSTALL=1 -DCMAKE_INSTALL_PREFIX=/home/marceli/tb3_ws/install/turtlebot3_description
[0.503s] -- The C compiler identification is GNU 11.3.0
[0.936s] -- The CXX compiler identification is GNU 11.3.0
[0.961s] -- Detecting C compiler ABI info
[1.169s] -- Detecting C compiler ABI info - done
[1.193s] -- Check for working C compiler: /usr/bin/cc - skipped
[1.193s] -- Detecting C compile features
[1.194s] -- Detecting C compile features - done
[1.202s] -- Detecting CXX compiler ABI info
[1.415s] -- Detecting CXX compiler ABI info - done
[1.430s] -- Check for working CXX compiler: /usr/bin/c++ - skipped
[1.430s] -- Detecting CXX compile features
[1.431s] -- Detecting CXX compile features - done
[1.447s] -- Found ament_cmake: 1.3.5 (/opt/ros/humble/share/ament_cmake/cmake)
[1.902s] -- Found Python3: /usr/bin/python3.10 (found version "3.10.6") found components: Interpreter 
[2.139s] -- Override CMake install command with custom implementation using symlinks instead of copying resources
[2.415s] -- Found urdf: 2.6.0 (/opt/ros/humble/share/urdf/cmake)
[2.894s] -- Configuring done
[2.912s] -- Generating done
[2.914s] -- Build files have been written to: /home/marceli/tb3_ws/build/turtlebot3_description
[2.936s] Invoked command in '/home/marceli/tb3_ws/build/turtlebot3_description' returned '0': CMAKE_PREFIX_PATH=/opt/ros/humble /usr/bin/cmake /home/marceli/tb3_ws/src/turtlebot3/turtlebot3/turtlebot3_description -DAMENT_CMAKE_SYMLINK_INSTALL=1 -DCMAKE_INSTALL_PREFIX=/home/marceli/tb3_ws/install/turtlebot3_description
[2.937s] Invoking command in '/home/marceli/tb3_ws/build/turtlebot3_description': CMAKE_PREFIX_PATH=/opt/ros/humble /usr/bin/cmake --build /home/marceli/tb3_ws/build/turtlebot3_description -- -j4 -l4
[3.150s] Invoked command in '/home/marceli/tb3_ws/build/turtlebot3_description' returned '0': CMAKE_PREFIX_PATH=/opt/ros/humble /usr/bin/cmake --build /home/marceli/tb3_ws/build/turtlebot3_description -- -j4 -l4
[3.240s] Invoking command in '/home/marceli/tb3_ws/build/turtlebot3_description': CMAKE_PREFIX_PATH=/opt/ros/humble /usr/bin/cmake --install /home/marceli/tb3_ws/build/turtlebot3_description
[3.266s] -- Install configuration: ""
[3.267s] -- Execute custom install script
[3.270s] -- Symlinking: /home/marceli/tb3_ws/install/turtlebot3_description/share/turtlebot3_description/meshes/bases/burger_base.stl
[3.298s] -- Symlinking: /home/marceli/tb3_ws/install/turtlebot3_description/share/turtlebot3_description/meshes/bases/waffle_base.stl
[3.332s] -- Symlinking: /home/marceli/tb3_ws/install/turtlebot3_description/share/turtlebot3_description/meshes/bases/waffle_pi_base.stl
[3.359s] -- Symlinking: /home/marceli/tb3_ws/install/turtlebot3_description/share/turtlebot3_description/meshes/sensors/astra.dae
[3.387s] -- Symlinking: /home/marceli/tb3_ws/install/turtlebot3_description/share/turtlebot3_description/meshes/sensors/astra.jpg
[3.409s] -- Symlinking: /home/marceli/tb3_ws/install/turtlebot3_description/share/turtlebot3_description/meshes/sensors/lds.stl
[3.438s] -- Symlinking: /home/marceli/tb3_ws/install/turtlebot3_description/share/turtlebot3_description/meshes/sensors/r200.dae
[3.456s] -- Symlinking: /home/marceli/tb3_ws/install/turtlebot3_description/share/turtlebot3_description/meshes/sensors/r200.jpg
[3.472s] -- Symlinking: /home/marceli/tb3_ws/install/turtlebot3_description/share/turtlebot3_description/meshes/wheels/left_tire.stl
[3.499s] -- Symlinking: /home/marceli/tb3_ws/install/turtlebot3_description/share/turtlebot3_description/meshes/wheels/right_tire.stl
[3.521s] -- Symlinking: /home/marceli/tb3_ws/install/turtlebot3_description/share/turtlebot3_description/rviz/model.rviz
[3.542s] -- Symlinking: /home/marceli/tb3_ws/install/turtlebot3_description/share/turtlebot3_description/urdf/common_properties.urdf
[3.559s] -- Symlinking: /home/marceli/tb3_ws/install/turtlebot3_description/share/turtlebot3_description/urdf/turtlebot3_burger.urdf
[3.586s] -- Symlinking: /home/marceli/tb3_ws/install/turtlebot3_description/share/turtlebot3_description/urdf/turtlebot3_waffle.urdf
[3.622s] -- Symlinking: /home/marceli/tb3_ws/install/turtlebot3_description/share/turtlebot3_description/urdf/turtlebot3_waffle_pi.urdf
[3.646s] -- Symlinking: /home/marceli/tb3_ws/install/turtlebot3_description/share/ament_index/resource_index/package_run_dependencies/turtlebot3_description
[3.667s] -- Symlinking: /home/marceli/tb3_ws/install/turtlebot3_description/share/ament_index/resource_index/parent_prefix_path/turtlebot3_description
[3.723s] -- Symlinking: /home/marceli/tb3_ws/install/turtlebot3_description/share/turtlebot3_description/environment/ament_prefix_path.sh
[3.766s] -- Symlinking: /home/marceli/tb3_ws/install/turtlebot3_description/share/turtlebot3_description/environment/ament_prefix_path.dsv
[3.834s] -- Symlinking: /home/marceli/tb3_ws/install/turtlebot3_description/share/turtlebot3_description/environment/path.sh
[3.860s] -- Symlinking: /home/marceli/tb3_ws/install/turtlebot3_description/share/turtlebot3_description/environment/path.dsv
[3.913s] -- Symlinking: /home/marceli/tb3_ws/install/turtlebot3_description/share/turtlebot3_description/local_setup.bash
[3.951s] -- Symlinking: /home/marceli/tb3_ws/install/turtlebot3_description/share/turtlebot3_description/local_setup.sh
[3.999s] -- Symlinking: /home/marceli/tb3_ws/install/turtlebot3_description/share/turtlebot3_description/local_setup.zsh
[4.032s] -- Symlinking: /home/marceli/tb3_ws/install/turtlebot3_description/share/turtlebot3_description/local_setup.dsv
[4.090s] -- Symlinking: /home/marceli/tb3_ws/install/turtlebot3_description/share/turtlebot3_description/package.dsv
[4.133s] -- Symlinking: /home/marceli/tb3_ws/install/turtlebot3_description/share/ament_index/resource_index/packages/turtlebot3_description
[4.172s] -- Symlinking: /home/marceli/tb3_ws/install/turtlebot3_description/share/turtlebot3_description/cmake/turtlebot3_descriptionConfig.cmake
[4.216s] -- Symlinking: /home/marceli/tb3_ws/install/turtlebot3_description/share/turtlebot3_description/cmake/turtlebot3_descriptionConfig-version.cmake
[4.269s] -- Symlinking: /home/marceli/tb3_ws/install/turtlebot3_description/share/turtlebot3_description/package.xml
[4.329s] Invoked command in '/home/marceli/tb3_ws/build/turtlebot3_description' returned '0': CMAKE_PREFIX_PATH=/opt/ros/humble /usr/bin/cmake --install /home/marceli/tb3_ws/build/turtlebot3_description
