[0.058s] Invoking command in '/home/marceli/tb3_ws/src/build/turtlebot3_bringup': AMENT_PREFIX_PATH=/home/marceli/tb3_ws/src/install/turtlebot3_node:/home/marceli/tb3_ws/src/install/turtlebot3_msgs:/home/marceli/tb3_ws/src/install/turtlebot3_description:/home/marceli/tb3_ws/src/install/hls_lfcd_lds_driver:/home/marceli/tb3_ws/src/install/dynamixel_sdk:${AMENT_PREFIX_PATH} CMAKE_PREFIX_PATH=/home/marceli/tb3_ws/src/install/turtlebot3_node:/home/marceli/tb3_ws/src/install/turtlebot3_msgs:/home/marceli/tb3_ws/src/install/turtlebot3_description:/home/marceli/tb3_ws/src/install/hls_lfcd_lds_driver:/home/marceli/tb3_ws/src/install/dynamixel_sdk:/opt/ros/humble LD_LIBRARY_PATH=/home/marceli/tb3_ws/src/install/turtlebot3_msgs/lib:/home/marceli/tb3_ws/src/install/dynamixel_sdk/lib:${LD_LIBRARY_PATH} PYTHONPATH=/home/marceli/tb3_ws/src/install/turtlebot3_msgs/local/lib/python3.10/dist-packages:${PYTHONPATH} /usr/bin/cmake --build /home/marceli/tb3_ws/src/build/turtlebot3_bringup -- -j4 -l4
[0.125s] Invoked command in '/home/marceli/tb3_ws/src/build/turtlebot3_bringup' returned '0': AMENT_PREFIX_PATH=/home/marceli/tb3_ws/src/install/turtlebot3_node:/home/marceli/tb3_ws/src/install/turtlebot3_msgs:/home/marceli/tb3_ws/src/install/turtlebot3_description:/home/marceli/tb3_ws/src/install/hls_lfcd_lds_driver:/home/marceli/tb3_ws/src/install/dynamixel_sdk:${AMENT_PREFIX_PATH} CMAKE_PREFIX_PATH=/home/marceli/tb3_ws/src/install/turtlebot3_node:/home/marceli/tb3_ws/src/install/turtlebot3_msgs:/home/marceli/tb3_ws/src/install/turtlebot3_description:/home/marceli/tb3_ws/src/install/hls_lfcd_lds_driver:/home/marceli/tb3_ws/src/install/dynamixel_sdk:/opt/ros/humble LD_LIBRARY_PATH=/home/marceli/tb3_ws/src/install/turtlebot3_msgs/lib:/home/marceli/tb3_ws/src/install/dynamixel_sdk/lib:${LD_LIBRARY_PATH} PYTHONPATH=/home/marceli/tb3_ws/src/install/turtlebot3_msgs/local/lib/python3.10/dist-packages:${PYTHONPATH} /usr/bin/cmake --build /home/marceli/tb3_ws/src/build/turtlebot3_bringup -- -j4 -l4
[0.216s] Invoking command in '/home/marceli/tb3_ws/src/build/turtlebot3_bringup': AMENT_PREFIX_PATH=/home/marceli/tb3_ws/src/install/turtlebot3_node:/home/marceli/tb3_ws/src/install/turtlebot3_msgs:/home/marceli/tb3_ws/src/install/turtlebot3_description:/home/marceli/tb3_ws/src/install/hls_lfcd_lds_driver:/home/marceli/tb3_ws/src/install/dynamixel_sdk:${AMENT_PREFIX_PATH} CMAKE_PREFIX_PATH=/home/marceli/tb3_ws/src/install/turtlebot3_node:/home/marceli/tb3_ws/src/install/turtlebot3_msgs:/home/marceli/tb3_ws/src/install/turtlebot3_description:/home/marceli/tb3_ws/src/install/hls_lfcd_lds_driver:/home/marceli/tb3_ws/src/install/dynamixel_sdk:/opt/ros/humble LD_LIBRARY_PATH=/home/marceli/tb3_ws/src/install/turtlebot3_msgs/lib:/home/marceli/tb3_ws/src/install/dynamixel_sdk/lib:${LD_LIBRARY_PATH} PYTHONPATH=/home/marceli/tb3_ws/src/install/turtlebot3_msgs/local/lib/python3.10/dist-packages:${PYTHONPATH} /usr/bin/cmake --install /home/marceli/tb3_ws/src/build/turtlebot3_bringup
[0.235s] -- Install configuration: ""
[0.237s] -- Execute custom install script
[0.238s] -- Up-to-date symlink: /home/marceli/tb3_ws/src/install/turtlebot3_bringup/share/turtlebot3_bringup/launch/robot.launch.py
[0.239s] -- Up-to-date symlink: /home/marceli/tb3_ws/src/install/turtlebot3_bringup/share/turtlebot3_bringup/launch/rviz2.launch.py
[0.243s] -- Up-to-date symlink: /home/marceli/tb3_ws/src/install/turtlebot3_bringup/share/turtlebot3_bringup/launch/turtlebot3_state_publisher.launch.py
[0.243s] -- Up-to-date symlink: /home/marceli/tb3_ws/src/install/turtlebot3_bringup/share/turtlebot3_bringup/param/burger.yaml
[0.243s] -- Up-to-date symlink: /home/marceli/tb3_ws/src/install/turtlebot3_bringup/share/turtlebot3_bringup/param/waffle.yaml
[0.244s] -- Up-to-date symlink: /home/marceli/tb3_ws/src/install/turtlebot3_bringup/share/turtlebot3_bringup/param/waffle_pi.yaml
[0.245s] -- Up-to-date symlink: /home/marceli/tb3_ws/src/install/turtlebot3_bringup/share/turtlebot3_bringup/script/99-turtlebot3-cdc.rules
[0.246s] -- Up-to-date symlink: /home/marceli/tb3_ws/src/install/turtlebot3_bringup/share/turtlebot3_bringup/script/create_udev_rules
[0.246s] -- Up-to-date symlink: /home/marceli/tb3_ws/src/install/turtlebot3_bringup/share/ament_index/resource_index/package_run_dependencies/turtlebot3_bringup
[0.247s] -- Up-to-date symlink: /home/marceli/tb3_ws/src/install/turtlebot3_bringup/share/ament_index/resource_index/parent_prefix_path/turtlebot3_bringup
[0.248s] -- Up-to-date symlink: /home/marceli/tb3_ws/src/install/turtlebot3_bringup/share/turtlebot3_bringup/environment/ament_prefix_path.sh
[0.248s] -- Up-to-date symlink: /home/marceli/tb3_ws/src/install/turtlebot3_bringup/share/turtlebot3_bringup/environment/ament_prefix_path.dsv
[0.249s] -- Up-to-date symlink: /home/marceli/tb3_ws/src/install/turtlebot3_bringup/share/turtlebot3_bringup/environment/path.sh
[0.264s] -- Up-to-date symlink: /home/marceli/tb3_ws/src/install/turtlebot3_bringup/share/turtlebot3_bringup/environment/path.dsv
[0.264s] -- Up-to-date symlink: /home/marceli/tb3_ws/src/install/turtlebot3_bringup/share/turtlebot3_bringup/local_setup.bash
[0.265s] -- Up-to-date symlink: /home/marceli/tb3_ws/src/install/turtlebot3_bringup/share/turtlebot3_bringup/local_setup.sh
[0.265s] -- Up-to-date symlink: /home/marceli/tb3_ws/src/install/turtlebot3_bringup/share/turtlebot3_bringup/local_setup.zsh
[0.265s] -- Up-to-date symlink: /home/marceli/tb3_ws/src/install/turtlebot3_bringup/share/turtlebot3_bringup/local_setup.dsv
[0.265s] -- Symlinking: /home/marceli/tb3_ws/src/install/turtlebot3_bringup/share/turtlebot3_bringup/package.dsv
[0.287s] -- Up-to-date symlink: /home/marceli/tb3_ws/src/install/turtlebot3_bringup/share/ament_index/resource_index/packages/turtlebot3_bringup
[0.288s] -- Up-to-date symlink: /home/marceli/tb3_ws/src/install/turtlebot3_bringup/share/turtlebot3_bringup/cmake/turtlebot3_bringupConfig.cmake
[0.290s] -- Up-to-date symlink: /home/marceli/tb3_ws/src/install/turtlebot3_bringup/share/turtlebot3_bringup/cmake/turtlebot3_bringupConfig-version.cmake
[0.291s] -- Up-to-date symlink: /home/marceli/tb3_ws/src/install/turtlebot3_bringup/share/turtlebot3_bringup/package.xml
[0.306s] Invoked command in '/home/marceli/tb3_ws/src/build/turtlebot3_bringup' returned '0': AMENT_PREFIX_PATH=/home/marceli/tb3_ws/src/install/turtlebot3_node:/home/marceli/tb3_ws/src/install/turtlebot3_msgs:/home/marceli/tb3_ws/src/install/turtlebot3_description:/home/marceli/tb3_ws/src/install/hls_lfcd_lds_driver:/home/marceli/tb3_ws/src/install/dynamixel_sdk:${AMENT_PREFIX_PATH} CMAKE_PREFIX_PATH=/home/marceli/tb3_ws/src/install/turtlebot3_node:/home/marceli/tb3_ws/src/install/turtlebot3_msgs:/home/marceli/tb3_ws/src/install/turtlebot3_description:/home/marceli/tb3_ws/src/install/hls_lfcd_lds_driver:/home/marceli/tb3_ws/src/install/dynamixel_sdk:/opt/ros/humble LD_LIBRARY_PATH=/home/marceli/tb3_ws/src/install/turtlebot3_msgs/lib:/home/marceli/tb3_ws/src/install/dynamixel_sdk/lib:${LD_LIBRARY_PATH} PYTHONPATH=/home/marceli/tb3_ws/src/install/turtlebot3_msgs/local/lib/python3.10/dist-packages:${PYTHONPATH} /usr/bin/cmake --install /home/marceli/tb3_ws/src/build/turtlebot3_bringup
