[0.049s] Invoking command in '/home/marceli/tb3_ws/build/turtlebot3_cartographer': CMAKE_PREFIX_PATH=/opt/ros/humble /usr/bin/cmake /home/marceli/tb3_ws/src/turtlebot3/turtlebot3/turtlebot3_cartographer -DAMENT_CMAKE_SYMLINK_INSTALL=1 -DCMAKE_INSTALL_PREFIX=/home/marceli/tb3_ws/install/turtlebot3_cartographer
[0.275s] -- The C compiler identification is GNU 11.3.0
[0.535s] -- The CXX compiler identification is GNU 11.3.0
[0.576s] -- Detecting C compiler ABI info
[0.976s] -- Detecting C compiler ABI info - done
[1.019s] -- Check for working C compiler: /usr/bin/cc - skipped
[1.019s] -- Detecting C compile features
[1.020s] -- Detecting C compile features - done
[1.042s] -- Detecting CXX compiler ABI info
[1.347s] -- Detecting CXX compiler ABI info - done
[1.395s] -- Check for working CXX compiler: /usr/bin/c++ - skipped
[1.398s] -- Detecting CXX compile features
[1.402s] -- Detecting CXX compile features - done
[1.425s] -- Found ament_cmake: 1.3.5 (/opt/ros/humble/share/ament_cmake/cmake)
[2.301s] -- Found Python3: /usr/bin/python3.10 (found version "3.10.6") found components: Interpreter 
[2.468s] -- Override CMake install command with custom implementation using symlinks instead of copying resources
[2.853s] -- Configuring done
[2.861s] -- Generating done
[2.865s] -- Build files have been written to: /home/marceli/tb3_ws/build/turtlebot3_cartographer
[2.873s] Invoked command in '/home/marceli/tb3_ws/build/turtlebot3_cartographer' returned '0': CMAKE_PREFIX_PATH=/opt/ros/humble /usr/bin/cmake /home/marceli/tb3_ws/src/turtlebot3/turtlebot3/turtlebot3_cartographer -DAMENT_CMAKE_SYMLINK_INSTALL=1 -DCMAKE_INSTALL_PREFIX=/home/marceli/tb3_ws/install/turtlebot3_cartographer
[2.873s] Invoking command in '/home/marceli/tb3_ws/build/turtlebot3_cartographer': CMAKE_PREFIX_PATH=/opt/ros/humble /usr/bin/cmake --build /home/marceli/tb3_ws/build/turtlebot3_cartographer -- -j4 -l4
[3.001s] Invoked command in '/home/marceli/tb3_ws/build/turtlebot3_cartographer' returned '0': CMAKE_PREFIX_PATH=/opt/ros/humble /usr/bin/cmake --build /home/marceli/tb3_ws/build/turtlebot3_cartographer -- -j4 -l4
[3.040s] Invoking command in '/home/marceli/tb3_ws/build/turtlebot3_cartographer': CMAKE_PREFIX_PATH=/opt/ros/humble /usr/bin/cmake --install /home/marceli/tb3_ws/build/turtlebot3_cartographer
[3.056s] -- Install configuration: ""
[3.056s] -- Execute custom install script
[3.057s] -- Symlinking: /home/marceli/tb3_ws/install/turtlebot3_cartographer/share/turtlebot3_cartographer/config/turtlebot3_lds_2d.lua
[3.095s] -- Symlinking: /home/marceli/tb3_ws/install/turtlebot3_cartographer/share/turtlebot3_cartographer/launch/cartographer.launch.py
[3.119s] -- Symlinking: /home/marceli/tb3_ws/install/turtlebot3_cartographer/share/turtlebot3_cartographer/launch/occupancy_grid.launch.py
[3.142s] -- Symlinking: /home/marceli/tb3_ws/install/turtlebot3_cartographer/share/turtlebot3_cartographer/rviz/tb3_cartographer.rviz
[3.168s] -- Symlinking: /home/marceli/tb3_ws/install/turtlebot3_cartographer/share/ament_index/resource_index/package_run_dependencies/turtlebot3_cartographer
[3.202s] -- Symlinking: /home/marceli/tb3_ws/install/turtlebot3_cartographer/share/ament_index/resource_index/parent_prefix_path/turtlebot3_cartographer
[3.235s] -- Symlinking: /home/marceli/tb3_ws/install/turtlebot3_cartographer/share/turtlebot3_cartographer/environment/ament_prefix_path.sh
[3.267s] -- Symlinking: /home/marceli/tb3_ws/install/turtlebot3_cartographer/share/turtlebot3_cartographer/environment/ament_prefix_path.dsv
[3.332s] -- Symlinking: /home/marceli/tb3_ws/install/turtlebot3_cartographer/share/turtlebot3_cartographer/environment/path.sh
[3.379s] -- Symlinking: /home/marceli/tb3_ws/install/turtlebot3_cartographer/share/turtlebot3_cartographer/environment/path.dsv
[3.424s] -- Symlinking: /home/marceli/tb3_ws/install/turtlebot3_cartographer/share/turtlebot3_cartographer/local_setup.bash
[3.475s] -- Symlinking: /home/marceli/tb3_ws/install/turtlebot3_cartographer/share/turtlebot3_cartographer/local_setup.sh
[3.521s] -- Symlinking: /home/marceli/tb3_ws/install/turtlebot3_cartographer/share/turtlebot3_cartographer/local_setup.zsh
[3.566s] -- Symlinking: /home/marceli/tb3_ws/install/turtlebot3_cartographer/share/turtlebot3_cartographer/local_setup.dsv
[3.618s] -- Symlinking: /home/marceli/tb3_ws/install/turtlebot3_cartographer/share/turtlebot3_cartographer/package.dsv
[3.717s] -- Symlinking: /home/marceli/tb3_ws/install/turtlebot3_cartographer/share/ament_index/resource_index/packages/turtlebot3_cartographer
[3.765s] -- Symlinking: /home/marceli/tb3_ws/install/turtlebot3_cartographer/share/turtlebot3_cartographer/cmake/turtlebot3_cartographerConfig.cmake
[3.823s] -- Symlinking: /home/marceli/tb3_ws/install/turtlebot3_cartographer/share/turtlebot3_cartographer/cmake/turtlebot3_cartographerConfig-version.cmake
[3.879s] -- Symlinking: /home/marceli/tb3_ws/install/turtlebot3_cartographer/share/turtlebot3_cartographer/package.xml
[3.929s] Invoked command in '/home/marceli/tb3_ws/build/turtlebot3_cartographer' returned '0': CMAKE_PREFIX_PATH=/opt/ros/humble /usr/bin/cmake --install /home/marceli/tb3_ws/build/turtlebot3_cartographer
