[0.065s] Invoking command in '/home/marceli/tb3_ws/src/build/turtlebot3_navigation2': CMAKE_PREFIX_PATH=/opt/ros/humble /usr/bin/cmake /home/marceli/tb3_ws/src/turtlebot3/turtlebot3/turtlebot3_navigation2 -DAMENT_CMAKE_SYMLINK_INSTALL=1 -DCMAKE_INSTALL_PREFIX=/home/marceli/tb3_ws/src/install/turtlebot3_navigation2
[0.294s] -- The C compiler identification is GNU 11.3.0
[0.539s] -- The CXX compiler identification is GNU 11.3.0
[0.562s] -- Detecting C compiler ABI info
[0.871s] -- Detecting C compiler ABI info - done
[0.907s] -- Check for working C compiler: /usr/bin/cc - skipped
[0.907s] -- Detecting C compile features
[0.908s] -- Detecting C compile features - done
[0.914s] -- Detecting CXX compiler ABI info
[1.248s] -- Detecting CXX compiler ABI info - done
[1.281s] -- Check for working CXX compiler: /usr/bin/c++ - skipped
[1.281s] -- Detecting CXX compile features
[1.282s] -- Detecting CXX compile features - done
[1.287s] -- Found ament_cmake: 1.3.5 (/opt/ros/humble/share/ament_cmake/cmake)
[1.980s] -- Found Python3: /usr/bin/python3.10 (found version "3.10.6") found components: Interpreter 
[2.202s] -- Override CMake install command with custom implementation using symlinks instead of copying resources
[2.370s] -- Configuring done
[2.374s] -- Generating done
[2.375s] -- Build files have been written to: /home/marceli/tb3_ws/src/build/turtlebot3_navigation2
[2.380s] Invoked command in '/home/marceli/tb3_ws/src/build/turtlebot3_navigation2' returned '0': CMAKE_PREFIX_PATH=/opt/ros/humble /usr/bin/cmake /home/marceli/tb3_ws/src/turtlebot3/turtlebot3/turtlebot3_navigation2 -DAMENT_CMAKE_SYMLINK_INSTALL=1 -DCMAKE_INSTALL_PREFIX=/home/marceli/tb3_ws/src/install/turtlebot3_navigation2
[2.383s] Invoking command in '/home/marceli/tb3_ws/src/build/turtlebot3_navigation2': CMAKE_PREFIX_PATH=/opt/ros/humble /usr/bin/cmake --build /home/marceli/tb3_ws/src/build/turtlebot3_navigation2 -- -j4 -l4
[2.443s] Invoked command in '/home/marceli/tb3_ws/src/build/turtlebot3_navigation2' returned '0': CMAKE_PREFIX_PATH=/opt/ros/humble /usr/bin/cmake --build /home/marceli/tb3_ws/src/build/turtlebot3_navigation2 -- -j4 -l4
[2.510s] Invoking command in '/home/marceli/tb3_ws/src/build/turtlebot3_navigation2': CMAKE_PREFIX_PATH=/opt/ros/humble /usr/bin/cmake --install /home/marceli/tb3_ws/src/build/turtlebot3_navigation2
[2.527s] -- Install configuration: ""
[2.528s] -- Execute custom install script
[2.529s] -- Symlinking: /home/marceli/tb3_ws/src/install/turtlebot3_navigation2/share/turtlebot3_navigation2/launch/navigation2.launch.py
[2.544s] -- Symlinking: /home/marceli/tb3_ws/src/install/turtlebot3_navigation2/share/turtlebot3_navigation2/map/map.pgm
[2.556s] -- Symlinking: /home/marceli/tb3_ws/src/install/turtlebot3_navigation2/share/turtlebot3_navigation2/map/map.yaml
[2.568s] -- Symlinking: /home/marceli/tb3_ws/src/install/turtlebot3_navigation2/share/turtlebot3_navigation2/param/burger.yaml
[2.590s] -- Symlinking: /home/marceli/tb3_ws/src/install/turtlebot3_navigation2/share/turtlebot3_navigation2/param/waffle.yaml
[2.607s] -- Symlinking: /home/marceli/tb3_ws/src/install/turtlebot3_navigation2/share/turtlebot3_navigation2/param/waffle_pi.yaml
[2.622s] -- Symlinking: /home/marceli/tb3_ws/src/install/turtlebot3_navigation2/share/turtlebot3_navigation2/rviz/tb3_navigation2.rviz
[2.648s] -- Symlinking: /home/marceli/tb3_ws/src/install/turtlebot3_navigation2/share/ament_index/resource_index/package_run_dependencies/turtlebot3_navigation2
[2.667s] -- Symlinking: /home/marceli/tb3_ws/src/install/turtlebot3_navigation2/share/ament_index/resource_index/parent_prefix_path/turtlebot3_navigation2
[2.691s] -- Symlinking: /home/marceli/tb3_ws/src/install/turtlebot3_navigation2/share/turtlebot3_navigation2/environment/ament_prefix_path.sh
[2.731s] -- Symlinking: /home/marceli/tb3_ws/src/install/turtlebot3_navigation2/share/turtlebot3_navigation2/environment/ament_prefix_path.dsv
[2.755s] -- Symlinking: /home/marceli/tb3_ws/src/install/turtlebot3_navigation2/share/turtlebot3_navigation2/environment/path.sh
[2.786s] -- Symlinking: /home/marceli/tb3_ws/src/install/turtlebot3_navigation2/share/turtlebot3_navigation2/environment/path.dsv
[2.815s] -- Symlinking: /home/marceli/tb3_ws/src/install/turtlebot3_navigation2/share/turtlebot3_navigation2/local_setup.bash
[2.848s] -- Symlinking: /home/marceli/tb3_ws/src/install/turtlebot3_navigation2/share/turtlebot3_navigation2/local_setup.sh
[2.885s] -- Symlinking: /home/marceli/tb3_ws/src/install/turtlebot3_navigation2/share/turtlebot3_navigation2/local_setup.zsh
[2.927s] -- Symlinking: /home/marceli/tb3_ws/src/install/turtlebot3_navigation2/share/turtlebot3_navigation2/local_setup.dsv
[2.963s] -- Symlinking: /home/marceli/tb3_ws/src/install/turtlebot3_navigation2/share/turtlebot3_navigation2/package.dsv
[2.993s] -- Symlinking: /home/marceli/tb3_ws/src/install/turtlebot3_navigation2/share/ament_index/resource_index/packages/turtlebot3_navigation2
[3.027s] -- Symlinking: /home/marceli/tb3_ws/src/install/turtlebot3_navigation2/share/turtlebot3_navigation2/cmake/turtlebot3_navigation2Config.cmake
[3.062s] -- Symlinking: /home/marceli/tb3_ws/src/install/turtlebot3_navigation2/share/turtlebot3_navigation2/cmake/turtlebot3_navigation2Config-version.cmake
[3.088s] -- Symlinking: /home/marceli/tb3_ws/src/install/turtlebot3_navigation2/share/turtlebot3_navigation2/package.xml
[3.132s] Invoked command in '/home/marceli/tb3_ws/src/build/turtlebot3_navigation2' returned '0': CMAKE_PREFIX_PATH=/opt/ros/humble /usr/bin/cmake --install /home/marceli/tb3_ws/src/build/turtlebot3_navigation2
