[0.020s] Invoking command in '/home/marceli/tb3_ws/src/build/turtlebot3_simulations': AMENT_PREFIX_PATH=/home/marceli/tb3_ws/src/install/turtlebot3_fake_node:/home/marceli/tb3_ws/src/install/turtlebot3_msgs:/home/marceli/tb3_ws/src/install/turtlebot3_gazebo:${AMENT_PREFIX_PATH} CMAKE_PREFIX_PATH=/home/marceli/tb3_ws/src/install/turtlebot3_fake_node:/home/marceli/tb3_ws/src/install/turtlebot3_msgs:/home/marceli/tb3_ws/src/install/turtlebot3_gazebo:/opt/ros/humble LD_LIBRARY_PATH=/home/marceli/tb3_ws/src/install/turtlebot3_msgs/lib:${LD_LIBRARY_PATH} PYTHONPATH=/home/marceli/tb3_ws/src/install/turtlebot3_msgs/local/lib/python3.10/dist-packages:${PYTHONPATH} /usr/bin/cmake /home/marceli/tb3_ws/src/turtlebot3/turtlebot3_simulations/turtlebot3_simulations -DAMENT_CMAKE_SYMLINK_INSTALL=1 -DCMAKE_INSTALL_PREFIX=/home/marceli/tb3_ws/src/install/turtlebot3_simulations
[0.097s] -- The C compiler identification is GNU 11.3.0
[0.163s] -- The CXX compiler identification is GNU 11.3.0
[0.172s] -- Detecting C compiler ABI info
[0.255s] -- Detecting C compiler ABI info - done
[0.266s] -- Check for working C compiler: /usr/bin/cc - skipped
[0.267s] -- Detecting C compile features
[0.267s] -- Detecting C compile features - done
[0.272s] -- Detecting CXX compiler ABI info
[0.363s] -- Detecting CXX compiler ABI info - done
[0.374s] -- Check for working CXX compiler: /usr/bin/c++ - skipped
[0.374s] -- Detecting CXX compile features
[0.375s] -- Detecting CXX compile features - done
[0.379s] -- Found ament_cmake: 1.3.5 (/opt/ros/humble/share/ament_cmake/cmake)
[0.602s] -- Found Python3: /usr/bin/python3.10 (found version "3.10.6") found components: Interpreter 
[0.686s] -- Override CMake install command with custom implementation using symlinks instead of copying resources
[0.828s] -- Configuring done
[0.831s] -- Generating done
[0.832s] -- Build files have been written to: /home/marceli/tb3_ws/src/build/turtlebot3_simulations
[0.839s] Invoked command in '/home/marceli/tb3_ws/src/build/turtlebot3_simulations' returned '0': AMENT_PREFIX_PATH=/home/marceli/tb3_ws/src/install/turtlebot3_fake_node:/home/marceli/tb3_ws/src/install/turtlebot3_msgs:/home/marceli/tb3_ws/src/install/turtlebot3_gazebo:${AMENT_PREFIX_PATH} CMAKE_PREFIX_PATH=/home/marceli/tb3_ws/src/install/turtlebot3_fake_node:/home/marceli/tb3_ws/src/install/turtlebot3_msgs:/home/marceli/tb3_ws/src/install/turtlebot3_gazebo:/opt/ros/humble LD_LIBRARY_PATH=/home/marceli/tb3_ws/src/install/turtlebot3_msgs/lib:${LD_LIBRARY_PATH} PYTHONPATH=/home/marceli/tb3_ws/src/install/turtlebot3_msgs/local/lib/python3.10/dist-packages:${PYTHONPATH} /usr/bin/cmake /home/marceli/tb3_ws/src/turtlebot3/turtlebot3_simulations/turtlebot3_simulations -DAMENT_CMAKE_SYMLINK_INSTALL=1 -DCMAKE_INSTALL_PREFIX=/home/marceli/tb3_ws/src/install/turtlebot3_simulations
[0.840s] Invoking command in '/home/marceli/tb3_ws/src/build/turtlebot3_simulations': AMENT_PREFIX_PATH=/home/marceli/tb3_ws/src/install/turtlebot3_fake_node:/home/marceli/tb3_ws/src/install/turtlebot3_msgs:/home/marceli/tb3_ws/src/install/turtlebot3_gazebo:${AMENT_PREFIX_PATH} CMAKE_PREFIX_PATH=/home/marceli/tb3_ws/src/install/turtlebot3_fake_node:/home/marceli/tb3_ws/src/install/turtlebot3_msgs:/home/marceli/tb3_ws/src/install/turtlebot3_gazebo:/opt/ros/humble LD_LIBRARY_PATH=/home/marceli/tb3_ws/src/install/turtlebot3_msgs/lib:${LD_LIBRARY_PATH} PYTHONPATH=/home/marceli/tb3_ws/src/install/turtlebot3_msgs/local/lib/python3.10/dist-packages:${PYTHONPATH} /usr/bin/cmake --build /home/marceli/tb3_ws/src/build/turtlebot3_simulations -- -j4 -l4
[0.884s] Invoked command in '/home/marceli/tb3_ws/src/build/turtlebot3_simulations' returned '0': AMENT_PREFIX_PATH=/home/marceli/tb3_ws/src/install/turtlebot3_fake_node:/home/marceli/tb3_ws/src/install/turtlebot3_msgs:/home/marceli/tb3_ws/src/install/turtlebot3_gazebo:${AMENT_PREFIX_PATH} CMAKE_PREFIX_PATH=/home/marceli/tb3_ws/src/install/turtlebot3_fake_node:/home/marceli/tb3_ws/src/install/turtlebot3_msgs:/home/marceli/tb3_ws/src/install/turtlebot3_gazebo:/opt/ros/humble LD_LIBRARY_PATH=/home/marceli/tb3_ws/src/install/turtlebot3_msgs/lib:${LD_LIBRARY_PATH} PYTHONPATH=/home/marceli/tb3_ws/src/install/turtlebot3_msgs/local/lib/python3.10/dist-packages:${PYTHONPATH} /usr/bin/cmake --build /home/marceli/tb3_ws/src/build/turtlebot3_simulations -- -j4 -l4
[0.910s] Invoking command in '/home/marceli/tb3_ws/src/build/turtlebot3_simulations': AMENT_PREFIX_PATH=/home/marceli/tb3_ws/src/install/turtlebot3_fake_node:/home/marceli/tb3_ws/src/install/turtlebot3_msgs:/home/marceli/tb3_ws/src/install/turtlebot3_gazebo:${AMENT_PREFIX_PATH} CMAKE_PREFIX_PATH=/home/marceli/tb3_ws/src/install/turtlebot3_fake_node:/home/marceli/tb3_ws/src/install/turtlebot3_msgs:/home/marceli/tb3_ws/src/install/turtlebot3_gazebo:/opt/ros/humble LD_LIBRARY_PATH=/home/marceli/tb3_ws/src/install/turtlebot3_msgs/lib:${LD_LIBRARY_PATH} PYTHONPATH=/home/marceli/tb3_ws/src/install/turtlebot3_msgs/local/lib/python3.10/dist-packages:${PYTHONPATH} /usr/bin/cmake --install /home/marceli/tb3_ws/src/build/turtlebot3_simulations
[0.918s] -- Install configuration: ""
[0.918s] -- Execute custom install script
[0.919s] -- Symlinking: /home/marceli/tb3_ws/src/install/turtlebot3_simulations/share/ament_index/resource_index/package_run_dependencies/turtlebot3_simulations
[0.929s] -- Symlinking: /home/marceli/tb3_ws/src/install/turtlebot3_simulations/share/ament_index/resource_index/parent_prefix_path/turtlebot3_simulations
[0.938s] -- Symlinking: /home/marceli/tb3_ws/src/install/turtlebot3_simulations/share/turtlebot3_simulations/environment/ament_prefix_path.sh
[0.948s] -- Symlinking: /home/marceli/tb3_ws/src/install/turtlebot3_simulations/share/turtlebot3_simulations/environment/ament_prefix_path.dsv
[0.957s] -- Symlinking: /home/marceli/tb3_ws/src/install/turtlebot3_simulations/share/turtlebot3_simulations/environment/path.sh
[0.967s] -- Symlinking: /home/marceli/tb3_ws/src/install/turtlebot3_simulations/share/turtlebot3_simulations/environment/path.dsv
[0.976s] -- Symlinking: /home/marceli/tb3_ws/src/install/turtlebot3_simulations/share/turtlebot3_simulations/local_setup.bash
[0.985s] -- Symlinking: /home/marceli/tb3_ws/src/install/turtlebot3_simulations/share/turtlebot3_simulations/local_setup.sh
[0.995s] -- Symlinking: /home/marceli/tb3_ws/src/install/turtlebot3_simulations/share/turtlebot3_simulations/local_setup.zsh
[1.004s] -- Symlinking: /home/marceli/tb3_ws/src/install/turtlebot3_simulations/share/turtlebot3_simulations/local_setup.dsv
[1.013s] -- Symlinking: /home/marceli/tb3_ws/src/install/turtlebot3_simulations/share/turtlebot3_simulations/package.dsv
[1.025s] -- Symlinking: /home/marceli/tb3_ws/src/install/turtlebot3_simulations/share/ament_index/resource_index/packages/turtlebot3_simulations
[1.035s] -- Symlinking: /home/marceli/tb3_ws/src/install/turtlebot3_simulations/share/turtlebot3_simulations/cmake/turtlebot3_simulationsConfig.cmake
[1.046s] -- Symlinking: /home/marceli/tb3_ws/src/install/turtlebot3_simulations/share/turtlebot3_simulations/cmake/turtlebot3_simulationsConfig-version.cmake
[1.057s] -- Symlinking: /home/marceli/tb3_ws/src/install/turtlebot3_simulations/share/turtlebot3_simulations/package.xml
[1.067s] [33mCMake Warning (dev) at ament_cmake_symlink_install/ament_cmake_symlink_install.cmake:62 (file):
[1.067s]   Policy CMP0009 is not set: FILE GLOB_RECURSE calls should not follow
[1.067s]   symlinks by default.  Run "cmake --help-policy CMP0009" for policy details.
[1.067s]   Use the cmake_policy command to set the policy and suppress this warning.
[1.067s] Call Stack (most recent call first):
[1.067s]   ament_cmake_symlink_install/ament_cmake_symlink_install.cmake:356 (ament_cmake_symlink_install_directory)
[1.067s]   cmake_install.cmake:46 (include)
[1.067s] This warning is for project developers.  Use -Wno-dev to suppress it.
[1.068s] [0m
[1.068s] -- Symlinking: /home/marceli/tb3_ws/src/install/turtlebot3_simulations/share/turtlebot3_gazebo/launch/build/.built_by
[1.076s] -- Symlinking: /home/marceli/tb3_ws/src/install/turtlebot3_simulations/share/turtlebot3_gazebo/launch/build/COLCON_IGNORE
[1.087s] -- Symlinking: /home/marceli/tb3_ws/src/install/turtlebot3_simulations/share/turtlebot3_gazebo/launch/empty_world.launch.py
[1.096s] -- Symlinking: /home/marceli/tb3_ws/src/install/turtlebot3_simulations/share/turtlebot3_gazebo/launch/install/.colcon_install_layout
[1.105s] -- Symlinking: /home/marceli/tb3_ws/src/install/turtlebot3_simulations/share/turtlebot3_gazebo/launch/install/COLCON_IGNORE
[1.115s] -- Symlinking: /home/marceli/tb3_ws/src/install/turtlebot3_simulations/share/turtlebot3_gazebo/launch/install/_local_setup_util_ps1.py
[1.125s] -- Symlinking: /home/marceli/tb3_ws/src/install/turtlebot3_simulations/share/turtlebot3_gazebo/launch/install/_local_setup_util_sh.py
[1.134s] -- Symlinking: /home/marceli/tb3_ws/src/install/turtlebot3_simulations/share/turtlebot3_gazebo/launch/install/local_setup.bash
[1.144s] -- Symlinking: /home/marceli/tb3_ws/src/install/turtlebot3_simulations/share/turtlebot3_gazebo/launch/install/local_setup.ps1
[1.154s] -- Symlinking: /home/marceli/tb3_ws/src/install/turtlebot3_simulations/share/turtlebot3_gazebo/launch/install/local_setup.sh
[1.163s] -- Symlinking: /home/marceli/tb3_ws/src/install/turtlebot3_simulations/share/turtlebot3_gazebo/launch/install/local_setup.zsh
[1.174s] -- Symlinking: /home/marceli/tb3_ws/src/install/turtlebot3_simulations/share/turtlebot3_gazebo/launch/install/setup.bash
[1.183s] -- Symlinking: /home/marceli/tb3_ws/src/install/turtlebot3_simulations/share/turtlebot3_gazebo/launch/install/setup.ps1
[1.192s] -- Symlinking: /home/marceli/tb3_ws/src/install/turtlebot3_simulations/share/turtlebot3_gazebo/launch/install/setup.sh
[1.204s] -- Symlinking: /home/marceli/tb3_ws/src/install/turtlebot3_simulations/share/turtlebot3_gazebo/launch/install/setup.zsh
[1.217s] -- Symlinking: /home/marceli/tb3_ws/src/install/turtlebot3_simulations/share/turtlebot3_gazebo/launch/log/COLCON_IGNORE
[1.227s] -- Symlinking: /home/marceli/tb3_ws/src/install/turtlebot3_simulations/share/turtlebot3_gazebo/launch/log/build_2023-07-11_16-40-51/events.log
[1.239s] -- Symlinking: /home/marceli/tb3_ws/src/install/turtlebot3_simulations/share/turtlebot3_gazebo/launch/log/build_2023-07-11_16-40-51/logger_all.log
[1.251s] -- Symlinking: /home/marceli/tb3_ws/src/install/turtlebot3_simulations/share/turtlebot3_gazebo/launch/log/latest/events.log
[1.261s] -- Symlinking: /home/marceli/tb3_ws/src/install/turtlebot3_simulations/share/turtlebot3_gazebo/launch/log/latest/logger_all.log
[1.271s] -- Symlinking: /home/marceli/tb3_ws/src/install/turtlebot3_simulations/share/turtlebot3_gazebo/launch/log/latest_build/events.log
[1.281s] -- Symlinking: /home/marceli/tb3_ws/src/install/turtlebot3_simulations/share/turtlebot3_gazebo/launch/log/latest_build/logger_all.log
[1.291s] -- Symlinking: /home/marceli/tb3_ws/src/install/turtlebot3_simulations/share/turtlebot3_gazebo/launch/my_world.launch.py
[1.300s] -- Symlinking: /home/marceli/tb3_ws/src/install/turtlebot3_simulations/share/turtlebot3_gazebo/launch/robot_state_publisher.launch.py
[1.310s] -- Symlinking: /home/marceli/tb3_ws/src/install/turtlebot3_simulations/share/turtlebot3_gazebo/launch/spawn_turtlebot3.launch.py
[1.319s] -- Symlinking: /home/marceli/tb3_ws/src/install/turtlebot3_simulations/share/turtlebot3_gazebo/launch/turtlebot3_dqn_stage1.launch.py
[1.329s] -- Symlinking: /home/marceli/tb3_ws/src/install/turtlebot3_simulations/share/turtlebot3_gazebo/launch/turtlebot3_dqn_stage2.launch.py
[1.337s] -- Symlinking: /home/marceli/tb3_ws/src/install/turtlebot3_simulations/share/turtlebot3_gazebo/launch/turtlebot3_dqn_stage3.launch.py
[1.347s] -- Symlinking: /home/marceli/tb3_ws/src/install/turtlebot3_simulations/share/turtlebot3_gazebo/launch/turtlebot3_dqn_stage4.launch.py
[1.356s] -- Symlinking: /home/marceli/tb3_ws/src/install/turtlebot3_simulations/share/turtlebot3_gazebo/launch/turtlebot3_house.launch.py
[1.366s] -- Symlinking: /home/marceli/tb3_ws/src/install/turtlebot3_simulations/share/turtlebot3_gazebo/launch/turtlebot3_world.launch.py
[1.379s] Invoked command in '/home/marceli/tb3_ws/src/build/turtlebot3_simulations' returned '0': AMENT_PREFIX_PATH=/home/marceli/tb3_ws/src/install/turtlebot3_fake_node:/home/marceli/tb3_ws/src/install/turtlebot3_msgs:/home/marceli/tb3_ws/src/install/turtlebot3_gazebo:${AMENT_PREFIX_PATH} CMAKE_PREFIX_PATH=/home/marceli/tb3_ws/src/install/turtlebot3_fake_node:/home/marceli/tb3_ws/src/install/turtlebot3_msgs:/home/marceli/tb3_ws/src/install/turtlebot3_gazebo:/opt/ros/humble LD_LIBRARY_PATH=/home/marceli/tb3_ws/src/install/turtlebot3_msgs/lib:${LD_LIBRARY_PATH} PYTHONPATH=/home/marceli/tb3_ws/src/install/turtlebot3_msgs/local/lib/python3.10/dist-packages:${PYTHONPATH} /usr/bin/cmake --install /home/marceli/tb3_ws/src/build/turtlebot3_simulations
