[0.031s] Invoking command in '/home/marceli/tb3_ws/src/build/hls_lfcd_lds_driver': CMAKE_PREFIX_PATH=/opt/ros/humble /usr/bin/cmake /home/marceli/tb3_ws/src/utils/hls_lfcd_lds_driver -DAMENT_CMAKE_SYMLINK_INSTALL=1 -DCMAKE_INSTALL_PREFIX=/home/marceli/tb3_ws/src/install/hls_lfcd_lds_driver
[0.110s] -- The C compiler identification is GNU 11.3.0
[0.181s] -- The CXX compiler identification is GNU 11.3.0
[0.189s] -- Detecting C compiler ABI info
[0.281s] -- Detecting C compiler ABI info - done
[0.289s] -- Check for working C compiler: /usr/bin/cc - skipped
[0.290s] -- Detecting C compile features
[0.290s] -- Detecting C compile features - done
[0.294s] -- Detecting CXX compiler ABI info
[0.393s] -- Detecting CXX compiler ABI info - done
[0.399s] -- Check for working CXX compiler: /usr/bin/c++ - skipped
[0.399s] -- Detecting CXX compile features
[0.400s] -- Detecting CXX compile features - done
[0.404s] -- Found ament_cmake: 1.3.5 (/opt/ros/humble/share/ament_cmake/cmake)
[0.653s] -- Found Python3: /usr/bin/python3.10 (found version "3.10.6") found components: Interpreter 
[0.745s] -- Override CMake install command with custom implementation using symlinks instead of copying resources
[0.777s] -- Found rclcpp: 16.0.4 (/opt/ros/humble/share/rclcpp/cmake)
[0.833s] -- Found rosidl_generator_c: 3.1.4 (/opt/ros/humble/share/rosidl_generator_c/cmake)
[0.840s] -- Found rosidl_adapter: 3.1.4 (/opt/ros/humble/share/rosidl_adapter/cmake)
[0.857s] -- Found rosidl_generator_cpp: 3.1.4 (/opt/ros/humble/share/rosidl_generator_cpp/cmake)
[0.868s] -- Using all available rosidl_typesupport_c: rosidl_typesupport_fastrtps_c;rosidl_typesupport_introspection_c
[0.893s] -- Using all available rosidl_typesupport_cpp: rosidl_typesupport_fastrtps_cpp;rosidl_typesupport_introspection_cpp
[0.994s] -- Found rmw_implementation_cmake: 6.1.1 (/opt/ros/humble/share/rmw_implementation_cmake/cmake)
[0.997s] -- Found rmw_cyclonedds_cpp: 1.3.4 (/opt/ros/humble/share/rmw_cyclonedds_cpp/cmake)
[1.057s] -- Using RMW implementation 'rmw_cyclonedds_cpp' as default
[1.069s] -- Looking for pthread.h
[1.251s] -- Looking for pthread.h - found
[1.257s] -- Performing Test CMAKE_HAVE_LIBC_PTHREAD
[1.493s] -- Performing Test CMAKE_HAVE_LIBC_PTHREAD - Success
[1.493s] -- Found Threads: TRUE  
[1.890s] -- Found sensor_msgs: 4.2.3 (/opt/ros/humble/share/sensor_msgs/cmake)
[2.191s] -- Found Boost: /usr/lib/x86_64-linux-gnu/cmake/Boost-1.74.0/BoostConfig.cmake (found version "1.74.0") found components: system 
[2.343s] -- Configuring done
[2.361s] -- Generating done
[2.377s] -- Build files have been written to: /home/marceli/tb3_ws/src/build/hls_lfcd_lds_driver
[2.393s] Invoked command in '/home/marceli/tb3_ws/src/build/hls_lfcd_lds_driver' returned '0': CMAKE_PREFIX_PATH=/opt/ros/humble /usr/bin/cmake /home/marceli/tb3_ws/src/utils/hls_lfcd_lds_driver -DAMENT_CMAKE_SYMLINK_INSTALL=1 -DCMAKE_INSTALL_PREFIX=/home/marceli/tb3_ws/src/install/hls_lfcd_lds_driver
[2.394s] Invoking command in '/home/marceli/tb3_ws/src/build/hls_lfcd_lds_driver': CMAKE_PREFIX_PATH=/opt/ros/humble /usr/bin/cmake --build /home/marceli/tb3_ws/src/build/hls_lfcd_lds_driver -- -j4 -l4
[2.492s] [ 50%] [32mBuilding CXX object CMakeFiles/hlds_laser_publisher.dir/src/hlds_laser_publisher.cpp.o[0m
[22.044s] [100%] [32m[1mLinking CXX executable hlds_laser_publisher[0m
[22.563s] [100%] Built target hlds_laser_publisher
[22.599s] Invoked command in '/home/marceli/tb3_ws/src/build/hls_lfcd_lds_driver' returned '0': CMAKE_PREFIX_PATH=/opt/ros/humble /usr/bin/cmake --build /home/marceli/tb3_ws/src/build/hls_lfcd_lds_driver -- -j4 -l4
[22.797s] Invoking command in '/home/marceli/tb3_ws/src/build/hls_lfcd_lds_driver': CMAKE_PREFIX_PATH=/opt/ros/humble /usr/bin/cmake --install /home/marceli/tb3_ws/src/build/hls_lfcd_lds_driver
[22.819s] -- Install configuration: ""
[22.820s] -- Execute custom install script
[22.829s] -- Symlinking: /home/marceli/tb3_ws/src/install/hls_lfcd_lds_driver/share/hls_lfcd_lds_driver/launch/hlds_laser.launch.py
[22.854s] -- Symlinking: /home/marceli/tb3_ws/src/install/hls_lfcd_lds_driver/share/hls_lfcd_lds_driver/launch/view_hlds_laser.launch.py
[22.875s] -- Symlinking: /home/marceli/tb3_ws/src/install/hls_lfcd_lds_driver/share/hls_lfcd_lds_driver/rviz/hlds_laser.rviz
[22.904s] -- Symlinking: /home/marceli/tb3_ws/src/install/hls_lfcd_lds_driver/lib/hls_lfcd_lds_driver/hlds_laser_publisher
[22.916s] -- Symlinking: /home/marceli/tb3_ws/src/install/hls_lfcd_lds_driver/share/ament_index/resource_index/package_run_dependencies/hls_lfcd_lds_driver
[22.928s] -- Symlinking: /home/marceli/tb3_ws/src/install/hls_lfcd_lds_driver/share/ament_index/resource_index/parent_prefix_path/hls_lfcd_lds_driver
[22.975s] -- Symlinking: /home/marceli/tb3_ws/src/install/hls_lfcd_lds_driver/share/hls_lfcd_lds_driver/environment/ament_prefix_path.sh
[23.003s] -- Symlinking: /home/marceli/tb3_ws/src/install/hls_lfcd_lds_driver/share/hls_lfcd_lds_driver/environment/ament_prefix_path.dsv
[23.028s] -- Symlinking: /home/marceli/tb3_ws/src/install/hls_lfcd_lds_driver/share/hls_lfcd_lds_driver/environment/path.sh
[23.063s] -- Symlinking: /home/marceli/tb3_ws/src/install/hls_lfcd_lds_driver/share/hls_lfcd_lds_driver/environment/path.dsv
[23.091s] -- Symlinking: /home/marceli/tb3_ws/src/install/hls_lfcd_lds_driver/share/hls_lfcd_lds_driver/local_setup.bash
[23.115s] -- Symlinking: /home/marceli/tb3_ws/src/install/hls_lfcd_lds_driver/share/hls_lfcd_lds_driver/local_setup.sh
[23.148s] -- Symlinking: /home/marceli/tb3_ws/src/install/hls_lfcd_lds_driver/share/hls_lfcd_lds_driver/local_setup.zsh
[23.171s] -- Symlinking: /home/marceli/tb3_ws/src/install/hls_lfcd_lds_driver/share/hls_lfcd_lds_driver/local_setup.dsv
[23.203s] -- Symlinking: /home/marceli/tb3_ws/src/install/hls_lfcd_lds_driver/share/hls_lfcd_lds_driver/package.dsv
[23.236s] -- Symlinking: /home/marceli/tb3_ws/src/install/hls_lfcd_lds_driver/share/ament_index/resource_index/packages/hls_lfcd_lds_driver
[23.271s] -- Symlinking: /home/marceli/tb3_ws/src/install/hls_lfcd_lds_driver/share/hls_lfcd_lds_driver/cmake/ament_cmake_export_dependencies-extras.cmake
[23.287s] -- Symlinking: /home/marceli/tb3_ws/src/install/hls_lfcd_lds_driver/share/hls_lfcd_lds_driver/cmake/ament_cmake_export_include_directories-extras.cmake
[23.314s] -- Symlinking: /home/marceli/tb3_ws/src/install/hls_lfcd_lds_driver/share/hls_lfcd_lds_driver/cmake/hls_lfcd_lds_driverConfig.cmake
[23.342s] -- Symlinking: /home/marceli/tb3_ws/src/install/hls_lfcd_lds_driver/share/hls_lfcd_lds_driver/cmake/hls_lfcd_lds_driverConfig-version.cmake
[23.382s] -- Symlinking: /home/marceli/tb3_ws/src/install/hls_lfcd_lds_driver/share/hls_lfcd_lds_driver/package.xml
[23.418s] Invoked command in '/home/marceli/tb3_ws/src/build/hls_lfcd_lds_driver' returned '0': CMAKE_PREFIX_PATH=/opt/ros/humble /usr/bin/cmake --install /home/marceli/tb3_ws/src/build/hls_lfcd_lds_driver
