[0.079s] Invoking command in '/home/marceli/tb3_ws/src/build/turtlebot3_fake_node': AMENT_PREFIX_PATH=/home/marceli/tb3_ws/src/install/turtlebot3_msgs:${AMENT_PREFIX_PATH} CMAKE_PREFIX_PATH=/home/marceli/tb3_ws/src/install/turtlebot3_msgs:/opt/ros/humble LD_LIBRARY_PATH=/home/marceli/tb3_ws/src/install/turtlebot3_msgs/lib:${LD_LIBRARY_PATH} PYTHONPATH=/home/marceli/tb3_ws/src/install/turtlebot3_msgs/local/lib/python3.10/dist-packages:${PYTHONPATH} /usr/bin/cmake /home/marceli/tb3_ws/src/turtlebot3/turtlebot3_simulations/turtlebot3_fake_node -DAMENT_CMAKE_SYMLINK_INSTALL=1 -DCMAKE_INSTALL_PREFIX=/home/marceli/tb3_ws/src/install/turtlebot3_fake_node
[0.310s] -- The C compiler identification is GNU 11.3.0
[0.491s] -- The CXX compiler identification is GNU 11.3.0
[0.509s] -- Detecting C compiler ABI info
[0.890s] -- Detecting C compiler ABI info - done
[0.908s] -- Check for working C compiler: /usr/bin/cc - skipped
[0.908s] -- Detecting C compile features
[0.908s] -- Detecting C compile features - done
[0.919s] -- Detecting CXX compiler ABI info
[1.261s] -- Detecting CXX compiler ABI info - done
[1.272s] -- Check for working CXX compiler: /usr/bin/c++ - skipped
[1.272s] -- Detecting CXX compile features
[1.273s] -- Detecting CXX compile features - done
[1.282s] -- Found ament_cmake: 1.3.5 (/opt/ros/humble/share/ament_cmake/cmake)
[1.832s] -- Found Python3: /usr/bin/python3.10 (found version "3.10.6") found components: Interpreter 
[1.955s] -- Override CMake install command with custom implementation using symlinks instead of copying resources
[2.056s] -- Found geometry_msgs: 4.2.3 (/opt/ros/humble/share/geometry_msgs/cmake)
[2.222s] -- Found rosidl_generator_c: 3.1.4 (/opt/ros/humble/share/rosidl_generator_c/cmake)
[2.252s] -- Found rosidl_adapter: 3.1.4 (/opt/ros/humble/share/rosidl_adapter/cmake)
[2.309s] -- Found rosidl_generator_cpp: 3.1.4 (/opt/ros/humble/share/rosidl_generator_cpp/cmake)
[2.373s] -- Using all available rosidl_typesupport_c: rosidl_typesupport_fastrtps_c;rosidl_typesupport_introspection_c
[2.449s] -- Using all available rosidl_typesupport_cpp: rosidl_typesupport_fastrtps_cpp;rosidl_typesupport_introspection_cpp
[3.154s] -- Found nav_msgs: 4.2.3 (/opt/ros/humble/share/nav_msgs/cmake)
[3.630s] -- Found rclcpp: 16.0.4 (/opt/ros/humble/share/rclcpp/cmake)
[4.044s] -- Found rmw_implementation_cmake: 6.1.1 (/opt/ros/humble/share/rmw_implementation_cmake/cmake)
[4.050s] -- Found rmw_cyclonedds_cpp: 1.3.4 (/opt/ros/humble/share/rmw_cyclonedds_cpp/cmake)
[4.208s] -- Using RMW implementation 'rmw_cyclonedds_cpp' as default
[4.240s] -- Looking for pthread.h
[4.591s] -- Looking for pthread.h - found
[4.591s] -- Performing Test CMAKE_HAVE_LIBC_PTHREAD
[5.116s] -- Performing Test CMAKE_HAVE_LIBC_PTHREAD - Success
[5.118s] -- Found Threads: TRUE  
[5.522s] -- Found sensor_msgs: 4.2.3 (/opt/ros/humble/share/sensor_msgs/cmake)
[5.867s] -- Found tf2: 0.25.2 (/opt/ros/humble/share/tf2/cmake)
[5.931s] -- Found tf2_msgs: 0.25.2 (/opt/ros/humble/share/tf2_msgs/cmake)
[6.518s] -- Found turtlebot3_msgs: 2.2.3 (/home/marceli/tb3_ws/src/install/turtlebot3_msgs/share/turtlebot3_msgs/cmake)
[7.124s] -- Configuring done
[7.163s] -- Generating done
[7.168s] -- Build files have been written to: /home/marceli/tb3_ws/src/build/turtlebot3_fake_node
[7.210s] Invoked command in '/home/marceli/tb3_ws/src/build/turtlebot3_fake_node' returned '0': AMENT_PREFIX_PATH=/home/marceli/tb3_ws/src/install/turtlebot3_msgs:${AMENT_PREFIX_PATH} CMAKE_PREFIX_PATH=/home/marceli/tb3_ws/src/install/turtlebot3_msgs:/opt/ros/humble LD_LIBRARY_PATH=/home/marceli/tb3_ws/src/install/turtlebot3_msgs/lib:${LD_LIBRARY_PATH} PYTHONPATH=/home/marceli/tb3_ws/src/install/turtlebot3_msgs/local/lib/python3.10/dist-packages:${PYTHONPATH} /usr/bin/cmake /home/marceli/tb3_ws/src/turtlebot3/turtlebot3_simulations/turtlebot3_fake_node -DAMENT_CMAKE_SYMLINK_INSTALL=1 -DCMAKE_INSTALL_PREFIX=/home/marceli/tb3_ws/src/install/turtlebot3_fake_node
[7.214s] Invoking command in '/home/marceli/tb3_ws/src/build/turtlebot3_fake_node': AMENT_PREFIX_PATH=/home/marceli/tb3_ws/src/install/turtlebot3_msgs:${AMENT_PREFIX_PATH} CMAKE_PREFIX_PATH=/home/marceli/tb3_ws/src/install/turtlebot3_msgs:/opt/ros/humble LD_LIBRARY_PATH=/home/marceli/tb3_ws/src/install/turtlebot3_msgs/lib:${LD_LIBRARY_PATH} PYTHONPATH=/home/marceli/tb3_ws/src/install/turtlebot3_msgs/local/lib/python3.10/dist-packages:${PYTHONPATH} /usr/bin/cmake --build /home/marceli/tb3_ws/src/build/turtlebot3_fake_node -- -j4 -l4
[7.567s] [ 50%] [32mBuilding CXX object CMakeFiles/turtlebot3_fake_node.dir/src/turtlebot3_fake_node.cpp.o[0m
[27.408s] [100%] [32m[1mLinking CXX executable turtlebot3_fake_node[0m
[29.123s] [100%] Built target turtlebot3_fake_node
[29.153s] Invoked command in '/home/marceli/tb3_ws/src/build/turtlebot3_fake_node' returned '0': AMENT_PREFIX_PATH=/home/marceli/tb3_ws/src/install/turtlebot3_msgs:${AMENT_PREFIX_PATH} CMAKE_PREFIX_PATH=/home/marceli/tb3_ws/src/install/turtlebot3_msgs:/opt/ros/humble LD_LIBRARY_PATH=/home/marceli/tb3_ws/src/install/turtlebot3_msgs/lib:${LD_LIBRARY_PATH} PYTHONPATH=/home/marceli/tb3_ws/src/install/turtlebot3_msgs/local/lib/python3.10/dist-packages:${PYTHONPATH} /usr/bin/cmake --build /home/marceli/tb3_ws/src/build/turtlebot3_fake_node -- -j4 -l4
[29.231s] Invoking command in '/home/marceli/tb3_ws/src/build/turtlebot3_fake_node': AMENT_PREFIX_PATH=/home/marceli/tb3_ws/src/install/turtlebot3_msgs:${AMENT_PREFIX_PATH} CMAKE_PREFIX_PATH=/home/marceli/tb3_ws/src/install/turtlebot3_msgs:/opt/ros/humble LD_LIBRARY_PATH=/home/marceli/tb3_ws/src/install/turtlebot3_msgs/lib:${LD_LIBRARY_PATH} PYTHONPATH=/home/marceli/tb3_ws/src/install/turtlebot3_msgs/local/lib/python3.10/dist-packages:${PYTHONPATH} /usr/bin/cmake --install /home/marceli/tb3_ws/src/build/turtlebot3_fake_node
[29.245s] -- Install configuration: ""
[29.247s] -- Execute custom install script
[29.248s] -- Symlinking: /home/marceli/tb3_ws/src/install/turtlebot3_fake_node/lib/turtlebot3_fake_node/turtlebot3_fake_node
[29.265s] -- Symlinking: /home/marceli/tb3_ws/src/install/turtlebot3_fake_node/share/turtlebot3_fake_node/launch/rviz2.launch.py
[29.283s] -- Symlinking: /home/marceli/tb3_ws/src/install/turtlebot3_fake_node/share/turtlebot3_fake_node/launch/turtlebot3_fake_node.launch.py
[29.302s] -- Symlinking: /home/marceli/tb3_ws/src/install/turtlebot3_fake_node/share/turtlebot3_fake_node/param/burger.yaml
[29.321s] -- Symlinking: /home/marceli/tb3_ws/src/install/turtlebot3_fake_node/share/turtlebot3_fake_node/param/waffle.yaml
[29.344s] -- Symlinking: /home/marceli/tb3_ws/src/install/turtlebot3_fake_node/share/turtlebot3_fake_node/param/waffle_pi.yaml
[29.364s] -- Symlinking: /home/marceli/tb3_ws/src/install/turtlebot3_fake_node/include//turtlebot3_fake_node/turtlebot3_fake_node.hpp
[29.382s] -- Symlinking: /home/marceli/tb3_ws/src/install/turtlebot3_fake_node/share/ament_index/resource_index/package_run_dependencies/turtlebot3_fake_node
[29.402s] -- Symlinking: /home/marceli/tb3_ws/src/install/turtlebot3_fake_node/share/ament_index/resource_index/parent_prefix_path/turtlebot3_fake_node
[29.424s] -- Symlinking: /home/marceli/tb3_ws/src/install/turtlebot3_fake_node/share/turtlebot3_fake_node/environment/ament_prefix_path.sh
[29.442s] -- Symlinking: /home/marceli/tb3_ws/src/install/turtlebot3_fake_node/share/turtlebot3_fake_node/environment/ament_prefix_path.dsv
[29.456s] -- Symlinking: /home/marceli/tb3_ws/src/install/turtlebot3_fake_node/share/turtlebot3_fake_node/environment/path.sh
[29.475s] -- Symlinking: /home/marceli/tb3_ws/src/install/turtlebot3_fake_node/share/turtlebot3_fake_node/environment/path.dsv
[29.490s] -- Symlinking: /home/marceli/tb3_ws/src/install/turtlebot3_fake_node/share/turtlebot3_fake_node/local_setup.bash
[29.505s] -- Symlinking: /home/marceli/tb3_ws/src/install/turtlebot3_fake_node/share/turtlebot3_fake_node/local_setup.sh
[29.522s] -- Symlinking: /home/marceli/tb3_ws/src/install/turtlebot3_fake_node/share/turtlebot3_fake_node/local_setup.zsh
[29.536s] -- Symlinking: /home/marceli/tb3_ws/src/install/turtlebot3_fake_node/share/turtlebot3_fake_node/local_setup.dsv
[29.552s] -- Symlinking: /home/marceli/tb3_ws/src/install/turtlebot3_fake_node/share/turtlebot3_fake_node/package.dsv
[29.572s] -- Symlinking: /home/marceli/tb3_ws/src/install/turtlebot3_fake_node/share/ament_index/resource_index/packages/turtlebot3_fake_node
[29.591s] -- Symlinking: /home/marceli/tb3_ws/src/install/turtlebot3_fake_node/share/turtlebot3_fake_node/cmake/ament_cmake_export_include_directories-extras.cmake
[29.607s] -- Symlinking: /home/marceli/tb3_ws/src/install/turtlebot3_fake_node/share/turtlebot3_fake_node/cmake/ament_cmake_export_dependencies-extras.cmake
[29.622s] -- Symlinking: /home/marceli/tb3_ws/src/install/turtlebot3_fake_node/share/turtlebot3_fake_node/cmake/turtlebot3_fake_nodeConfig.cmake
[29.637s] -- Symlinking: /home/marceli/tb3_ws/src/install/turtlebot3_fake_node/share/turtlebot3_fake_node/cmake/turtlebot3_fake_nodeConfig-version.cmake
[29.668s] -- Symlinking: /home/marceli/tb3_ws/src/install/turtlebot3_fake_node/share/turtlebot3_fake_node/package.xml
[29.687s] Invoked command in '/home/marceli/tb3_ws/src/build/turtlebot3_fake_node' returned '0': AMENT_PREFIX_PATH=/home/marceli/tb3_ws/src/install/turtlebot3_msgs:${AMENT_PREFIX_PATH} CMAKE_PREFIX_PATH=/home/marceli/tb3_ws/src/install/turtlebot3_msgs:/opt/ros/humble LD_LIBRARY_PATH=/home/marceli/tb3_ws/src/install/turtlebot3_msgs/lib:${LD_LIBRARY_PATH} PYTHONPATH=/home/marceli/tb3_ws/src/install/turtlebot3_msgs/local/lib/python3.10/dist-packages:${PYTHONPATH} /usr/bin/cmake --install /home/marceli/tb3_ws/src/build/turtlebot3_fake_node
