[0.036s] Invoking command in '/home/marceli/tb3_ws/build/turtlebot3_simulations': AMENT_PREFIX_PATH=/home/marceli/tb3_ws/install/turtlebot3_fake_node:/home/marceli/tb3_ws/install/turtlebot3_msgs:/home/marceli/tb3_ws/install/turtlebot3_gazebo:${AMENT_PREFIX_PATH} CMAKE_PREFIX_PATH=/home/marceli/tb3_ws/install/turtlebot3_fake_node:/home/marceli/tb3_ws/install/turtlebot3_msgs:/home/marceli/tb3_ws/install/turtlebot3_gazebo:/opt/ros/humble LD_LIBRARY_PATH=/home/marceli/tb3_ws/install/turtlebot3_msgs/lib:${LD_LIBRARY_PATH} PYTHONPATH=/home/marceli/tb3_ws/install/turtlebot3_msgs/local/lib/python3.10/dist-packages:${PYTHONPATH} /usr/bin/cmake /home/marceli/tb3_ws/src/turtlebot3/turtlebot3_simulations/turtlebot3_simulations -DAMENT_CMAKE_SYMLINK_INSTALL=1 -DCMAKE_INSTALL_PREFIX=/home/marceli/tb3_ws/install/turtlebot3_simulations
[0.192s] -- The C compiler identification is GNU 11.3.0
[0.322s] -- The CXX compiler identification is GNU 11.3.0
[0.335s] -- Detecting C compiler ABI info
[0.460s] -- Detecting C compiler ABI info - done
[0.466s] -- Check for working C compiler: /usr/bin/cc - skipped
[0.468s] -- Detecting C compile features
[0.468s] -- Detecting C compile features - done
[0.477s] -- Detecting CXX compiler ABI info
[0.668s] -- Detecting CXX compiler ABI info - done
[0.691s] -- Check for working CXX compiler: /usr/bin/c++ - skipped
[0.693s] -- Detecting CXX compile features
[0.696s] -- Detecting CXX compile features - done
[0.706s] -- Found ament_cmake: 1.3.5 (/opt/ros/humble/share/ament_cmake/cmake)
[1.326s] -- Found Python3: /usr/bin/python3.10 (found version "3.10.6") found components: Interpreter 
[1.517s] -- Override CMake install command with custom implementation using symlinks instead of copying resources
[1.720s] -- Configuring done
[1.724s] -- Generating done
[1.726s] -- Build files have been written to: /home/marceli/tb3_ws/build/turtlebot3_simulations
[1.734s] Invoked command in '/home/marceli/tb3_ws/build/turtlebot3_simulations' returned '0': AMENT_PREFIX_PATH=/home/marceli/tb3_ws/install/turtlebot3_fake_node:/home/marceli/tb3_ws/install/turtlebot3_msgs:/home/marceli/tb3_ws/install/turtlebot3_gazebo:${AMENT_PREFIX_PATH} CMAKE_PREFIX_PATH=/home/marceli/tb3_ws/install/turtlebot3_fake_node:/home/marceli/tb3_ws/install/turtlebot3_msgs:/home/marceli/tb3_ws/install/turtlebot3_gazebo:/opt/ros/humble LD_LIBRARY_PATH=/home/marceli/tb3_ws/install/turtlebot3_msgs/lib:${LD_LIBRARY_PATH} PYTHONPATH=/home/marceli/tb3_ws/install/turtlebot3_msgs/local/lib/python3.10/dist-packages:${PYTHONPATH} /usr/bin/cmake /home/marceli/tb3_ws/src/turtlebot3/turtlebot3_simulations/turtlebot3_simulations -DAMENT_CMAKE_SYMLINK_INSTALL=1 -DCMAKE_INSTALL_PREFIX=/home/marceli/tb3_ws/install/turtlebot3_simulations
[1.738s] Invoking command in '/home/marceli/tb3_ws/build/turtlebot3_simulations': AMENT_PREFIX_PATH=/home/marceli/tb3_ws/install/turtlebot3_fake_node:/home/marceli/tb3_ws/install/turtlebot3_msgs:/home/marceli/tb3_ws/install/turtlebot3_gazebo:${AMENT_PREFIX_PATH} CMAKE_PREFIX_PATH=/home/marceli/tb3_ws/install/turtlebot3_fake_node:/home/marceli/tb3_ws/install/turtlebot3_msgs:/home/marceli/tb3_ws/install/turtlebot3_gazebo:/opt/ros/humble LD_LIBRARY_PATH=/home/marceli/tb3_ws/install/turtlebot3_msgs/lib:${LD_LIBRARY_PATH} PYTHONPATH=/home/marceli/tb3_ws/install/turtlebot3_msgs/local/lib/python3.10/dist-packages:${PYTHONPATH} /usr/bin/cmake --build /home/marceli/tb3_ws/build/turtlebot3_simulations -- -j4 -l4
[1.836s] Invoked command in '/home/marceli/tb3_ws/build/turtlebot3_simulations' returned '0': AMENT_PREFIX_PATH=/home/marceli/tb3_ws/install/turtlebot3_fake_node:/home/marceli/tb3_ws/install/turtlebot3_msgs:/home/marceli/tb3_ws/install/turtlebot3_gazebo:${AMENT_PREFIX_PATH} CMAKE_PREFIX_PATH=/home/marceli/tb3_ws/install/turtlebot3_fake_node:/home/marceli/tb3_ws/install/turtlebot3_msgs:/home/marceli/tb3_ws/install/turtlebot3_gazebo:/opt/ros/humble LD_LIBRARY_PATH=/home/marceli/tb3_ws/install/turtlebot3_msgs/lib:${LD_LIBRARY_PATH} PYTHONPATH=/home/marceli/tb3_ws/install/turtlebot3_msgs/local/lib/python3.10/dist-packages:${PYTHONPATH} /usr/bin/cmake --build /home/marceli/tb3_ws/build/turtlebot3_simulations -- -j4 -l4
[1.899s] Invoking command in '/home/marceli/tb3_ws/build/turtlebot3_simulations': AMENT_PREFIX_PATH=/home/marceli/tb3_ws/install/turtlebot3_fake_node:/home/marceli/tb3_ws/install/turtlebot3_msgs:/home/marceli/tb3_ws/install/turtlebot3_gazebo:${AMENT_PREFIX_PATH} CMAKE_PREFIX_PATH=/home/marceli/tb3_ws/install/turtlebot3_fake_node:/home/marceli/tb3_ws/install/turtlebot3_msgs:/home/marceli/tb3_ws/install/turtlebot3_gazebo:/opt/ros/humble LD_LIBRARY_PATH=/home/marceli/tb3_ws/install/turtlebot3_msgs/lib:${LD_LIBRARY_PATH} PYTHONPATH=/home/marceli/tb3_ws/install/turtlebot3_msgs/local/lib/python3.10/dist-packages:${PYTHONPATH} /usr/bin/cmake --install /home/marceli/tb3_ws/build/turtlebot3_simulations
[1.913s] -- Install configuration: ""
[1.915s] -- Execute custom install script
[1.916s] -- Symlinking: /home/marceli/tb3_ws/install/turtlebot3_simulations/share/ament_index/resource_index/package_run_dependencies/turtlebot3_simulations
[1.940s] -- Symlinking: /home/marceli/tb3_ws/install/turtlebot3_simulations/share/ament_index/resource_index/parent_prefix_path/turtlebot3_simulations
[1.964s] -- Symlinking: /home/marceli/tb3_ws/install/turtlebot3_simulations/share/turtlebot3_simulations/environment/ament_prefix_path.sh
[1.997s] -- Symlinking: /home/marceli/tb3_ws/install/turtlebot3_simulations/share/turtlebot3_simulations/environment/ament_prefix_path.dsv
[2.025s] -- Symlinking: /home/marceli/tb3_ws/install/turtlebot3_simulations/share/turtlebot3_simulations/environment/path.sh
[2.049s] -- Symlinking: /home/marceli/tb3_ws/install/turtlebot3_simulations/share/turtlebot3_simulations/environment/path.dsv
[2.072s] -- Symlinking: /home/marceli/tb3_ws/install/turtlebot3_simulations/share/turtlebot3_simulations/local_setup.bash
[2.105s] -- Symlinking: /home/marceli/tb3_ws/install/turtlebot3_simulations/share/turtlebot3_simulations/local_setup.sh
[2.127s] -- Symlinking: /home/marceli/tb3_ws/install/turtlebot3_simulations/share/turtlebot3_simulations/local_setup.zsh
[2.149s] -- Symlinking: /home/marceli/tb3_ws/install/turtlebot3_simulations/share/turtlebot3_simulations/local_setup.dsv
[2.187s] -- Symlinking: /home/marceli/tb3_ws/install/turtlebot3_simulations/share/turtlebot3_simulations/package.dsv
[2.207s] -- Symlinking: /home/marceli/tb3_ws/install/turtlebot3_simulations/share/ament_index/resource_index/packages/turtlebot3_simulations
[2.232s] -- Symlinking: /home/marceli/tb3_ws/install/turtlebot3_simulations/share/turtlebot3_simulations/cmake/turtlebot3_simulationsConfig.cmake
[2.266s] -- Symlinking: /home/marceli/tb3_ws/install/turtlebot3_simulations/share/turtlebot3_simulations/cmake/turtlebot3_simulationsConfig-version.cmake
[2.284s] -- Symlinking: /home/marceli/tb3_ws/install/turtlebot3_simulations/share/turtlebot3_simulations/package.xml
[2.327s] Invoked command in '/home/marceli/tb3_ws/build/turtlebot3_simulations' returned '0': AMENT_PREFIX_PATH=/home/marceli/tb3_ws/install/turtlebot3_fake_node:/home/marceli/tb3_ws/install/turtlebot3_msgs:/home/marceli/tb3_ws/install/turtlebot3_gazebo:${AMENT_PREFIX_PATH} CMAKE_PREFIX_PATH=/home/marceli/tb3_ws/install/turtlebot3_fake_node:/home/marceli/tb3_ws/install/turtlebot3_msgs:/home/marceli/tb3_ws/install/turtlebot3_gazebo:/opt/ros/humble LD_LIBRARY_PATH=/home/marceli/tb3_ws/install/turtlebot3_msgs/lib:${LD_LIBRARY_PATH} PYTHONPATH=/home/marceli/tb3_ws/install/turtlebot3_msgs/local/lib/python3.10/dist-packages:${PYTHONPATH} /usr/bin/cmake --install /home/marceli/tb3_ws/build/turtlebot3_simulations
