[0.053s] Invoking command in '/home/marceli/tb3_ws/src/build/hls_lfcd_lds_driver': CMAKE_PREFIX_PATH=/opt/ros/humble /usr/bin/cmake --build /home/marceli/tb3_ws/src/build/hls_lfcd_lds_driver -- -j4 -l4
[0.150s] [35m[1mConsolidate compiler generated dependencies of target hlds_laser_publisher[0m
[0.193s] [100%] Built target hlds_laser_publisher
[0.214s] Invoked command in '/home/marceli/tb3_ws/src/build/hls_lfcd_lds_driver' returned '0': CMAKE_PREFIX_PATH=/opt/ros/humble /usr/bin/cmake --build /home/marceli/tb3_ws/src/build/hls_lfcd_lds_driver -- -j4 -l4
[0.317s] Invoking command in '/home/marceli/tb3_ws/src/build/hls_lfcd_lds_driver': CMAKE_PREFIX_PATH=/opt/ros/humble /usr/bin/cmake --install /home/marceli/tb3_ws/src/build/hls_lfcd_lds_driver
[0.335s] -- Install configuration: ""
[0.342s] -- Execute custom install script
[0.343s] -- Up-to-date symlink: /home/marceli/tb3_ws/src/install/hls_lfcd_lds_driver/share/hls_lfcd_lds_driver/launch/hlds_laser.launch.py
[0.343s] -- Up-to-date symlink: /home/marceli/tb3_ws/src/install/hls_lfcd_lds_driver/share/hls_lfcd_lds_driver/launch/view_hlds_laser.launch.py
[0.343s] -- Up-to-date symlink: /home/marceli/tb3_ws/src/install/hls_lfcd_lds_driver/share/hls_lfcd_lds_driver/rviz/hlds_laser.rviz
[0.346s] -- Up-to-date symlink: /home/marceli/tb3_ws/src/install/hls_lfcd_lds_driver/lib/hls_lfcd_lds_driver/hlds_laser_publisher
[0.346s] -- Up-to-date symlink: /home/marceli/tb3_ws/src/install/hls_lfcd_lds_driver/share/ament_index/resource_index/package_run_dependencies/hls_lfcd_lds_driver
[0.346s] -- Up-to-date symlink: /home/marceli/tb3_ws/src/install/hls_lfcd_lds_driver/share/ament_index/resource_index/parent_prefix_path/hls_lfcd_lds_driver
[0.346s] -- Up-to-date symlink: /home/marceli/tb3_ws/src/install/hls_lfcd_lds_driver/share/hls_lfcd_lds_driver/environment/ament_prefix_path.sh
[0.346s] -- Up-to-date symlink: /home/marceli/tb3_ws/src/install/hls_lfcd_lds_driver/share/hls_lfcd_lds_driver/environment/ament_prefix_path.dsv
[0.348s] -- Up-to-date symlink: /home/marceli/tb3_ws/src/install/hls_lfcd_lds_driver/share/hls_lfcd_lds_driver/environment/path.sh
[0.348s] -- Up-to-date symlink: /home/marceli/tb3_ws/src/install/hls_lfcd_lds_driver/share/hls_lfcd_lds_driver/environment/path.dsv
[0.348s] -- Up-to-date symlink: /home/marceli/tb3_ws/src/install/hls_lfcd_lds_driver/share/hls_lfcd_lds_driver/local_setup.bash
[0.349s] -- Up-to-date symlink: /home/marceli/tb3_ws/src/install/hls_lfcd_lds_driver/share/hls_lfcd_lds_driver/local_setup.sh
[0.349s] -- Up-to-date symlink: /home/marceli/tb3_ws/src/install/hls_lfcd_lds_driver/share/hls_lfcd_lds_driver/local_setup.zsh
[0.350s] -- Up-to-date symlink: /home/marceli/tb3_ws/src/install/hls_lfcd_lds_driver/share/hls_lfcd_lds_driver/local_setup.dsv
[0.350s] -- Symlinking: /home/marceli/tb3_ws/src/install/hls_lfcd_lds_driver/share/hls_lfcd_lds_driver/package.dsv
[0.374s] -- Up-to-date symlink: /home/marceli/tb3_ws/src/install/hls_lfcd_lds_driver/share/ament_index/resource_index/packages/hls_lfcd_lds_driver
[0.374s] -- Up-to-date symlink: /home/marceli/tb3_ws/src/install/hls_lfcd_lds_driver/share/hls_lfcd_lds_driver/cmake/ament_cmake_export_dependencies-extras.cmake
[0.375s] -- Up-to-date symlink: /home/marceli/tb3_ws/src/install/hls_lfcd_lds_driver/share/hls_lfcd_lds_driver/cmake/ament_cmake_export_include_directories-extras.cmake
[0.375s] -- Up-to-date symlink: /home/marceli/tb3_ws/src/install/hls_lfcd_lds_driver/share/hls_lfcd_lds_driver/cmake/hls_lfcd_lds_driverConfig.cmake
[0.375s] -- Up-to-date symlink: /home/marceli/tb3_ws/src/install/hls_lfcd_lds_driver/share/hls_lfcd_lds_driver/cmake/hls_lfcd_lds_driverConfig-version.cmake
[0.375s] -- Up-to-date symlink: /home/marceli/tb3_ws/src/install/hls_lfcd_lds_driver/share/hls_lfcd_lds_driver/package.xml
[0.440s] Invoked command in '/home/marceli/tb3_ws/src/build/hls_lfcd_lds_driver' returned '0': CMAKE_PREFIX_PATH=/opt/ros/humble /usr/bin/cmake --install /home/marceli/tb3_ws/src/build/hls_lfcd_lds_driver
