[2.089s] Invoking command in '/home/marceli/tb3_ws/src/build/turtlebot3_example': AMENT_PREFIX_PATH=/home/marceli/tb3_ws/src/install/turtlebot3_msgs:${AMENT_PREFIX_PATH} CMAKE_PREFIX_PATH=/home/marceli/tb3_ws/src/install/turtlebot3_msgs LD_LIBRARY_PATH=/home/marceli/tb3_ws/src/install/turtlebot3_msgs/lib:${LD_LIBRARY_PATH} PYTHONPATH=/home/marceli/tb3_ws/src/build/turtlebot3_example/prefix_override:/home/marceli/tb3_ws/src/install/turtlebot3_example/lib/python3.10/site-packages:/home/marceli/tb3_ws/src/install/turtlebot3_msgs/local/lib/python3.10/dist-packages:${PYTHONPATH} /usr/bin/python3 setup.py develop --editable --build-directory /home/marceli/tb3_ws/src/build/turtlebot3_example/build --no-deps install_data
[2.754s] running develop
[2.754s] /usr/lib/python3/dist-packages/setuptools/command/easy_install.py:158: EasyInstallDeprecationWarning: easy_install command is deprecated. Use build and pip and other standards-based tools.
[2.754s]   warnings.warn(
[2.768s] /usr/lib/python3/dist-packages/setuptools/command/install.py:34: SetuptoolsDeprecationWarning: setup.py install is deprecated. Use build and pip and other standards-based tools.
[2.768s]   warnings.warn(
[2.997s] /usr/lib/python3/dist-packages/pkg_resources/__init__.py:116: PkgResourcesDeprecationWarning: 1.16.0-unknown is an invalid version and will not be supported in a future release
[2.997s]   warnings.warn(
[3.023s] /usr/lib/python3/dist-packages/pkg_resources/__init__.py:116: PkgResourcesDeprecationWarning: 0.1.43ubuntu1 is an invalid version and will not be supported in a future release
[3.023s]   warnings.warn(
[3.024s] /usr/lib/python3/dist-packages/pkg_resources/__init__.py:116: PkgResourcesDeprecationWarning: 1.1build1 is an invalid version and will not be supported in a future release
[3.024s]   warnings.warn(
[3.439s] running egg_info
[3.439s] creating turtlebot3_example.egg-info
[3.440s] writing turtlebot3_example.egg-info/PKG-INFO
[3.440s] writing dependency_links to turtlebot3_example.egg-info/dependency_links.txt
[3.440s] writing entry points to turtlebot3_example.egg-info/entry_points.txt
[3.440s] writing requirements to turtlebot3_example.egg-info/requires.txt
[3.441s] writing top-level names to turtlebot3_example.egg-info/top_level.txt
[3.441s] writing manifest file 'turtlebot3_example.egg-info/SOURCES.txt'
[3.444s] reading manifest file 'turtlebot3_example.egg-info/SOURCES.txt'
[3.459s] writing manifest file 'turtlebot3_example.egg-info/SOURCES.txt'
[3.461s] running build_ext
[3.461s] Creating /home/marceli/tb3_ws/src/install/turtlebot3_example/lib/python3.10/site-packages/turtlebot3-example.egg-link (link to .)
[3.463s] Installing turtlebot3_obstacle_detection script to /home/marceli/tb3_ws/src/install/turtlebot3_example/lib/turtlebot3_example
[3.463s] Installing turtlebot3_patrol_client script to /home/marceli/tb3_ws/src/install/turtlebot3_example/lib/turtlebot3_example
[3.464s] Installing turtlebot3_patrol_server script to /home/marceli/tb3_ws/src/install/turtlebot3_example/lib/turtlebot3_example
[3.464s] Installing turtlebot3_position_control script to /home/marceli/tb3_ws/src/install/turtlebot3_example/lib/turtlebot3_example
[3.464s] 
[3.464s] Installed /home/marceli/tb3_ws/src/build/turtlebot3_example
[3.464s] running install_data
[3.465s] creating /home/marceli/tb3_ws/src/install/turtlebot3_example/share/ament_index
[3.465s] creating /home/marceli/tb3_ws/src/install/turtlebot3_example/share/ament_index/resource_index
[3.465s] creating /home/marceli/tb3_ws/src/install/turtlebot3_example/share/ament_index/resource_index/packages
[3.466s] copying resource/turtlebot3_example -> /home/marceli/tb3_ws/src/install/turtlebot3_example/share/ament_index/resource_index/packages
[3.468s] copying package.xml -> /home/marceli/tb3_ws/src/install/turtlebot3_example/share/turtlebot3_example
[3.592s] Invoked command in '/home/marceli/tb3_ws/src/build/turtlebot3_example' returned '0': AMENT_PREFIX_PATH=/home/marceli/tb3_ws/src/install/turtlebot3_msgs:${AMENT_PREFIX_PATH} CMAKE_PREFIX_PATH=/home/marceli/tb3_ws/src/install/turtlebot3_msgs LD_LIBRARY_PATH=/home/marceli/tb3_ws/src/install/turtlebot3_msgs/lib:${LD_LIBRARY_PATH} PYTHONPATH=/home/marceli/tb3_ws/src/build/turtlebot3_example/prefix_override:/home/marceli/tb3_ws/src/install/turtlebot3_example/lib/python3.10/site-packages:/home/marceli/tb3_ws/src/install/turtlebot3_msgs/local/lib/python3.10/dist-packages:${PYTHONPATH} /usr/bin/python3 setup.py develop --editable --build-directory /home/marceli/tb3_ws/src/build/turtlebot3_example/build --no-deps install_data
