[0.089s] Invoking command in '/home/marceli/tb3_ws/src/build/turtlebot3': AMENT_PREFIX_PATH=/home/marceli/tb3_ws/src/install/turtlebot3_bringup:/home/marceli/tb3_ws/src/install/turtlebot3_node:/home/marceli/tb3_ws/src/install/turtlebot3_example:/home/marceli/tb3_ws/src/install/turtlebot3_teleop:/home/marceli/tb3_ws/src/install/turtlebot3_navigation2:/home/marceli/tb3_ws/src/install/turtlebot3_msgs:/home/marceli/tb3_ws/src/install/turtlebot3_description:/home/marceli/tb3_ws/src/install/turtlebot3_cartographer:/home/marceli/tb3_ws/src/install/hls_lfcd_lds_driver:/home/marceli/tb3_ws/src/install/dynamixel_sdk:${AMENT_PREFIX_PATH} CMAKE_PREFIX_PATH=/home/marceli/tb3_ws/src/install/turtlebot3_bringup:/home/marceli/tb3_ws/src/install/turtlebot3_node:/home/marceli/tb3_ws/src/install/turtlebot3_navigation2:/home/marceli/tb3_ws/src/install/turtlebot3_msgs:/home/marceli/tb3_ws/src/install/turtlebot3_description:/home/marceli/tb3_ws/src/install/turtlebot3_cartographer:/home/marceli/tb3_ws/src/install/hls_lfcd_lds_driver:/home/marceli/tb3_ws/src/install/dynamixel_sdk:/opt/ros/humble LD_LIBRARY_PATH=/home/marceli/tb3_ws/src/install/turtlebot3_msgs/lib:/home/marceli/tb3_ws/src/install/dynamixel_sdk/lib:${LD_LIBRARY_PATH} PYTHONPATH=/home/marceli/tb3_ws/src/build/turtlebot3_example:/home/marceli/tb3_ws/src/install/turtlebot3_example/lib/python3.10/site-packages:/home/marceli/tb3_ws/src/build/turtlebot3_teleop:/home/marceli/tb3_ws/src/install/turtlebot3_teleop/lib/python3.10/site-packages:/home/marceli/tb3_ws/src/install/turtlebot3_msgs/local/lib/python3.10/dist-packages:${PYTHONPATH} /usr/bin/cmake /home/marceli/tb3_ws/src/turtlebot3/turtlebot3/turtlebot3 -DAMENT_CMAKE_SYMLINK_INSTALL=1 -DCMAKE_INSTALL_PREFIX=/home/marceli/tb3_ws/src/install/turtlebot3
[0.247s] -- The C compiler identification is GNU 11.3.0
[0.398s] -- The CXX compiler identification is GNU 11.3.0
[0.414s] -- Detecting C compiler ABI info
[0.598s] -- Detecting C compiler ABI info - done
[0.629s] -- Check for working C compiler: /usr/bin/cc - skipped
[0.630s] -- Detecting C compile features
[0.631s] -- Detecting C compile features - done
[0.639s] -- Detecting CXX compiler ABI info
[0.890s] -- Detecting CXX compiler ABI info - done
[0.906s] -- Check for working CXX compiler: /usr/bin/c++ - skipped
[0.906s] -- Detecting CXX compile features
[0.908s] -- Detecting CXX compile features - done
[0.915s] -- Found ament_cmake: 1.3.5 (/opt/ros/humble/share/ament_cmake/cmake)
[1.582s] -- Found Python3: /usr/bin/python3.10 (found version "3.10.6") found components: Interpreter 
[1.915s] -- Override CMake install command with custom implementation using symlinks instead of copying resources
[2.303s] -- Configuring done
[2.310s] -- Generating done
[2.312s] -- Build files have been written to: /home/marceli/tb3_ws/src/build/turtlebot3
[2.323s] Invoked command in '/home/marceli/tb3_ws/src/build/turtlebot3' returned '0': AMENT_PREFIX_PATH=/home/marceli/tb3_ws/src/install/turtlebot3_bringup:/home/marceli/tb3_ws/src/install/turtlebot3_node:/home/marceli/tb3_ws/src/install/turtlebot3_example:/home/marceli/tb3_ws/src/install/turtlebot3_teleop:/home/marceli/tb3_ws/src/install/turtlebot3_navigation2:/home/marceli/tb3_ws/src/install/turtlebot3_msgs:/home/marceli/tb3_ws/src/install/turtlebot3_description:/home/marceli/tb3_ws/src/install/turtlebot3_cartographer:/home/marceli/tb3_ws/src/install/hls_lfcd_lds_driver:/home/marceli/tb3_ws/src/install/dynamixel_sdk:${AMENT_PREFIX_PATH} CMAKE_PREFIX_PATH=/home/marceli/tb3_ws/src/install/turtlebot3_bringup:/home/marceli/tb3_ws/src/install/turtlebot3_node:/home/marceli/tb3_ws/src/install/turtlebot3_navigation2:/home/marceli/tb3_ws/src/install/turtlebot3_msgs:/home/marceli/tb3_ws/src/install/turtlebot3_description:/home/marceli/tb3_ws/src/install/turtlebot3_cartographer:/home/marceli/tb3_ws/src/install/hls_lfcd_lds_driver:/home/marceli/tb3_ws/src/install/dynamixel_sdk:/opt/ros/humble LD_LIBRARY_PATH=/home/marceli/tb3_ws/src/install/turtlebot3_msgs/lib:/home/marceli/tb3_ws/src/install/dynamixel_sdk/lib:${LD_LIBRARY_PATH} PYTHONPATH=/home/marceli/tb3_ws/src/build/turtlebot3_example:/home/marceli/tb3_ws/src/install/turtlebot3_example/lib/python3.10/site-packages:/home/marceli/tb3_ws/src/build/turtlebot3_teleop:/home/marceli/tb3_ws/src/install/turtlebot3_teleop/lib/python3.10/site-packages:/home/marceli/tb3_ws/src/install/turtlebot3_msgs/local/lib/python3.10/dist-packages:${PYTHONPATH} /usr/bin/cmake /home/marceli/tb3_ws/src/turtlebot3/turtlebot3/turtlebot3 -DAMENT_CMAKE_SYMLINK_INSTALL=1 -DCMAKE_INSTALL_PREFIX=/home/marceli/tb3_ws/src/install/turtlebot3
[2.329s] Invoking command in '/home/marceli/tb3_ws/src/build/turtlebot3': AMENT_PREFIX_PATH=/home/marceli/tb3_ws/src/install/turtlebot3_bringup:/home/marceli/tb3_ws/src/install/turtlebot3_node:/home/marceli/tb3_ws/src/install/turtlebot3_example:/home/marceli/tb3_ws/src/install/turtlebot3_teleop:/home/marceli/tb3_ws/src/install/turtlebot3_navigation2:/home/marceli/tb3_ws/src/install/turtlebot3_msgs:/home/marceli/tb3_ws/src/install/turtlebot3_description:/home/marceli/tb3_ws/src/install/turtlebot3_cartographer:/home/marceli/tb3_ws/src/install/hls_lfcd_lds_driver:/home/marceli/tb3_ws/src/install/dynamixel_sdk:${AMENT_PREFIX_PATH} CMAKE_PREFIX_PATH=/home/marceli/tb3_ws/src/install/turtlebot3_bringup:/home/marceli/tb3_ws/src/install/turtlebot3_node:/home/marceli/tb3_ws/src/install/turtlebot3_navigation2:/home/marceli/tb3_ws/src/install/turtlebot3_msgs:/home/marceli/tb3_ws/src/install/turtlebot3_description:/home/marceli/tb3_ws/src/install/turtlebot3_cartographer:/home/marceli/tb3_ws/src/install/hls_lfcd_lds_driver:/home/marceli/tb3_ws/src/install/dynamixel_sdk:/opt/ros/humble LD_LIBRARY_PATH=/home/marceli/tb3_ws/src/install/turtlebot3_msgs/lib:/home/marceli/tb3_ws/src/install/dynamixel_sdk/lib:${LD_LIBRARY_PATH} PYTHONPATH=/home/marceli/tb3_ws/src/build/turtlebot3_example:/home/marceli/tb3_ws/src/install/turtlebot3_example/lib/python3.10/site-packages:/home/marceli/tb3_ws/src/build/turtlebot3_teleop:/home/marceli/tb3_ws/src/install/turtlebot3_teleop/lib/python3.10/site-packages:/home/marceli/tb3_ws/src/install/turtlebot3_msgs/local/lib/python3.10/dist-packages:${PYTHONPATH} /usr/bin/cmake --build /home/marceli/tb3_ws/src/build/turtlebot3 -- -j4 -l4
[2.441s] Invoked command in '/home/marceli/tb3_ws/src/build/turtlebot3' returned '0': AMENT_PREFIX_PATH=/home/marceli/tb3_ws/src/install/turtlebot3_bringup:/home/marceli/tb3_ws/src/install/turtlebot3_node:/home/marceli/tb3_ws/src/install/turtlebot3_example:/home/marceli/tb3_ws/src/install/turtlebot3_teleop:/home/marceli/tb3_ws/src/install/turtlebot3_navigation2:/home/marceli/tb3_ws/src/install/turtlebot3_msgs:/home/marceli/tb3_ws/src/install/turtlebot3_description:/home/marceli/tb3_ws/src/install/turtlebot3_cartographer:/home/marceli/tb3_ws/src/install/hls_lfcd_lds_driver:/home/marceli/tb3_ws/src/install/dynamixel_sdk:${AMENT_PREFIX_PATH} CMAKE_PREFIX_PATH=/home/marceli/tb3_ws/src/install/turtlebot3_bringup:/home/marceli/tb3_ws/src/install/turtlebot3_node:/home/marceli/tb3_ws/src/install/turtlebot3_navigation2:/home/marceli/tb3_ws/src/install/turtlebot3_msgs:/home/marceli/tb3_ws/src/install/turtlebot3_description:/home/marceli/tb3_ws/src/install/turtlebot3_cartographer:/home/marceli/tb3_ws/src/install/hls_lfcd_lds_driver:/home/marceli/tb3_ws/src/install/dynamixel_sdk:/opt/ros/humble LD_LIBRARY_PATH=/home/marceli/tb3_ws/src/install/turtlebot3_msgs/lib:/home/marceli/tb3_ws/src/install/dynamixel_sdk/lib:${LD_LIBRARY_PATH} PYTHONPATH=/home/marceli/tb3_ws/src/build/turtlebot3_example:/home/marceli/tb3_ws/src/install/turtlebot3_example/lib/python3.10/site-packages:/home/marceli/tb3_ws/src/build/turtlebot3_teleop:/home/marceli/tb3_ws/src/install/turtlebot3_teleop/lib/python3.10/site-packages:/home/marceli/tb3_ws/src/install/turtlebot3_msgs/local/lib/python3.10/dist-packages:${PYTHONPATH} /usr/bin/cmake --build /home/marceli/tb3_ws/src/build/turtlebot3 -- -j4 -l4
[2.502s] Invoking command in '/home/marceli/tb3_ws/src/build/turtlebot3': AMENT_PREFIX_PATH=/home/marceli/tb3_ws/src/install/turtlebot3_bringup:/home/marceli/tb3_ws/src/install/turtlebot3_node:/home/marceli/tb3_ws/src/install/turtlebot3_example:/home/marceli/tb3_ws/src/install/turtlebot3_teleop:/home/marceli/tb3_ws/src/install/turtlebot3_navigation2:/home/marceli/tb3_ws/src/install/turtlebot3_msgs:/home/marceli/tb3_ws/src/install/turtlebot3_description:/home/marceli/tb3_ws/src/install/turtlebot3_cartographer:/home/marceli/tb3_ws/src/install/hls_lfcd_lds_driver:/home/marceli/tb3_ws/src/install/dynamixel_sdk:${AMENT_PREFIX_PATH} CMAKE_PREFIX_PATH=/home/marceli/tb3_ws/src/install/turtlebot3_bringup:/home/marceli/tb3_ws/src/install/turtlebot3_node:/home/marceli/tb3_ws/src/install/turtlebot3_navigation2:/home/marceli/tb3_ws/src/install/turtlebot3_msgs:/home/marceli/tb3_ws/src/install/turtlebot3_description:/home/marceli/tb3_ws/src/install/turtlebot3_cartographer:/home/marceli/tb3_ws/src/install/hls_lfcd_lds_driver:/home/marceli/tb3_ws/src/install/dynamixel_sdk:/opt/ros/humble LD_LIBRARY_PATH=/home/marceli/tb3_ws/src/install/turtlebot3_msgs/lib:/home/marceli/tb3_ws/src/install/dynamixel_sdk/lib:${LD_LIBRARY_PATH} PYTHONPATH=/home/marceli/tb3_ws/src/build/turtlebot3_example:/home/marceli/tb3_ws/src/install/turtlebot3_example/lib/python3.10/site-packages:/home/marceli/tb3_ws/src/build/turtlebot3_teleop:/home/marceli/tb3_ws/src/install/turtlebot3_teleop/lib/python3.10/site-packages:/home/marceli/tb3_ws/src/install/turtlebot3_msgs/local/lib/python3.10/dist-packages:${PYTHONPATH} /usr/bin/cmake --install /home/marceli/tb3_ws/src/build/turtlebot3
[2.524s] -- Install configuration: ""
[2.526s] -- Execute custom install script
[2.527s] -- Symlinking: /home/marceli/tb3_ws/src/install/turtlebot3/share/ament_index/resource_index/package_run_dependencies/turtlebot3
[2.555s] -- Symlinking: /home/marceli/tb3_ws/src/install/turtlebot3/share/ament_index/resource_index/parent_prefix_path/turtlebot3
[2.585s] -- Symlinking: /home/marceli/tb3_ws/src/install/turtlebot3/share/turtlebot3/environment/ament_prefix_path.sh
[2.614s] -- Symlinking: /home/marceli/tb3_ws/src/install/turtlebot3/share/turtlebot3/environment/ament_prefix_path.dsv
[2.647s] -- Symlinking: /home/marceli/tb3_ws/src/install/turtlebot3/share/turtlebot3/environment/path.sh
[2.670s] -- Symlinking: /home/marceli/tb3_ws/src/install/turtlebot3/share/turtlebot3/environment/path.dsv
[2.699s] -- Symlinking: /home/marceli/tb3_ws/src/install/turtlebot3/share/turtlebot3/local_setup.bash
[2.718s] -- Symlinking: /home/marceli/tb3_ws/src/install/turtlebot3/share/turtlebot3/local_setup.sh
[2.744s] -- Symlinking: /home/marceli/tb3_ws/src/install/turtlebot3/share/turtlebot3/local_setup.zsh
[2.765s] -- Symlinking: /home/marceli/tb3_ws/src/install/turtlebot3/share/turtlebot3/local_setup.dsv
[2.788s] -- Symlinking: /home/marceli/tb3_ws/src/install/turtlebot3/share/turtlebot3/package.dsv
[2.810s] -- Symlinking: /home/marceli/tb3_ws/src/install/turtlebot3/share/ament_index/resource_index/packages/turtlebot3
[2.829s] -- Symlinking: /home/marceli/tb3_ws/src/install/turtlebot3/share/turtlebot3/cmake/turtlebot3Config.cmake
[2.853s] -- Symlinking: /home/marceli/tb3_ws/src/install/turtlebot3/share/turtlebot3/cmake/turtlebot3Config-version.cmake
[2.875s] -- Symlinking: /home/marceli/tb3_ws/src/install/turtlebot3/share/turtlebot3/package.xml
[2.898s] [33mCMake Warning (dev) at ament_cmake_symlink_install/ament_cmake_symlink_install.cmake:62 (file):
[2.899s]   Policy CMP0009 is not set: FILE GLOB_RECURSE calls should not follow
[2.899s]   symlinks by default.  Run "cmake --help-policy CMP0009" for policy details.
[2.899s]   Use the cmake_policy command to set the policy and suppress this warning.
[2.899s] Call Stack (most recent call first):
[2.899s]   ament_cmake_symlink_install/ament_cmake_symlink_install.cmake:356 (ament_cmake_symlink_install_directory)
[2.899s]   cmake_install.cmake:46 (include)
[2.899s] This warning is for project developers.  Use -Wno-dev to suppress it.
[2.900s] [0m
[2.900s] -- Symlinking: /home/marceli/tb3_ws/src/install/turtlebot3/share/turtlebot3_gazebo/launch/build/.built_by
[2.918s] -- Symlinking: /home/marceli/tb3_ws/src/install/turtlebot3/share/turtlebot3_gazebo/launch/build/COLCON_IGNORE
[2.938s] -- Symlinking: /home/marceli/tb3_ws/src/install/turtlebot3/share/turtlebot3_gazebo/launch/empty_world.launch.py
[2.961s] -- Symlinking: /home/marceli/tb3_ws/src/install/turtlebot3/share/turtlebot3_gazebo/launch/install/.colcon_install_layout
[2.983s] -- Symlinking: /home/marceli/tb3_ws/src/install/turtlebot3/share/turtlebot3_gazebo/launch/install/COLCON_IGNORE
[3.004s] -- Symlinking: /home/marceli/tb3_ws/src/install/turtlebot3/share/turtlebot3_gazebo/launch/install/_local_setup_util_ps1.py
[3.029s] -- Symlinking: /home/marceli/tb3_ws/src/install/turtlebot3/share/turtlebot3_gazebo/launch/install/_local_setup_util_sh.py
[3.060s] -- Symlinking: /home/marceli/tb3_ws/src/install/turtlebot3/share/turtlebot3_gazebo/launch/install/local_setup.bash
[3.090s] -- Symlinking: /home/marceli/tb3_ws/src/install/turtlebot3/share/turtlebot3_gazebo/launch/install/local_setup.ps1
[3.115s] -- Symlinking: /home/marceli/tb3_ws/src/install/turtlebot3/share/turtlebot3_gazebo/launch/install/local_setup.sh
[3.147s] -- Symlinking: /home/marceli/tb3_ws/src/install/turtlebot3/share/turtlebot3_gazebo/launch/install/local_setup.zsh
[3.173s] -- Symlinking: /home/marceli/tb3_ws/src/install/turtlebot3/share/turtlebot3_gazebo/launch/install/setup.bash
[3.204s] -- Symlinking: /home/marceli/tb3_ws/src/install/turtlebot3/share/turtlebot3_gazebo/launch/install/setup.ps1
[3.225s] -- Symlinking: /home/marceli/tb3_ws/src/install/turtlebot3/share/turtlebot3_gazebo/launch/install/setup.sh
[3.250s] -- Symlinking: /home/marceli/tb3_ws/src/install/turtlebot3/share/turtlebot3_gazebo/launch/install/setup.zsh
[3.275s] -- Symlinking: /home/marceli/tb3_ws/src/install/turtlebot3/share/turtlebot3_gazebo/launch/log/COLCON_IGNORE
[3.306s] -- Symlinking: /home/marceli/tb3_ws/src/install/turtlebot3/share/turtlebot3_gazebo/launch/log/build_2023-07-11_16-40-51/events.log
[3.330s] -- Symlinking: /home/marceli/tb3_ws/src/install/turtlebot3/share/turtlebot3_gazebo/launch/log/build_2023-07-11_16-40-51/logger_all.log
[3.361s] -- Symlinking: /home/marceli/tb3_ws/src/install/turtlebot3/share/turtlebot3_gazebo/launch/log/latest/events.log
[3.385s] -- Symlinking: /home/marceli/tb3_ws/src/install/turtlebot3/share/turtlebot3_gazebo/launch/log/latest/logger_all.log
[3.405s] -- Symlinking: /home/marceli/tb3_ws/src/install/turtlebot3/share/turtlebot3_gazebo/launch/log/latest_build/events.log
[3.424s] -- Symlinking: /home/marceli/tb3_ws/src/install/turtlebot3/share/turtlebot3_gazebo/launch/log/latest_build/logger_all.log
[3.447s] -- Symlinking: /home/marceli/tb3_ws/src/install/turtlebot3/share/turtlebot3_gazebo/launch/my_world.launch.py
[3.469s] -- Symlinking: /home/marceli/tb3_ws/src/install/turtlebot3/share/turtlebot3_gazebo/launch/robot_state_publisher.launch.py
[3.488s] -- Symlinking: /home/marceli/tb3_ws/src/install/turtlebot3/share/turtlebot3_gazebo/launch/spawn_turtlebot3.launch.py
[3.509s] -- Symlinking: /home/marceli/tb3_ws/src/install/turtlebot3/share/turtlebot3_gazebo/launch/turtlebot3_dqn_stage1.launch.py
[3.530s] -- Symlinking: /home/marceli/tb3_ws/src/install/turtlebot3/share/turtlebot3_gazebo/launch/turtlebot3_dqn_stage2.launch.py
[3.558s] -- Symlinking: /home/marceli/tb3_ws/src/install/turtlebot3/share/turtlebot3_gazebo/launch/turtlebot3_dqn_stage3.launch.py
[3.588s] -- Symlinking: /home/marceli/tb3_ws/src/install/turtlebot3/share/turtlebot3_gazebo/launch/turtlebot3_dqn_stage4.launch.py
[3.606s] -- Symlinking: /home/marceli/tb3_ws/src/install/turtlebot3/share/turtlebot3_gazebo/launch/turtlebot3_house.launch.py
[3.636s] -- Symlinking: /home/marceli/tb3_ws/src/install/turtlebot3/share/turtlebot3_gazebo/launch/turtlebot3_world.launch.py
[3.674s] Invoked command in '/home/marceli/tb3_ws/src/build/turtlebot3' returned '0': AMENT_PREFIX_PATH=/home/marceli/tb3_ws/src/install/turtlebot3_bringup:/home/marceli/tb3_ws/src/install/turtlebot3_node:/home/marceli/tb3_ws/src/install/turtlebot3_example:/home/marceli/tb3_ws/src/install/turtlebot3_teleop:/home/marceli/tb3_ws/src/install/turtlebot3_navigation2:/home/marceli/tb3_ws/src/install/turtlebot3_msgs:/home/marceli/tb3_ws/src/install/turtlebot3_description:/home/marceli/tb3_ws/src/install/turtlebot3_cartographer:/home/marceli/tb3_ws/src/install/hls_lfcd_lds_driver:/home/marceli/tb3_ws/src/install/dynamixel_sdk:${AMENT_PREFIX_PATH} CMAKE_PREFIX_PATH=/home/marceli/tb3_ws/src/install/turtlebot3_bringup:/home/marceli/tb3_ws/src/install/turtlebot3_node:/home/marceli/tb3_ws/src/install/turtlebot3_navigation2:/home/marceli/tb3_ws/src/install/turtlebot3_msgs:/home/marceli/tb3_ws/src/install/turtlebot3_description:/home/marceli/tb3_ws/src/install/turtlebot3_cartographer:/home/marceli/tb3_ws/src/install/hls_lfcd_lds_driver:/home/marceli/tb3_ws/src/install/dynamixel_sdk:/opt/ros/humble LD_LIBRARY_PATH=/home/marceli/tb3_ws/src/install/turtlebot3_msgs/lib:/home/marceli/tb3_ws/src/install/dynamixel_sdk/lib:${LD_LIBRARY_PATH} PYTHONPATH=/home/marceli/tb3_ws/src/build/turtlebot3_example:/home/marceli/tb3_ws/src/install/turtlebot3_example/lib/python3.10/site-packages:/home/marceli/tb3_ws/src/build/turtlebot3_teleop:/home/marceli/tb3_ws/src/install/turtlebot3_teleop/lib/python3.10/site-packages:/home/marceli/tb3_ws/src/install/turtlebot3_msgs/local/lib/python3.10/dist-packages:${PYTHONPATH} /usr/bin/cmake --install /home/marceli/tb3_ws/src/build/turtlebot3
