[1.852s] Invoking command in '/home/marceli/tb3_ws/src/build/turtlebot3_teleop': PYTHONPATH=/home/marceli/tb3_ws/src/build/turtlebot3_teleop/prefix_override:/home/marceli/tb3_ws/src/install/turtlebot3_teleop/lib/python3.10/site-packages:${PYTHONPATH} /usr/bin/python3 setup.py develop --editable --build-directory /home/marceli/tb3_ws/src/build/turtlebot3_teleop/build --no-deps install_data
[2.588s] /usr/lib/python3/dist-packages/setuptools/command/easy_install.py:158: EasyInstallDeprecationWarning: easy_install command is deprecated. Use build and pip and other standards-based tools.
[2.588s]   warnings.warn(
[2.589s] /usr/lib/python3/dist-packages/setuptools/command/install.py:34: SetuptoolsDeprecationWarning: setup.py install is deprecated. Use build and pip and other standards-based tools.
[2.589s]   warnings.warn(
[2.589s] running develop
[2.799s] /usr/lib/python3/dist-packages/pkg_resources/__init__.py:116: PkgResourcesDeprecationWarning: 1.16.0-unknown is an invalid version and will not be supported in a future release
[2.799s]   warnings.warn(
[2.799s] /usr/lib/python3/dist-packages/pkg_resources/__init__.py:116: PkgResourcesDeprecationWarning: 0.1.43ubuntu1 is an invalid version and will not be supported in a future release
[2.800s]   warnings.warn(
[2.800s] /usr/lib/python3/dist-packages/pkg_resources/__init__.py:116: PkgResourcesDeprecationWarning: 1.1build1 is an invalid version and will not be supported in a future release
[2.800s]   warnings.warn(
[3.050s] running egg_info
[3.051s] writing turtlebot3_teleop.egg-info/PKG-INFO
[3.052s] writing dependency_links to turtlebot3_teleop.egg-info/dependency_links.txt
[3.060s] writing entry points to turtlebot3_teleop.egg-info/entry_points.txt
[3.061s] writing requirements to turtlebot3_teleop.egg-info/requires.txt
[3.061s] writing top-level names to turtlebot3_teleop.egg-info/top_level.txt
[3.062s] reading manifest file 'turtlebot3_teleop.egg-info/SOURCES.txt'
[3.062s] writing manifest file 'turtlebot3_teleop.egg-info/SOURCES.txt'
[3.064s] running build_ext
[3.065s] Creating /home/marceli/tb3_ws/src/install/turtlebot3_teleop/lib/python3.10/site-packages/turtlebot3-teleop.egg-link (link to .)
[3.070s] Installing teleop_keyboard script to /home/marceli/tb3_ws/src/install/turtlebot3_teleop/lib/turtlebot3_teleop
[3.070s] 
[3.070s] Installed /home/marceli/tb3_ws/src/build/turtlebot3_teleop
[3.071s] running install_data
[3.166s] Invoked command in '/home/marceli/tb3_ws/src/build/turtlebot3_teleop' returned '0': PYTHONPATH=/home/marceli/tb3_ws/src/build/turtlebot3_teleop/prefix_override:/home/marceli/tb3_ws/src/install/turtlebot3_teleop/lib/python3.10/site-packages:${PYTHONPATH} /usr/bin/python3 setup.py develop --editable --build-directory /home/marceli/tb3_ws/src/build/turtlebot3_teleop/build --no-deps install_data
