[0.068s] Invoking command in '/home/marceli/tb3_ws/src/build/turtlebot3_bringup': AMENT_PREFIX_PATH=/home/marceli/tb3_ws/src/install/turtlebot3_node:/home/marceli/tb3_ws/src/install/turtlebot3_msgs:/home/marceli/tb3_ws/src/install/turtlebot3_description:/home/marceli/tb3_ws/src/install/hls_lfcd_lds_driver:/home/marceli/tb3_ws/src/install/dynamixel_sdk:${AMENT_PREFIX_PATH} CMAKE_PREFIX_PATH=/home/marceli/tb3_ws/src/install/turtlebot3_node:/home/marceli/tb3_ws/src/install/turtlebot3_msgs:/home/marceli/tb3_ws/src/install/turtlebot3_description:/home/marceli/tb3_ws/src/install/hls_lfcd_lds_driver:/home/marceli/tb3_ws/src/install/dynamixel_sdk:/opt/ros/humble LD_LIBRARY_PATH=/home/marceli/tb3_ws/src/install/turtlebot3_msgs/lib:/home/marceli/tb3_ws/src/install/dynamixel_sdk/lib:${LD_LIBRARY_PATH} PYTHONPATH=/home/marceli/tb3_ws/src/install/turtlebot3_msgs/local/lib/python3.10/dist-packages:${PYTHONPATH} /usr/bin/cmake /home/marceli/tb3_ws/src/turtlebot3/turtlebot3/turtlebot3_bringup -DAMENT_CMAKE_SYMLINK_INSTALL=1 -DCMAKE_INSTALL_PREFIX=/home/marceli/tb3_ws/src/install/turtlebot3_bringup
[0.285s] -- The C compiler identification is GNU 11.3.0
[0.523s] -- The CXX compiler identification is GNU 11.3.0
[0.550s] -- Detecting C compiler ABI info
[0.771s] -- Detecting C compiler ABI info - done
[0.792s] -- Check for working C compiler: /usr/bin/cc - skipped
[0.793s] -- Detecting C compile features
[0.794s] -- Detecting C compile features - done
[0.802s] -- Detecting CXX compiler ABI info
[1.102s] -- Detecting CXX compiler ABI info - done
[1.146s] -- Check for working CXX compiler: /usr/bin/c++ - skipped
[1.147s] -- Detecting CXX compile features
[1.148s] -- Detecting CXX compile features - done
[1.159s] -- Found ament_cmake: 1.3.5 (/opt/ros/humble/share/ament_cmake/cmake)
[1.753s] -- Found Python3: /usr/bin/python3.10 (found version "3.10.6") found components: Interpreter 
[1.984s] -- Override CMake install command with custom implementation using symlinks instead of copying resources
[2.461s] -- Configuring done
[2.471s] -- Generating done
[2.476s] -- Build files have been written to: /home/marceli/tb3_ws/src/build/turtlebot3_bringup
[2.492s] Invoked command in '/home/marceli/tb3_ws/src/build/turtlebot3_bringup' returned '0': AMENT_PREFIX_PATH=/home/marceli/tb3_ws/src/install/turtlebot3_node:/home/marceli/tb3_ws/src/install/turtlebot3_msgs:/home/marceli/tb3_ws/src/install/turtlebot3_description:/home/marceli/tb3_ws/src/install/hls_lfcd_lds_driver:/home/marceli/tb3_ws/src/install/dynamixel_sdk:${AMENT_PREFIX_PATH} CMAKE_PREFIX_PATH=/home/marceli/tb3_ws/src/install/turtlebot3_node:/home/marceli/tb3_ws/src/install/turtlebot3_msgs:/home/marceli/tb3_ws/src/install/turtlebot3_description:/home/marceli/tb3_ws/src/install/hls_lfcd_lds_driver:/home/marceli/tb3_ws/src/install/dynamixel_sdk:/opt/ros/humble LD_LIBRARY_PATH=/home/marceli/tb3_ws/src/install/turtlebot3_msgs/lib:/home/marceli/tb3_ws/src/install/dynamixel_sdk/lib:${LD_LIBRARY_PATH} PYTHONPATH=/home/marceli/tb3_ws/src/install/turtlebot3_msgs/local/lib/python3.10/dist-packages:${PYTHONPATH} /usr/bin/cmake /home/marceli/tb3_ws/src/turtlebot3/turtlebot3/turtlebot3_bringup -DAMENT_CMAKE_SYMLINK_INSTALL=1 -DCMAKE_INSTALL_PREFIX=/home/marceli/tb3_ws/src/install/turtlebot3_bringup
[2.499s] Invoking command in '/home/marceli/tb3_ws/src/build/turtlebot3_bringup': AMENT_PREFIX_PATH=/home/marceli/tb3_ws/src/install/turtlebot3_node:/home/marceli/tb3_ws/src/install/turtlebot3_msgs:/home/marceli/tb3_ws/src/install/turtlebot3_description:/home/marceli/tb3_ws/src/install/hls_lfcd_lds_driver:/home/marceli/tb3_ws/src/install/dynamixel_sdk:${AMENT_PREFIX_PATH} CMAKE_PREFIX_PATH=/home/marceli/tb3_ws/src/install/turtlebot3_node:/home/marceli/tb3_ws/src/install/turtlebot3_msgs:/home/marceli/tb3_ws/src/install/turtlebot3_description:/home/marceli/tb3_ws/src/install/hls_lfcd_lds_driver:/home/marceli/tb3_ws/src/install/dynamixel_sdk:/opt/ros/humble LD_LIBRARY_PATH=/home/marceli/tb3_ws/src/install/turtlebot3_msgs/lib:/home/marceli/tb3_ws/src/install/dynamixel_sdk/lib:${LD_LIBRARY_PATH} PYTHONPATH=/home/marceli/tb3_ws/src/install/turtlebot3_msgs/local/lib/python3.10/dist-packages:${PYTHONPATH} /usr/bin/cmake --build /home/marceli/tb3_ws/src/build/turtlebot3_bringup -- -j4 -l4
[2.634s] Invoked command in '/home/marceli/tb3_ws/src/build/turtlebot3_bringup' returned '0': AMENT_PREFIX_PATH=/home/marceli/tb3_ws/src/install/turtlebot3_node:/home/marceli/tb3_ws/src/install/turtlebot3_msgs:/home/marceli/tb3_ws/src/install/turtlebot3_description:/home/marceli/tb3_ws/src/install/hls_lfcd_lds_driver:/home/marceli/tb3_ws/src/install/dynamixel_sdk:${AMENT_PREFIX_PATH} CMAKE_PREFIX_PATH=/home/marceli/tb3_ws/src/install/turtlebot3_node:/home/marceli/tb3_ws/src/install/turtlebot3_msgs:/home/marceli/tb3_ws/src/install/turtlebot3_description:/home/marceli/tb3_ws/src/install/hls_lfcd_lds_driver:/home/marceli/tb3_ws/src/install/dynamixel_sdk:/opt/ros/humble LD_LIBRARY_PATH=/home/marceli/tb3_ws/src/install/turtlebot3_msgs/lib:/home/marceli/tb3_ws/src/install/dynamixel_sdk/lib:${LD_LIBRARY_PATH} PYTHONPATH=/home/marceli/tb3_ws/src/install/turtlebot3_msgs/local/lib/python3.10/dist-packages:${PYTHONPATH} /usr/bin/cmake --build /home/marceli/tb3_ws/src/build/turtlebot3_bringup -- -j4 -l4
[2.717s] Invoking command in '/home/marceli/tb3_ws/src/build/turtlebot3_bringup': AMENT_PREFIX_PATH=/home/marceli/tb3_ws/src/install/turtlebot3_node:/home/marceli/tb3_ws/src/install/turtlebot3_msgs:/home/marceli/tb3_ws/src/install/turtlebot3_description:/home/marceli/tb3_ws/src/install/hls_lfcd_lds_driver:/home/marceli/tb3_ws/src/install/dynamixel_sdk:${AMENT_PREFIX_PATH} CMAKE_PREFIX_PATH=/home/marceli/tb3_ws/src/install/turtlebot3_node:/home/marceli/tb3_ws/src/install/turtlebot3_msgs:/home/marceli/tb3_ws/src/install/turtlebot3_description:/home/marceli/tb3_ws/src/install/hls_lfcd_lds_driver:/home/marceli/tb3_ws/src/install/dynamixel_sdk:/opt/ros/humble LD_LIBRARY_PATH=/home/marceli/tb3_ws/src/install/turtlebot3_msgs/lib:/home/marceli/tb3_ws/src/install/dynamixel_sdk/lib:${LD_LIBRARY_PATH} PYTHONPATH=/home/marceli/tb3_ws/src/install/turtlebot3_msgs/local/lib/python3.10/dist-packages:${PYTHONPATH} /usr/bin/cmake --install /home/marceli/tb3_ws/src/build/turtlebot3_bringup
[2.745s] -- Install configuration: ""
[2.747s] -- Execute custom install script
[2.756s] -- Symlinking: /home/marceli/tb3_ws/src/install/turtlebot3_bringup/share/turtlebot3_bringup/launch/robot.launch.py
[2.784s] -- Symlinking: /home/marceli/tb3_ws/src/install/turtlebot3_bringup/share/turtlebot3_bringup/launch/rviz2.launch.py
[2.807s] -- Symlinking: /home/marceli/tb3_ws/src/install/turtlebot3_bringup/share/turtlebot3_bringup/launch/turtlebot3_state_publisher.launch.py
[2.844s] -- Symlinking: /home/marceli/tb3_ws/src/install/turtlebot3_bringup/share/turtlebot3_bringup/param/burger.yaml
[2.873s] -- Symlinking: /home/marceli/tb3_ws/src/install/turtlebot3_bringup/share/turtlebot3_bringup/param/waffle.yaml
[2.896s] -- Symlinking: /home/marceli/tb3_ws/src/install/turtlebot3_bringup/share/turtlebot3_bringup/param/waffle_pi.yaml
[2.926s] -- Symlinking: /home/marceli/tb3_ws/src/install/turtlebot3_bringup/share/turtlebot3_bringup/script/99-turtlebot3-cdc.rules
[2.950s] -- Symlinking: /home/marceli/tb3_ws/src/install/turtlebot3_bringup/share/turtlebot3_bringup/script/create_udev_rules
[2.977s] -- Symlinking: /home/marceli/tb3_ws/src/install/turtlebot3_bringup/share/ament_index/resource_index/package_run_dependencies/turtlebot3_bringup
[2.997s] -- Symlinking: /home/marceli/tb3_ws/src/install/turtlebot3_bringup/share/ament_index/resource_index/parent_prefix_path/turtlebot3_bringup
[3.020s] -- Symlinking: /home/marceli/tb3_ws/src/install/turtlebot3_bringup/share/turtlebot3_bringup/environment/ament_prefix_path.sh
[3.052s] -- Symlinking: /home/marceli/tb3_ws/src/install/turtlebot3_bringup/share/turtlebot3_bringup/environment/ament_prefix_path.dsv
[3.074s] -- Symlinking: /home/marceli/tb3_ws/src/install/turtlebot3_bringup/share/turtlebot3_bringup/environment/path.sh
[3.099s] -- Symlinking: /home/marceli/tb3_ws/src/install/turtlebot3_bringup/share/turtlebot3_bringup/environment/path.dsv
[3.121s] -- Symlinking: /home/marceli/tb3_ws/src/install/turtlebot3_bringup/share/turtlebot3_bringup/local_setup.bash
[3.161s] -- Symlinking: /home/marceli/tb3_ws/src/install/turtlebot3_bringup/share/turtlebot3_bringup/local_setup.sh
[3.193s] -- Symlinking: /home/marceli/tb3_ws/src/install/turtlebot3_bringup/share/turtlebot3_bringup/local_setup.zsh
[3.214s] -- Symlinking: /home/marceli/tb3_ws/src/install/turtlebot3_bringup/share/turtlebot3_bringup/local_setup.dsv
[3.238s] -- Symlinking: /home/marceli/tb3_ws/src/install/turtlebot3_bringup/share/turtlebot3_bringup/package.dsv
[3.270s] -- Symlinking: /home/marceli/tb3_ws/src/install/turtlebot3_bringup/share/ament_index/resource_index/packages/turtlebot3_bringup
[3.308s] -- Symlinking: /home/marceli/tb3_ws/src/install/turtlebot3_bringup/share/turtlebot3_bringup/cmake/turtlebot3_bringupConfig.cmake
[3.343s] -- Symlinking: /home/marceli/tb3_ws/src/install/turtlebot3_bringup/share/turtlebot3_bringup/cmake/turtlebot3_bringupConfig-version.cmake
[3.370s] -- Symlinking: /home/marceli/tb3_ws/src/install/turtlebot3_bringup/share/turtlebot3_bringup/package.xml
[3.408s] Invoked command in '/home/marceli/tb3_ws/src/build/turtlebot3_bringup' returned '0': AMENT_PREFIX_PATH=/home/marceli/tb3_ws/src/install/turtlebot3_node:/home/marceli/tb3_ws/src/install/turtlebot3_msgs:/home/marceli/tb3_ws/src/install/turtlebot3_description:/home/marceli/tb3_ws/src/install/hls_lfcd_lds_driver:/home/marceli/tb3_ws/src/install/dynamixel_sdk:${AMENT_PREFIX_PATH} CMAKE_PREFIX_PATH=/home/marceli/tb3_ws/src/install/turtlebot3_node:/home/marceli/tb3_ws/src/install/turtlebot3_msgs:/home/marceli/tb3_ws/src/install/turtlebot3_description:/home/marceli/tb3_ws/src/install/hls_lfcd_lds_driver:/home/marceli/tb3_ws/src/install/dynamixel_sdk:/opt/ros/humble LD_LIBRARY_PATH=/home/marceli/tb3_ws/src/install/turtlebot3_msgs/lib:/home/marceli/tb3_ws/src/install/dynamixel_sdk/lib:${LD_LIBRARY_PATH} PYTHONPATH=/home/marceli/tb3_ws/src/install/turtlebot3_msgs/local/lib/python3.10/dist-packages:${PYTHONPATH} /usr/bin/cmake --install /home/marceli/tb3_ws/src/build/turtlebot3_bringup
